2017-07-27 13:44:06 INFO  Applicazione:27 - Registrazione e autenticazione cliente1: 
2017-07-27 13:44:08 INFO  Applicazione:28 - Registrazione riuscita
2017-07-27 13:44:08 INFO  Applicazione:29 - Login riuscito
2017-07-27 13:44:08 INFO  Applicazione:31 - Registrazione e autenticazione cliente2: 
2017-07-27 13:44:08 INFO  Applicazione:32 - Registrazione riuscita
2017-07-27 13:44:08 INFO  Applicazione:33 - Login riuscito
2017-07-27 13:44:08 INFO  Applicazione:37 - Elenco dei nickname appartenenti ai clienti registrati:
2017-07-27 13:44:08 INFO  Applicazione:38 - [lore, vigna]
2017-07-27 13:44:08 INFO  Applicazione:40 - Profilo di cliente1: 
2017-07-27 13:44:08 INFO  Applicazione:41 - [Marco, Vignini, pass1]
2017-07-27 13:44:08 INFO  Applicazione:43 - Profilo di cliente2: 
2017-07-27 13:44:08 INFO  Applicazione:44 - [Lorenzo, Marino, pass2]
2017-07-27 13:44:08 INFO  Applicazione:46 - Creazione lista prodotti di cliente1:
2017-07-27 13:44:08 INFO  Applicazione:50 - Lista creata con successo
2017-07-27 13:44:08 INFO  Applicazione:51 - Elenco acquisti di cliente1:
2017-07-27 13:44:08 INFO  Applicazione:52 - [Maglietta, Pallone da Basket]
2017-07-27 13:44:08 INFO  Applicazione:54 - Creazione lista prodotti di cliente2:
2017-07-27 13:44:08 INFO  Applicazione:58 - Lista creata con successo
2017-07-27 13:44:08 INFO  Applicazione:59 - Elenco acquisti di cliente2:
2017-07-27 13:44:08 INFO  Applicazione:60 - [Felpa nike, Maglietta basket]
2017-07-27 13:49:17 INFO  Applicazione:27 - Registrazione e autenticazione cliente1: 
2017-07-27 13:49:18 INFO  Applicazione:28 - Registrazione riuscita
2017-07-27 13:49:18 INFO  Applicazione:29 - Login riuscito
2017-07-27 13:49:18 INFO  Applicazione:31 - Registrazione e autenticazione cliente2: 
2017-07-27 13:49:18 INFO  Applicazione:32 - Registrazione riuscita
2017-07-27 13:49:18 INFO  Applicazione:33 - Login riuscito
2017-07-27 13:49:18 INFO  Applicazione:37 - Elenco dei nickname appartenenti ai clienti registrati:
2017-07-27 13:49:18 INFO  Applicazione:38 - [lore, vigna]
2017-07-27 13:49:18 INFO  Applicazione:40 - Profilo di cliente1: 
2017-07-27 13:49:18 INFO  Applicazione:41 - [Marco, Vignini, pass1]
2017-07-27 13:49:18 INFO  Applicazione:43 - Profilo di cliente2: 
2017-07-27 13:49:18 INFO  Applicazione:44 - [Lorenzo, Marino, pass2]
2017-07-27 13:49:18 INFO  Applicazione:46 - Creazione lista prodotti di cliente1:
2017-07-27 13:49:18 INFO  Applicazione:50 - Lista creata con successo
2017-07-27 13:49:18 INFO  Applicazione:51 - Elenco acquisti di cliente1:
2017-07-27 13:49:18 INFO  Applicazione:52 - [Maglietta, Pallone da Basket]
2017-07-27 13:49:18 INFO  Applicazione:54 - Creazione lista prodotti di cliente2:
2017-07-27 13:49:18 INFO  Applicazione:58 - Lista creata con successo
2017-07-27 13:49:18 INFO  Applicazione:59 - Elenco acquisti di cliente2:
2017-07-27 13:49:18 INFO  Applicazione:60 - [Felpa nike, Maglietta basket]
2017-07-27 14:42:21 INFO  Applicazione:27 - Registrazione e autenticazione cliente1: 
2017-07-27 14:42:22 INFO  Applicazione:28 - Registrazione riuscita
2017-07-27 14:42:22 INFO  Applicazione:29 - Login riuscito
2017-07-27 14:42:22 INFO  Applicazione:31 - Registrazione e autenticazione cliente2: 
2017-07-27 14:42:22 INFO  Applicazione:32 - Registrazione riuscita
2017-07-27 14:42:22 INFO  Applicazione:33 - Login riuscito
2017-07-27 14:42:22 INFO  Applicazione:37 - Elenco dei nickname appartenenti ai clienti registrati:
2017-07-27 14:42:22 INFO  Applicazione:38 - [lore, vigna]
2017-07-27 14:42:22 INFO  Applicazione:40 - Profilo di cliente1: 
2017-07-27 14:42:22 INFO  Applicazione:41 - [Marco, Vignini, pass1]
2017-07-27 14:42:22 INFO  Applicazione:43 - Profilo di cliente2: 
2017-07-27 14:42:22 INFO  Applicazione:44 - [Lorenzo, Marino, pass2]
2017-07-27 14:42:22 INFO  Applicazione:46 - Creazione lista prodotti di cliente1:
2017-07-27 14:42:22 INFO  Applicazione:50 - Lista creata con successo
2017-07-27 14:42:22 INFO  Applicazione:51 - Elenco acquisti di cliente1:
2017-07-27 14:42:22 INFO  Applicazione:52 - [Maglietta, Pallone da Basket]
2017-07-27 14:42:22 INFO  Applicazione:54 - Creazione lista prodotti di cliente2:
2017-07-27 14:42:22 INFO  Applicazione:58 - Lista creata con successo
2017-07-27 14:42:22 INFO  Applicazione:59 - Elenco acquisti di cliente2:
2017-07-27 14:42:22 INFO  Applicazione:60 - [Felpa nike, Maglietta basket]
2017-07-27 14:45:24 INFO  Applicazione:27 - Registrazione e autenticazione cliente1: 
2017-07-27 14:45:25 INFO  Applicazione:28 - Registrazione riuscita
2017-07-27 14:45:25 INFO  Applicazione:29 - Login riuscito
2017-07-27 14:45:25 INFO  Applicazione:31 - Registrazione e autenticazione cliente2: 
2017-07-27 14:45:25 INFO  Applicazione:32 - Registrazione riuscita
2017-07-27 14:45:25 INFO  Applicazione:33 - Login riuscito
2017-07-27 14:45:25 INFO  Applicazione:37 - Elenco dei nickname appartenenti ai clienti registrati:
2017-07-27 14:45:25 INFO  Applicazione:38 - [lore, vigna]
2017-07-27 14:45:25 INFO  Applicazione:40 - Profilo di cliente1: 
2017-07-27 14:45:25 INFO  Applicazione:41 - [Marco, Vignini, pass1]
2017-07-27 14:45:25 INFO  Applicazione:43 - Profilo di cliente2: 
2017-07-27 14:45:25 INFO  Applicazione:44 - [Lorenzo, Marino, pass2]
2017-07-27 14:45:25 INFO  Applicazione:46 - Creazione lista prodotti di cliente1:
2017-07-27 14:45:25 INFO  Applicazione:50 - Lista creata con successo
2017-07-27 14:45:25 INFO  Applicazione:51 - Elenco acquisti di cliente1:
2017-07-27 14:45:25 INFO  Applicazione:52 - [Maglietta, Pallone da Basket]
2017-07-27 14:45:25 INFO  Applicazione:54 - Creazione lista prodotti di cliente2:
2017-07-27 14:45:25 INFO  Applicazione:58 - Lista creata con successo
2017-07-27 14:45:25 INFO  Applicazione:59 - Elenco acquisti di cliente2:
2017-07-27 14:45:25 INFO  Applicazione:60 - [Felpa nike, Maglietta basket]
2017-07-27 14:51:59 INFO  Applicazione:27 - Registrazione e autenticazione cliente1: 
2017-07-27 14:52:00 INFO  Applicazione:28 - Registrazione riuscita
2017-07-27 14:52:00 INFO  Applicazione:29 - Login riuscito
2017-07-27 14:52:00 INFO  Applicazione:31 - Registrazione e autenticazione cliente2: 
2017-07-27 14:52:00 INFO  Applicazione:32 - Registrazione riuscita
2017-07-27 14:52:00 INFO  Applicazione:33 - Login riuscito
2017-07-27 14:52:00 INFO  Applicazione:37 - Elenco dei nickname appartenenti ai clienti registrati:
2017-07-27 14:52:00 INFO  Applicazione:38 - [lore, vigna]
2017-07-27 14:52:00 INFO  Applicazione:40 - Profilo di cliente1: 
2017-07-27 14:52:00 INFO  Applicazione:41 - [Marco, Vignini, pass1]
2017-07-27 14:52:00 INFO  Applicazione:43 - Profilo di cliente2: 
2017-07-27 14:52:00 INFO  Applicazione:44 - [Lorenzo, Marino, pass2]
2017-07-27 14:52:00 INFO  Applicazione:46 - Creazione lista prodotti di cliente1:
2017-07-27 14:52:00 INFO  Applicazione:50 - Lista creata con successo
2017-07-27 14:52:00 INFO  Applicazione:51 - Elenco acquisti di cliente1:
2017-07-27 14:52:00 INFO  Applicazione:52 - [Maglietta, Pallone da Basket]
2017-07-27 14:52:00 INFO  Applicazione:54 - Creazione lista prodotti di cliente2:
2017-07-27 14:52:00 INFO  Applicazione:58 - Lista creata con successo
2017-07-27 14:52:00 INFO  Applicazione:59 - Elenco acquisti di cliente2:
2017-07-27 14:52:00 INFO  Applicazione:60 - [Felpa nike, Maglietta basket]
2017-07-27 14:57:47 INFO  Applicazione:27 - Registrazione e autenticazione cliente1: 
2017-07-27 14:57:48 INFO  Applicazione:28 - Registrazione riuscita
2017-07-27 14:57:48 INFO  Applicazione:29 - Login riuscito
2017-07-27 14:57:48 INFO  Applicazione:31 - Registrazione e autenticazione cliente2: 
2017-07-27 14:57:48 INFO  Applicazione:32 - Registrazione riuscita
2017-07-27 14:57:48 INFO  Applicazione:33 - Login riuscito
2017-07-27 14:57:48 INFO  Applicazione:37 - Elenco dei nickname appartenenti ai clienti registrati:
2017-07-27 14:57:48 INFO  Applicazione:38 - [lore, vigna]
2017-07-27 14:57:48 INFO  Applicazione:40 - Profilo di cliente1: 
2017-07-27 14:57:48 INFO  Applicazione:41 - [Marco, Vignini, pass1]
2017-07-27 14:57:48 INFO  Applicazione:43 - Profilo di cliente2: 
2017-07-27 14:57:48 INFO  Applicazione:44 - [Lorenzo, Marino, pass2]
2017-07-27 14:57:48 INFO  Applicazione:46 - Creazione lista prodotti di cliente1:
2017-07-27 14:57:48 INFO  Applicazione:50 - Lista creata con successo
2017-07-27 14:57:48 INFO  Applicazione:51 - Elenco acquisti di cliente1:
2017-07-27 14:57:48 INFO  Applicazione:52 - [Maglietta, Pallone da Basket]
2017-07-27 14:57:48 INFO  Applicazione:54 - Creazione lista prodotti di cliente2:
2017-07-27 14:57:48 INFO  Applicazione:58 - Lista creata con successo
2017-07-27 14:57:48 INFO  Applicazione:59 - Elenco acquisti di cliente2:
2017-07-27 14:57:48 INFO  Applicazione:60 - [Felpa nike, Maglietta basket]
2017-07-27 15:18:44 INFO  Applicazione:27 - Registrazione e autenticazione cliente1:
2017-07-27 15:18:45 INFO  Applicazione:28 - Registrazione riuscita
2017-07-27 15:18:45 INFO  Applicazione:29 - Login riuscito
2017-07-27 15:18:45 INFO  Applicazione:31 - Registrazione e autenticazione cliente2:
2017-07-27 15:18:45 INFO  Applicazione:32 - Registrazione riuscita
2017-07-27 15:18:45 INFO  Applicazione:33 - Login riuscito
2017-07-27 15:18:45 INFO  Applicazione:37 - Elenco dei nickname appartenenti ai clienti registrati:
2017-07-27 15:18:45 INFO  Applicazione:38 - [lore, vigna]
2017-07-27 15:18:45 INFO  Applicazione:40 - Profilo di cliente1: 
2017-07-27 15:18:45 INFO  Applicazione:41 - [Marco, Vignini, pass1]
2017-07-27 15:18:45 INFO  Applicazione:43 - Profilo di cliente2: 
2017-07-27 15:18:45 INFO  Applicazione:44 - [Lorenzo, Marino, pass2]
2017-07-27 15:18:45 INFO  Applicazione:46 - Creazione lista prodotti di cliente1:
2017-07-27 15:18:45 INFO  Applicazione:50 - Lista creata con successo
2017-07-27 15:18:45 INFO  Applicazione:51 - Elenco acquisti di cliente1:
2017-07-27 15:18:45 INFO  Applicazione:52 - [Maglietta, Pallone da Basket]
2017-07-27 15:18:45 INFO  Applicazione:54 - Creazione lista prodotti di cliente2:
2017-07-27 15:18:45 INFO  Applicazione:58 - Lista creata con successo
2017-07-27 15:18:45 INFO  Applicazione:59 - Elenco acquisti di cliente2:
2017-07-27 15:18:45 INFO  Applicazione:60 - [Felpa nike, Maglietta basket]
2017-07-27 15:20:31 INFO  Applicazione:27 - Registrazione e autenticazione cliente1:
2017-07-27 15:20:32 INFO  Applicazione:28 - Registrazione riuscita
2017-07-27 15:20:32 INFO  Applicazione:29 - Login riuscito
2017-07-27 15:20:32 INFO  Applicazione:31 - Registrazione e autenticazione cliente2:
2017-07-27 15:20:32 INFO  Applicazione:32 - Registrazione riuscita
2017-07-27 15:20:32 INFO  Applicazione:33 - Login riuscito
2017-07-27 15:20:32 INFO  Applicazione:37 - Elenco dei nickname appartenenti ai clienti registrati:
2017-07-27 15:20:32 INFO  Applicazione:38 - [lore, vigna]
2017-07-27 15:20:32 INFO  Applicazione:40 - Profilo di cliente1: 
2017-07-27 15:20:32 INFO  Applicazione:41 - [Marco, Vignini, pass1]
2017-07-27 15:20:32 INFO  Applicazione:43 - Profilo di cliente2: 
2017-07-27 15:20:32 INFO  Applicazione:44 - [Lorenzo, Marino, pass2]
2017-07-27 15:20:32 INFO  Applicazione:46 - Creazione lista prodotti di cliente1:
2017-07-27 15:20:32 INFO  Applicazione:50 - Lista creata con successo
2017-07-27 15:20:32 INFO  Applicazione:51 - Elenco acquisti di cliente1:
2017-07-27 15:20:32 INFO  Applicazione:52 - [Maglietta, Pallone da Basket]
2017-07-27 15:20:32 INFO  Applicazione:54 - Creazione lista prodotti di cliente2:
2017-07-27 15:20:32 INFO  Applicazione:58 - Lista creata con successo
2017-07-27 15:20:32 INFO  Applicazione:59 - Elenco acquisti di cliente2:
2017-07-27 15:20:32 INFO  Applicazione:60 - [Felpa nike, Maglietta basket]
2017-07-27 15:36:38 INFO  Applicazione:27 - Registrazione e autenticazione cliente1:
2017-07-27 15:36:39 INFO  Applicazione:28 - Registrazione riuscita
2017-07-27 15:36:39 INFO  Applicazione:29 - Login riuscito
2017-07-27 15:36:39 INFO  Applicazione:31 - Registrazione e autenticazione cliente2:
2017-07-27 15:36:39 INFO  Applicazione:32 - Registrazione riuscita
2017-07-27 15:36:39 INFO  Applicazione:33 - Login riuscito
2017-07-27 15:36:39 INFO  Applicazione:37 - Elenco dei nickname appartenenti ai clienti registrati:
2017-07-27 15:36:39 INFO  Applicazione:38 - [lore, vigna]
2017-07-27 15:36:39 INFO  Applicazione:40 - Profilo di cliente1: 
2017-07-27 15:36:39 INFO  Applicazione:41 - [Marco, Vignini, pass1]
2017-07-27 15:36:39 INFO  Applicazione:43 - Profilo di cliente2: 
2017-07-27 15:36:39 INFO  Applicazione:44 - [Lorenzo, Marino, pass2]
2017-07-27 15:36:39 INFO  Applicazione:46 - Creazione lista prodotti di cliente1:
2017-07-27 15:36:39 INFO  Applicazione:50 - Lista creata con successo
2017-07-27 15:36:39 INFO  Applicazione:51 - Elenco acquisti di cliente1:
2017-07-27 15:36:39 INFO  Applicazione:52 - [Maglietta, Pallone da Basket]
2017-07-27 15:36:39 INFO  Applicazione:54 - Creazione lista prodotti di cliente2:
2017-07-27 15:36:39 INFO  Applicazione:58 - Lista creata con successo
2017-07-27 15:36:39 INFO  Applicazione:59 - Elenco acquisti di cliente2:
2017-07-27 15:36:39 INFO  Applicazione:60 - [Felpa nike, Maglietta basket]
