#
# A fatal error has been detected by the Java Runtime Environment:
#
#  SIGSEGV (0xb) at pc=0x00007f6da4af5ca5, pid=464, tid=0x00007f6d8ce79700
#
# JRE version: Java(TM) SE Runtime Environment (8.0_131-b11) (build 1.8.0_131-b11)
# Java VM: Java HotSpot(TM) 64-Bit Server VM (25.131-b11 mixed mode linux-amd64 compressed oops)
# Problematic frame:
# C  [libzip.so+0x10ca5]  crc32+0x4d5
#
# Failed to write core dump. Core dumps have been disabled. To enable core dumping, try "ulimit -c unlimited" before starting Java again
#
# If you would like to submit a bug report, please visit:
#   http://bugreport.java.com/bugreport/crash.jsp
# The crash happened outside the Java Virtual Machine in native code.
# See problematic frame for where to report the bug.
#

---------------  T H R E A D  ---------------

Current thread (0x00007f6da03a7800):  JavaThread "mutationTestThread" daemon [_thread_in_native, id=481, stack(0x00007f6d8cd79000,0x00007f6d8ce7a000)]

siginfo: si_signo: 11 (SIGSEGV), si_code: 1 (SEGV_MAPERR), si_addr: 0x00007f6d30068c0c

Registers:
RAX=0x00000000000000cd, RBX=0x000000000000008b, RCX=0x000000000000005e, RDX=0x00000000b6f30fd7
RSP=0x00007f6d8ce766a8, RBP=0x00007f6d8ce766c0, RSI=0x0000000000000011, RDI=0x00000000aaade403
R8 =0x00007f6da4afac20, R9 =0x00007f6d30068bfc, R10=0x00007f6d3006effc, R11=0x000000000000ffd4
R12=0x0000000000000000, R13=0x00007f6d8ec6f7c8, R14=0x00007f6d8ce76780, R15=0x00007f6da03a7800
RIP=0x00007f6da4af5ca5, EFLAGS=0x0000000000010286, CSGSFS=0x002b000000000033, ERR=0x0000000000000004
  TRAPNO=0x000000000000000e

Top of Stack: (sp=0x00007f6d8ce766a8)
0x00007f6d8ce766a8:   00007f6d8ec6f7c8 0000000000000000
0x00007f6d8ce766b8:   00007f6d8ec6f7c8 00007f6d8ce76740
0x00007f6d8ce766c8:   00007f6d91015574 00007f6d8ce76700
0x00007f6d8ce766d8:   ffffffffa7477836 00007f6d8c2a4d90
0x00007f6d8ce766e8:   000000038c2c1220 00007f6d8c2a4d50
0x00007f6d8ce766f8:   00007f6d8c2a4d70 00007f6d8ce76700
0x00007f6d8ce76708:   0000000000000000 00007f6d8ce76780
0x00007f6d8ce76718:   00007f6d8ec6f8e8 0000000000000000
0x00007f6d8ce76728:   00007f6d8ec6f7c8 0000000000000000
0x00007f6d8ce76738:   00007f6d8ce76760 00007f6d8ce767d0
0x00007f6d8ce76748:   00007f6d91007a40 00000000edd0ff20
0x00007f6d8ce76758:   00007f6d91011276 000000000000fff4
0x00007f6d8ce76768:   000000000000000c 00007f6d3005f010
0x00007f6d8ce76778:   00000000ebe97b80 0000000000000000
0x00007f6d8ce76788:   00000000ebe97be8 00007f6d8ce76790
0x00007f6d8ce76798:   00007f6d8ec6f478 00007f6d8ce76808
0x00007f6d8ce767a8:   00007f6d8ec6f8e8 0000000000000000
0x00007f6d8ce767b8:   00007f6d8ec6f4e0 00007f6d8ce76760
0x00007f6d8ce767c8:   00007f6d8ce76800 00007f6d8ce76870
0x00007f6d8ce767d8:   00007f6d910004e7 0000000000000000
0x00007f6d8ce767e8:   000000000000fff4 0000000000010000
0x00007f6d8ce767f8:   000000000000000c 00000000ebe97b80
0x00007f6d8ce76808:   00000000ebe97be8 0000000000001fa0
0x00007f6d8ce76818:   00007f6da0394cf0 00007f6da03a7800
0x00007f6d8ce76828:   00007f6d8ce768f0 00007f6d8ce76c00
0x00007f6d8ce76838:   00007f6d8ce768b0 00007f6d8ce768b0
0x00007f6d8ce76848:   00007f6d8ce76c08 00007f6d0000000a
0x00007f6d8ce76858:   00007f6d8ec6f4e0 00007f6d910129c0
0x00007f6d8ce76868:   00007f6d8ce76af8 00007f6d8ce769e0
0x00007f6d8ce76878:   00007f6da6a00d16 000000e700000002
0x00007f6d8ce76888:   00007f6da03a7800 00007f6d8ce76af0
0x00007f6d8ce76898:   00007f6d8ce76c00 00007f6d910129c0 

Instructions: (pc=0x00007f6da4af5ca5)
0x00007f6da4af5c85:   00 0f b6 dc 89 c1 0f b6 d0 c1 e8 18 41 8b 94 90
0x00007f6da4af5c95:   00 0c 00 00 c1 e9 10 89 c0 0f b6 c9 41 33 14 80
0x00007f6da4af5ca5:   41 33 51 10 41 33 94 98 00 08 00 00 41 33 94 88
0x00007f6da4af5cb5:   00 04 00 00 0f b6 de 89 d1 0f b6 c2 c1 ea 18 41 

Register to memory mapping:

RAX=0x00000000000000cd is an unknown value
RBX=0x000000000000008b is an unknown value
RCX=0x000000000000005e is an unknown value
RDX=0x00000000b6f30fd7 is an unknown value
RSP=0x00007f6d8ce766a8 is pointing into the stack for thread: 0x00007f6da03a7800
RBP=0x00007f6d8ce766c0 is pointing into the stack for thread: 0x00007f6da03a7800
RSI=0x0000000000000011 is an unknown value
RDI=0x00000000aaade403 is an unknown value
R8 =0x00007f6da4afac20: <offset 0x15c20> in /usr/lib/jvm/java-8-oracle/jre/lib/amd64/libzip.so at 0x00007f6da4ae5000
R9 =0x00007f6d30068bfc is an unknown value
R10=0x00007f6d3006effc is an unknown value
R11=0x000000000000ffd4 is an unknown value
R12=0x0000000000000000 is an unknown value
R13={method} {0x00007f6d8ec6f7c8} 'updateByteBuffer' '(IJII)I' in 'java/util/zip/CRC32'
R14=0x00007f6d8ce76780 is pointing into the stack for thread: 0x00007f6da03a7800
R15=0x00007f6da03a7800 is a thread


Stack: [0x00007f6d8cd79000,0x00007f6d8ce7a000],  sp=0x00007f6d8ce766a8,  free space=1013k
Native frames: (J=compiled Java code, j=interpreted, Vv=VM code, C=native code)
C  [libzip.so+0x10ca5]  crc32+0x4d5
j  java.util.zip.CRC32.updateByteBuffer(IJII)I+0
j  java.util.zip.CRC32.update(Ljava/nio/ByteBuffer;)V+64
v  ~StubRoutines::call_stub
V  [libjvm.so+0x691d16]  JavaCalls::call_helper(JavaValue*, methodHandle*, JavaCallArguments*, Thread*)+0x1056
V  [libjvm.so+0x99d637]  Reflection::invoke(instanceKlassHandle, methodHandle, Handle, bool, objArrayHandle, BasicType, objArrayHandle, bool, Thread*)+0x5d7
V  [libjvm.so+0x9a0d47]  Reflection::invoke_method(oopDesc*, Handle, objArrayHandle, Thread*)+0x147
V  [libjvm.so+0x7253cb]  JVM_InvokeMethod+0x26b
j  sun.reflect.NativeMethodAccessorImpl.invoke0(Ljava/lang/reflect/Method;Ljava/lang/Object;[Ljava/lang/Object;)Ljava/lang/Object;+0
j  sun.reflect.NativeMethodAccessorImpl.invoke(Ljava/lang/Object;[Ljava/lang/Object;)Ljava/lang/Object;+100
j  sun.reflect.DelegatingMethodAccessorImpl.invoke(Ljava/lang/Object;[Ljava/lang/Object;)Ljava/lang/Object;+6
j  java.lang.reflect.Method.invoke(Ljava/lang/Object;[Ljava/lang/Object;)Ljava/lang/Object;+56
j  com.orientechnologies.orient.core.storage.cache.local.OWOWCache.verifyChecksum(Ljava/nio/ByteBuffer;JJ[Ljava/nio/ByteBuffer;)V+259
j  com.orientechnologies.orient.core.storage.cache.local.OWOWCache.loadFileContent(IJIZ)[Lcom/orientechnologies/orient/core/storage/cache/OCachePointer;+239
j  com.orientechnologies.orient.core.storage.cache.local.OWOWCache.load(JJIZLcom/orientechnologies/common/types/OModifiableBoolean;Z)[Lcom/orientechnologies/orient/core/storage/cache/OCachePointer;+194
j  com.orientechnologies.orient.core.storage.cache.local.twoq.O2QCache.updateCache(JJZLcom/orientechnologies/orient/core/storage/cache/OWriteCache;ILcom/orientechnologies/common/types/OModifiableBoolean;Z)Lcom/orientechnologies/orient/core/storage/cache/local/twoq/O2QCache$UpdateCacheResult;+169
j  com.orientechnologies.orient.core.storage.cache.local.twoq.O2QCache.doLoad(JJZZLcom/orientechnologies/orient/core/storage/cache/OWriteCache;ILcom/orientechnologies/orient/core/storage/impl/local/statistic/OSessionStoragePerformanceStatistic;Z)Lcom/orientechnologies/orient/core/storage/cache/local/twoq/O2QCache$UpdateCacheResult;+175
j  com.orientechnologies.orient.core.storage.cache.local.twoq.O2QCache.load(JJZLcom/orientechnologies/orient/core/storage/cache/OWriteCache;IZ)Lcom/orientechnologies/orient/core/storage/cache/OCacheEntry;+48
j  com.orientechnologies.orient.core.storage.impl.local.paginated.base.ODurableComponent.loadPage(Lcom/orientechnologies/orient/core/storage/impl/local/paginated/atomicoperations/OAtomicOperation;JJZI)Lcom/orientechnologies/orient/core/storage/cache/OCacheEntry;+20
j  com.orientechnologies.orient.core.storage.impl.local.paginated.base.ODurableComponent.loadPage(Lcom/orientechnologies/orient/core/storage/impl/local/paginated/atomicoperations/OAtomicOperation;JJZ)Lcom/orientechnologies/orient/core/storage/cache/OCacheEntry;+8
j  com.orientechnologies.orient.core.storage.impl.local.paginated.OPaginatedCluster.open()V+37
j  com.orientechnologies.orient.core.storage.impl.local.OAbstractPaginatedStorage.openClusters()V+107
j  com.orientechnologies.orient.core.storage.impl.local.OAbstractPaginatedStorage.open(Ljava/lang/String;Ljava/lang/String;Ljava/util/Map;)V+259
j  com.orientechnologies.orient.core.db.document.ODatabaseDocumentTx.open(Ljava/lang/String;Ljava/lang/String;)Lcom/orientechnologies/orient/core/db/ODatabase;+215
j  com.lorenzo.marco.database.orientdb.OrientDBdatabaseWrapperTest.setUp()V+50
v  ~StubRoutines::call_stub
V  [libjvm.so+0x691d16]  JavaCalls::call_helper(JavaValue*, methodHandle*, JavaCallArguments*, Thread*)+0x1056
V  [libjvm.so+0x99d637]  Reflection::invoke(instanceKlassHandle, methodHandle, Handle, bool, objArrayHandle, BasicType, objArrayHandle, bool, Thread*)+0x5d7
V  [libjvm.so+0x9a0d47]  Reflection::invoke_method(oopDesc*, Handle, objArrayHandle, Thread*)+0x147
V  [libjvm.so+0x7253cb]  JVM_InvokeMethod+0x26b
j  sun.reflect.NativeMethodAccessorImpl.invoke0(Ljava/lang/reflect/Method;Ljava/lang/Object;[Ljava/lang/Object;)Ljava/lang/Object;+0
j  sun.reflect.NativeMethodAccessorImpl.invoke(Ljava/lang/Object;[Ljava/lang/Object;)Ljava/lang/Object;+100
j  sun.reflect.DelegatingMethodAccessorImpl.invoke(Ljava/lang/Object;[Ljava/lang/Object;)Ljava/lang/Object;+6
j  java.lang.reflect.Method.invoke(Ljava/lang/Object;[Ljava/lang/Object;)Ljava/lang/Object;+56
j  org.junit.runners.model.FrameworkMethod$1.runReflectiveCall()Ljava/lang/Object;+15
j  org.junit.internal.runners.model.ReflectiveCallable.run()Ljava/lang/Object;+1
j  org.junit.runners.model.FrameworkMethod.invokeExplosively(Ljava/lang/Object;[Ljava/lang/Object;)Ljava/lang/Object;+10
j  org.junit.internal.runners.statements.RunBefores.evaluate()V+38
j  org.junit.runners.ParentRunner.runLeaf(Lorg/junit/runners/model/Statement;Lorg/junit/runner/Description;Lorg/junit/runner/notification/RunNotifier;)V+17
j  org.junit.runners.BlockJUnit4ClassRunner.runChild(Lorg/junit/runners/model/FrameworkMethod;Lorg/junit/runner/notification/RunNotifier;)V+30
j  org.junit.runners.BlockJUnit4ClassRunner.runChild(Ljava/lang/Object;Lorg/junit/runner/notification/RunNotifier;)V+6
j  org.junit.runners.ParentRunner$3.run()V+12
j  org.junit.runners.ParentRunner$1.schedule(Ljava/lang/Runnable;)V+1
j  org.junit.runners.ParentRunner.runChildren(Lorg/junit/runner/notification/RunNotifier;)V+44
j  org.junit.runners.ParentRunner.access$000(Lorg/junit/runners/ParentRunner;Lorg/junit/runner/notification/RunNotifier;)V+2
j  org.junit.runners.ParentRunner$2.evaluate()V+8
j  org.junit.runners.ParentRunner.run(Lorg/junit/runner/notification/RunNotifier;)V+20
j  org.pitest.junit.adapter.CustomRunnerExecutor.run()V+34
j  org.pitest.junit.adapter.AdaptedJUnitTestUnit.execute(Ljava/lang/ClassLoader;Lorg/pitest/testapi/ResultCollector;)V+63
j  org.pitest.mutationtest.execute.MutationTimeoutDecorator$1.run()V+15
j  java.util.concurrent.Executors$RunnableAdapter.call()Ljava/lang/Object;+4
j  java.util.concurrent.FutureTask.run()V+42
j  java.lang.Thread.run()V+11
v  ~StubRoutines::call_stub
V  [libjvm.so+0x691d16]  JavaCalls::call_helper(JavaValue*, methodHandle*, JavaCallArguments*, Thread*)+0x1056
V  [libjvm.so+0x692221]  JavaCalls::call_virtual(JavaValue*, KlassHandle, Symbol*, Symbol*, JavaCallArguments*, Thread*)+0x321
V  [libjvm.so+0x6926c7]  JavaCalls::call_virtual(JavaValue*, Handle, KlassHandle, Symbol*, Symbol*, Thread*)+0x47
V  [libjvm.so+0x72da50]  thread_entry(JavaThread*, Thread*)+0xa0
V  [libjvm.so+0xa76833]  JavaThread::thread_main_inner()+0x103
V  [libjvm.so+0xa7697c]  JavaThread::run()+0x11c
V  [libjvm.so+0x927568]  java_start(Thread*)+0x108
C  [libpthread.so.0+0x76ba]  start_thread+0xca

Java frames: (J=compiled Java code, j=interpreted, Vv=VM code)
j  java.util.zip.CRC32.updateByteBuffer(IJII)I+0
j  java.util.zip.CRC32.update(Ljava/nio/ByteBuffer;)V+64
v  ~StubRoutines::call_stub
j  sun.reflect.NativeMethodAccessorImpl.invoke0(Ljava/lang/reflect/Method;Ljava/lang/Object;[Ljava/lang/Object;)Ljava/lang/Object;+0
j  sun.reflect.NativeMethodAccessorImpl.invoke(Ljava/lang/Object;[Ljava/lang/Object;)Ljava/lang/Object;+100
j  sun.reflect.DelegatingMethodAccessorImpl.invoke(Ljava/lang/Object;[Ljava/lang/Object;)Ljava/lang/Object;+6
j  java.lang.reflect.Method.invoke(Ljava/lang/Object;[Ljava/lang/Object;)Ljava/lang/Object;+56
j  com.orientechnologies.orient.core.storage.cache.local.OWOWCache.verifyChecksum(Ljava/nio/ByteBuffer;JJ[Ljava/nio/ByteBuffer;)V+259
j  com.orientechnologies.orient.core.storage.cache.local.OWOWCache.loadFileContent(IJIZ)[Lcom/orientechnologies/orient/core/storage/cache/OCachePointer;+239
j  com.orientechnologies.orient.core.storage.cache.local.OWOWCache.load(JJIZLcom/orientechnologies/common/types/OModifiableBoolean;Z)[Lcom/orientechnologies/orient/core/storage/cache/OCachePointer;+194
j  com.orientechnologies.orient.core.storage.cache.local.twoq.O2QCache.updateCache(JJZLcom/orientechnologies/orient/core/storage/cache/OWriteCache;ILcom/orientechnologies/common/types/OModifiableBoolean;Z)Lcom/orientechnologies/orient/core/storage/cache/local/twoq/O2QCache$UpdateCacheResult;+169
j  com.orientechnologies.orient.core.storage.cache.local.twoq.O2QCache.doLoad(JJZZLcom/orientechnologies/orient/core/storage/cache/OWriteCache;ILcom/orientechnologies/orient/core/storage/impl/local/statistic/OSessionStoragePerformanceStatistic;Z)Lcom/orientechnologies/orient/core/storage/cache/local/twoq/O2QCache$UpdateCacheResult;+175
j  com.orientechnologies.orient.core.storage.cache.local.twoq.O2QCache.load(JJZLcom/orientechnologies/orient/core/storage/cache/OWriteCache;IZ)Lcom/orientechnologies/orient/core/storage/cache/OCacheEntry;+48
j  com.orientechnologies.orient.core.storage.impl.local.paginated.base.ODurableComponent.loadPage(Lcom/orientechnologies/orient/core/storage/impl/local/paginated/atomicoperations/OAtomicOperation;JJZI)Lcom/orientechnologies/orient/core/storage/cache/OCacheEntry;+20
j  com.orientechnologies.orient.core.storage.impl.local.paginated.base.ODurableComponent.loadPage(Lcom/orientechnologies/orient/core/storage/impl/local/paginated/atomicoperations/OAtomicOperation;JJZ)Lcom/orientechnologies/orient/core/storage/cache/OCacheEntry;+8
j  com.orientechnologies.orient.core.storage.impl.local.paginated.OPaginatedCluster.open()V+37
j  com.orientechnologies.orient.core.storage.impl.local.OAbstractPaginatedStorage.openClusters()V+107
j  com.orientechnologies.orient.core.storage.impl.local.OAbstractPaginatedStorage.open(Ljava/lang/String;Ljava/lang/String;Ljava/util/Map;)V+259
j  com.orientechnologies.orient.core.db.document.ODatabaseDocumentTx.open(Ljava/lang/String;Ljava/lang/String;)Lcom/orientechnologies/orient/core/db/ODatabase;+215
j  com.lorenzo.marco.database.orientdb.OrientDBdatabaseWrapperTest.setUp()V+50
v  ~StubRoutines::call_stub
j  sun.reflect.NativeMethodAccessorImpl.invoke0(Ljava/lang/reflect/Method;Ljava/lang/Object;[Ljava/lang/Object;)Ljava/lang/Object;+0
j  sun.reflect.NativeMethodAccessorImpl.invoke(Ljava/lang/Object;[Ljava/lang/Object;)Ljava/lang/Object;+100
j  sun.reflect.DelegatingMethodAccessorImpl.invoke(Ljava/lang/Object;[Ljava/lang/Object;)Ljava/lang/Object;+6
j  java.lang.reflect.Method.invoke(Ljava/lang/Object;[Ljava/lang/Object;)Ljava/lang/Object;+56
j  org.junit.runners.model.FrameworkMethod$1.runReflectiveCall()Ljava/lang/Object;+15
j  org.junit.internal.runners.model.ReflectiveCallable.run()Ljava/lang/Object;+1
j  org.junit.runners.model.FrameworkMethod.invokeExplosively(Ljava/lang/Object;[Ljava/lang/Object;)Ljava/lang/Object;+10
j  org.junit.internal.runners.statements.RunBefores.evaluate()V+38
j  org.junit.runners.ParentRunner.runLeaf(Lorg/junit/runners/model/Statement;Lorg/junit/runner/Description;Lorg/junit/runner/notification/RunNotifier;)V+17
j  org.junit.runners.BlockJUnit4ClassRunner.runChild(Lorg/junit/runners/model/FrameworkMethod;Lorg/junit/runner/notification/RunNotifier;)V+30
j  org.junit.runners.BlockJUnit4ClassRunner.runChild(Ljava/lang/Object;Lorg/junit/runner/notification/RunNotifier;)V+6
j  org.junit.runners.ParentRunner$3.run()V+12
j  org.junit.runners.ParentRunner$1.schedule(Ljava/lang/Runnable;)V+1
j  org.junit.runners.ParentRunner.runChildren(Lorg/junit/runner/notification/RunNotifier;)V+44
j  org.junit.runners.ParentRunner.access$000(Lorg/junit/runners/ParentRunner;Lorg/junit/runner/notification/RunNotifier;)V+2
j  org.junit.runners.ParentRunner$2.evaluate()V+8
j  org.junit.runners.ParentRunner.run(Lorg/junit/runner/notification/RunNotifier;)V+20
j  org.pitest.junit.adapter.CustomRunnerExecutor.run()V+34
j  org.pitest.junit.adapter.AdaptedJUnitTestUnit.execute(Ljava/lang/ClassLoader;Lorg/pitest/testapi/ResultCollector;)V+63
j  org.pitest.mutationtest.execute.MutationTimeoutDecorator$1.run()V+15
j  java.util.concurrent.Executors$RunnableAdapter.call()Ljava/lang/Object;+4
j  java.util.concurrent.FutureTask.run()V+42
j  java.lang.Thread.run()V+11
v  ~StubRoutines::call_stub

---------------  P R O C E S S  ---------------

Java Threads: ( => current thread )
  0x00007f6d70001000 JavaThread "SIGTERM handler" daemon [_thread_blocked, id=491, stack(0x00007f6d57cfd000,0x00007f6d57dfe000)]
  0x00007f6da03a3800 JavaThread "mutationTestThread" daemon [_thread_blocked, id=487, stack(0x00007f6d57dfe000,0x00007f6d57eff000)]
  0x00007f6d64299800 JavaThread "OrientDB Write Cache Flush Task (negozioDB)" daemon [_thread_blocked, id=486, stack(0x00007f6d57eff000,0x00007f6d58000000)]
  0x00007f6d64296000 JavaThread "OrientDB WAL Flush Task (negozioDB)" daemon [_thread_blocked, id=485, stack(0x00007f6d8c02e000,0x00007f6d8c12f000)]
  0x00007f6d64274000 JavaThread "WAL Closer Task (negozioDB)" daemon [_thread_blocked, id=484, stack(0x00007f6d8c12f000,0x00007f6d8c230000)]
=>0x00007f6da03a7800 JavaThread "mutationTestThread" daemon [_thread_in_native, id=481, stack(0x00007f6d8cd79000,0x00007f6d8ce7a000)]
  0x00007f6da0155800 JavaThread "Service Thread" daemon [_thread_blocked, id=477, stack(0x00007f6d8d701000,0x00007f6d8d802000)]
  0x00007f6da0143000 JavaThread "C1 CompilerThread1" daemon [_thread_blocked, id=476, stack(0x00007f6d8d802000,0x00007f6d8d903000)]
  0x00007f6da013d800 JavaThread "C2 CompilerThread0" daemon [_thread_blocked, id=475, stack(0x00007f6d8d903000,0x00007f6d8da04000)]
  0x00007f6da013b800 JavaThread "Signal Dispatcher" daemon [_thread_blocked, id=474, stack(0x00007f6d8da04000,0x00007f6d8db05000)]
  0x00007f6da0109800 JavaThread "Finalizer" daemon [_thread_blocked, id=473, stack(0x00007f6d8db05000,0x00007f6d8dc06000)]
  0x00007f6da0105000 JavaThread "Reference Handler" daemon [_thread_blocked, id=472, stack(0x00007f6d8dc06000,0x00007f6d8dd07000)]
  0x00007f6da000c800 JavaThread "main" [_thread_blocked, id=468, stack(0x00007f6da7e69000,0x00007f6da7f6a000)]

Other Threads:
  0x00007f6da00fd800 VMThread [stack: 0x00007f6d8dd07000,0x00007f6d8de08000] [id=471]
  0x00007f6da015b000 WatcherThread [stack: 0x00007f6d8d600000,0x00007f6d8d701000] [id=478]

VM state:at safepoint (normal execution)

VM Mutex/Monitor currently owned by a thread:  ([mutex/lock_event])
[0x00007f6da0008d10] Threads_lock - owner thread: 0x00007f6da00fd800
[0x00007f6da0009210] Heap_lock - owner thread: 0x00007f6d70001000

Heap:
 PSYoungGen      total 34304K, used 10107K [0x00000000eb980000, 0x00000000edd80000, 0x0000000100000000)
  eden space 31744K, 23% used [0x00000000eb980000,0x00000000ec0defb0,0x00000000ed880000)
  from space 2560K, 100% used [0x00000000edb00000,0x00000000edd80000,0x00000000edd80000)
  to   space 2560K, 90% used [0x00000000ed880000,0x00000000edac4010,0x00000000edb00000)
 ParOldGen       total 42496K, used 5719K [0x00000000c2c00000, 0x00000000c5580000, 0x00000000eb980000)
  object space 42496K, 13% used [0x00000000c2c00000,0x00000000c3195ee8,0x00000000c5580000)
 Metaspace       used 16724K, capacity 17212K, committed 17408K, reserved 1064960K
  class space    used 2079K, capacity 2302K, committed 2304K, reserved 1048576K

Card table byte_map: [0x00007f6da453a000,0x00007f6da4725000] byte_map_base: 0x00007f6da3f24000

Marking Bits: (ParMarkBitMap*) 0x00007f6da7334f60
 Begin Bits: [0x00007f6d8f160000, 0x00007f6d900b0000)
 End Bits:   [0x00007f6d900b0000, 0x00007f6d91000000)

Polling page: 0x00007f6da7f85000

CodeCache: size=245760Kb used=5136Kb max_used=5152Kb free=240623Kb
 bounds [0x00007f6d91000000, 0x00007f6d91510000, 0x00007f6da0000000]
 total_blobs=2039 nmethods=1597 adapters=357
 compilation: enabled

Compilation events (10 events):
Event: 6,189 Thread 0x00007f6da0143000 1592       3       java.util.concurrent.locks.AbstractQueuedSynchronizer::compareAndSetState (13 bytes)
Event: 6,189 Thread 0x00007f6da0143000 nmethod 1592 0x00007f6d914ff610 code [0x00007f6d914ff760, 0x00007f6d914ff8d0]
Event: 6,190 Thread 0x00007f6da0143000 1593       3       java.util.Formatter$Conversion::isGeneral (64 bytes)
Event: 6,190 Thread 0x00007f6da0143000 nmethod 1593 0x00007f6d914ff950 code [0x00007f6d914ffaa0, 0x00007f6d914ffc10]
Event: 6,190 Thread 0x00007f6da0143000 1594       3       sun.util.locale.provider.LocaleProviderAdapter::getAdapter (171 bytes)
Event: 6,191 Thread 0x00007f6da0143000 nmethod 1594 0x00007f6d914ffc90 code [0x00007f6d914fff40, 0x00007f6d915010d8]
Event: 6,192 Thread 0x00007f6da0143000 1595       1       java.util.Calendar::internalSet (8 bytes)
Event: 6,192 Thread 0x00007f6da0143000 nmethod 1595 0x00007f6d91501790 code [0x00007f6d915018e0, 0x00007f6d91501a10]
Event: 6,193 Thread 0x00007f6da0143000 1596       1       com.orientechnologies.common.types.OModifiableInteger::intValue (5 bytes)
Event: 6,193 Thread 0x00007f6da0143000 nmethod 1596 0x00007f6d91501ad0 code [0x00007f6d91501c20, 0x00007f6d91501d30]

GC Heap History (8 events):
Event: 1,951 GC heap before
{Heap before GC invocations=1 (full 0):
 PSYoungGen      total 18432K, used 15872K [0x00000000eb980000, 0x00000000ece00000, 0x0000000100000000)
  eden space 15872K, 100% used [0x00000000eb980000,0x00000000ec900000,0x00000000ec900000)
  from space 2560K, 0% used [0x00000000ecb80000,0x00000000ecb80000,0x00000000ece00000)
  to   space 2560K, 0% used [0x00000000ec900000,0x00000000ec900000,0x00000000ecb80000)
 ParOldGen       total 42496K, used 0K [0x00000000c2c00000, 0x00000000c5580000, 0x00000000eb980000)
  object space 42496K, 0% used [0x00000000c2c00000,0x00000000c2c00000,0x00000000c5580000)
 Metaspace       used 6725K, capacity 6870K, committed 7040K, reserved 1056768K
  class space    used 770K, capacity 821K, committed 896K, reserved 1048576K
Event: 1,964 GC heap after
Heap after GC invocations=1 (full 0):
 PSYoungGen      total 18432K, used 2559K [0x00000000eb980000, 0x00000000ece00000, 0x0000000100000000)
  eden space 15872K, 0% used [0x00000000eb980000,0x00000000eb980000,0x00000000ec900000)
  from space 2560K, 99% used [0x00000000ec900000,0x00000000ecb7fde8,0x00000000ecb80000)
  to   space 2560K, 0% used [0x00000000ecb80000,0x00000000ecb80000,0x00000000ece00000)
 ParOldGen       total 42496K, used 472K [0x00000000c2c00000, 0x00000000c5580000, 0x00000000eb980000)
  object space 42496K, 1% used [0x00000000c2c00000,0x00000000c2c76288,0x00000000c5580000)
 Metaspace       used 6725K, capacity 6870K, committed 7040K, reserved 1056768K
  class space    used 770K, capacity 821K, committed 896K, reserved 1048576K
}
Event: 2,640 GC heap before
{Heap before GC invocations=2 (full 0):
 PSYoungGen      total 18432K, used 18431K [0x00000000eb980000, 0x00000000ece00000, 0x0000000100000000)
  eden space 15872K, 100% used [0x00000000eb980000,0x00000000ec900000,0x00000000ec900000)
  from space 2560K, 99% used [0x00000000ec900000,0x00000000ecb7fde8,0x00000000ecb80000)
  to   space 2560K, 0% used [0x00000000ecb80000,0x00000000ecb80000,0x00000000ece00000)
 ParOldGen       total 42496K, used 472K [0x00000000c2c00000, 0x00000000c5580000, 0x00000000eb980000)
  object space 42496K, 1% used [0x00000000c2c00000,0x00000000c2c76288,0x00000000c5580000)
 Metaspace       used 8898K, capacity 9020K, committed 9088K, reserved 1056768K
  class space    used 1074K, capacity 1110K, committed 1152K, reserved 1048576K
Event: 2,650 GC heap after
Heap after GC invocations=2 (full 0):
 PSYoungGen      total 18432K, used 2550K [0x00000000eb980000, 0x00000000ece00000, 0x0000000100000000)
  eden space 15872K, 0% used [0x00000000eb980000,0x00000000eb980000,0x00000000ec900000)
  from space 2560K, 99% used [0x00000000ecb80000,0x00000000ecdfdb68,0x00000000ece00000)
  to   space 2560K, 0% used [0x00000000ec900000,0x00000000ec900000,0x00000000ecb80000)
 ParOldGen       total 42496K, used 1208K [0x00000000c2c00000, 0x00000000c5580000, 0x00000000eb980000)
  object space 42496K, 2% used [0x00000000c2c00000,0x00000000c2d2e198,0x00000000c5580000)
 Metaspace       used 8898K, capacity 9020K, committed 9088K, reserved 1056768K
  class space    used 1074K, capacity 1110K, committed 1152K, reserved 1048576K
}
Event: 3,913 GC heap before
{Heap before GC invocations=3 (full 0):
 PSYoungGen      total 18432K, used 18422K [0x00000000eb980000, 0x00000000ece00000, 0x0000000100000000)
  eden space 15872K, 100% used [0x00000000eb980000,0x00000000ec900000,0x00000000ec900000)
  from space 2560K, 99% used [0x00000000ecb80000,0x00000000ecdfdb68,0x00000000ece00000)
  to   space 2560K, 0% used [0x00000000ec900000,0x00000000ec900000,0x00000000ecb80000)
 ParOldGen       total 42496K, used 1208K [0x00000000c2c00000, 0x00000000c5580000, 0x00000000eb980000)
  object space 42496K, 2% used [0x00000000c2c00000,0x00000000c2d2e198,0x00000000c5580000)
 Metaspace       used 12552K, capacity 13000K, committed 13056K, reserved 1060864K
  class space    used 1551K, capacity 1782K, committed 1792K, reserved 1048576K
Event: 3,946 GC heap after
Heap after GC invocations=3 (full 0):
 PSYoungGen      total 18432K, used 2544K [0x00000000eb980000, 0x00000000edd80000, 0x0000000100000000)
  eden space 15872K, 0% used [0x00000000eb980000,0x00000000eb980000,0x00000000ec900000)
  from space 2560K, 99% used [0x00000000ec900000,0x00000000ecb7c010,0x00000000ecb80000)
  to   space 2560K, 0% used [0x00000000edb00000,0x00000000edb00000,0x00000000edd80000)
 ParOldGen       total 42496K, used 3381K [0x00000000c2c00000, 0x00000000c5580000, 0x00000000eb980000)
  object space 42496K, 7% used [0x00000000c2c00000,0x00000000c2f4d5a0,0x00000000c5580000)
 Metaspace       used 12552K, capacity 13000K, committed 13056K, reserved 1060864K
  class space    used 1551K, capacity 1782K, committed 1792K, reserved 1048576K
}
Event: 4,970 GC heap before
{Heap before GC invocations=4 (full 0):
 PSYoungGen      total 18432K, used 18405K [0x00000000eb980000, 0x00000000edd80000, 0x0000000100000000)
  eden space 15872K, 99% used [0x00000000eb980000,0x00000000ec8fd618,0x00000000ec900000)
  from space 2560K, 99% used [0x00000000ec900000,0x00000000ecb7c010,0x00000000ecb80000)
  to   space 2560K, 0% used [0x00000000edb00000,0x00000000edb00000,0x00000000edd80000)
 ParOldGen       total 42496K, used 3381K [0x00000000c2c00000, 0x00000000c5580000, 0x00000000eb980000)
  object space 42496K, 7% used [0x00000000c2c00000,0x00000000c2f4d5a0,0x00000000c5580000)
 Metaspace       used 15925K, capacity 16380K, committed 16640K, reserved 1062912K
  class space    used 1991K, capacity 2238K, committed 2304K, reserved 1048576K
Event: 5,002 GC heap after
Heap after GC invocations=4 (full 0):
 PSYoungGen      total 34304K, used 2560K [0x00000000eb980000, 0x00000000edd80000, 0x0000000100000000)
  eden space 31744K, 0% used [0x00000000eb980000,0x00000000eb980000,0x00000000ed880000)
  from space 2560K, 100% used [0x00000000edb00000,0x00000000edd80000,0x00000000edd80000)
  to   space 2560K, 0% used [0x00000000ed880000,0x00000000ed880000,0x00000000edb00000)
 ParOldGen       total 42496K, used 5719K [0x00000000c2c00000, 0x00000000c5580000, 0x00000000eb980000)
  object space 42496K, 13% used [0x00000000c2c00000,0x00000000c3195ee8,0x00000000c5580000)
 Metaspace       used 15925K, capacity 16380K, committed 16640K, reserved 1062912K
  class space    used 1991K, capacity 2238K, committed 2304K, reserved 1048576K
}

Deoptimization events (10 events):
Event: 2,406 Thread 0x00007f6da000c800 Uncommon trap: reason=class_check action=maybe_recompile pc=0x00007f6d912ce3e8 method=java.util.HashMap.putVal(ILjava/lang/Object;Ljava/lang/Object;ZZ)Ljava/lang/Object; @ 203
Event: 2,406 Thread 0x00007f6da000c800 Uncommon trap: reason=class_check action=maybe_recompile pc=0x00007f6d912ce3e8 method=java.util.HashMap.putVal(ILjava/lang/Object;Ljava/lang/Object;ZZ)Ljava/lang/Object; @ 203
Event: 2,454 Thread 0x00007f6da000c800 Uncommon trap: reason=unstable_if action=reinterpret pc=0x00007f6d911c143c method=java.lang.String.replace(CC)Ljava/lang/String; @ 26
Event: 2,821 Thread 0x00007f6da03a7800 Uncommon trap: reason=null_check action=maybe_recompile pc=0x00007f6d912fcbdc method=java.util.regex.Matcher.getTextLength()I @ 4
Event: 2,823 Thread 0x00007f6da03a7800 Uncommon trap: reason=null_check action=maybe_recompile pc=0x00007f6d912fcbdc method=java.util.regex.Matcher.getTextLength()I @ 4
Event: 2,824 Thread 0x00007f6da03a7800 Uncommon trap: reason=null_check action=maybe_recompile pc=0x00007f6d912fcbdc method=java.util.regex.Matcher.getTextLength()I @ 4
Event: 3,725 Thread 0x00007f6da03a7800 Uncommon trap: reason=unstable_if action=reinterpret pc=0x00007f6d91423338 method=jdk.internal.org.objectweb.asm.Type.getArgumentsAndReturnSizes(Ljava/lang/String;)I @ 88
Event: 4,855 Thread 0x00007f6da03a7800 Uncommon trap: reason=unstable_if action=reinterpret pc=0x00007f6d914dbba0 method=java.util.concurrent.ConcurrentHashMap.putVal(Ljava/lang/Object;Ljava/lang/Object;Z)Ljava/lang/Object; @ 206
Event: 5,021 Thread 0x00007f6da03a7800 Uncommon trap: reason=unstable_if action=reinterpret pc=0x00007f6d9133ca64 method=java.lang.String.regionMatches(ZILjava/lang/String;II)Z @ 123
Event: 5,049 Thread 0x00007f6da03a7800 Uncommon trap: reason=class_check action=maybe_recompile pc=0x00007f6d9133a050 method=java.util.regex.Pattern$Slice.match(Ljava/util/regex/Matcher;ILjava/lang/CharSequence;)Z @ 75

Internal exceptions (10 events):
Event: 4,643 Thread 0x00007f6da03a7800 Exception <a 'java/lang/ArrayIndexOutOfBoundsException'> (0x00000000ec319798) thrown at [/HUDSON/workspace/8-2-build-linux-amd64/jdk8u131/8869/hotspot/src/share/vm/runtime/sharedRuntime.cpp, line 605]
Event: 4,643 Thread 0x00007f6da03a7800 Exception <a 'java/lang/ArrayIndexOutOfBoundsException'> (0x00000000ec31af08) thrown at [/HUDSON/workspace/8-2-build-linux-amd64/jdk8u131/8869/hotspot/src/share/vm/runtime/sharedRuntime.cpp, line 605]
Event: 4,666 Thread 0x00007f6da03a7800 Exception <a 'java/lang/ArrayIndexOutOfBoundsException'> (0x00000000ec349bf8) thrown at [/HUDSON/workspace/8-2-build-linux-amd64/jdk8u131/8869/hotspot/src/share/vm/runtime/sharedRuntime.cpp, line 605]
Event: 4,677 Thread 0x00007f6da03a7800 Exception <a 'java/lang/ArrayIndexOutOfBoundsException'> (0x00000000ec369938) thrown at [/HUDSON/workspace/8-2-build-linux-amd64/jdk8u131/8869/hotspot/src/share/vm/runtime/sharedRuntime.cpp, line 605]
Event: 6,143 Thread 0x00007f6d70001000 Exception <a 'java/io/IOException'> (0x00000000ec04abe8) thrown at [/HUDSON/workspace/8-2-build-linux-amd64/jdk8u131/8869/hotspot/src/share/vm/prims/jni.cpp, line 709]
Event: 6,144 Thread 0x00007f6d70001000 Exception <a 'java/io/IOException'> (0x00000000ec04b1d8) thrown at [/HUDSON/workspace/8-2-build-linux-amd64/jdk8u131/8869/hotspot/src/share/vm/prims/jni.cpp, line 709]
Event: 6,148 Thread 0x00007f6d70001000 Exception <a 'java/io/IOException'> (0x00000000ec050288) thrown at [/HUDSON/workspace/8-2-build-linux-amd64/jdk8u131/8869/hotspot/src/share/vm/prims/jni.cpp, line 709]
Event: 6,148 Thread 0x00007f6d70001000 Exception <a 'java/io/IOException'> (0x00000000ec0504f8) thrown at [/HUDSON/workspace/8-2-build-linux-amd64/jdk8u131/8869/hotspot/src/share/vm/prims/jni.cpp, line 709]
Event: 6,194 Thread 0x00007f6d70001000 Exception <a 'java/io/IOException'> (0x00000000ec05e7c8) thrown at [/HUDSON/workspace/8-2-build-linux-amd64/jdk8u131/8869/hotspot/src/share/vm/prims/jni.cpp, line 709]
Event: 6,194 Thread 0x00007f6d70001000 Exception <a 'java/io/IOException'> (0x00000000ec05ea38) thrown at [/HUDSON/workspace/8-2-build-linux-amd64/jdk8u131/8869/hotspot/src/share/vm/prims/jni.cpp, line 709]

Events (10 events):
Event: 6,174 loading class com/orientechnologies/orient/core/storage/cache/local/twoq/ConcurrentLRUList$LRUEntry done
Event: 6,175 loading class com/orientechnologies/orient/core/storage/cache/local/twoq/O2QCache$UpdateCacheResult
Event: 6,175 loading class com/orientechnologies/orient/core/storage/cache/local/twoq/O2QCache$UpdateCacheResult done
Event: 6,178 loading class com/orientechnologies/orient/core/storage/cache/local/twoq/ConcurrentLRUList$OCacheEntryIterator
Event: 6,178 loading class com/orientechnologies/orient/core/storage/cache/local/twoq/ConcurrentLRUList$OCacheEntryIterator done
Event: 6,189 loading class com/orientechnologies/orient/core/storage/cache/local/twoq/O2QCache$PinnedPage
Event: 6,189 loading class com/orientechnologies/orient/core/storage/cache/local/twoq/O2QCache$PinnedPage done
Event: 6,194 Thread 0x00007f6d641a3000 Thread exited: 0x00007f6d641a3000
Event: 6,194 loading class java/util/concurrent/ConcurrentLinkedQueue$Itr
Event: 6,194 loading class java/util/concurrent/ConcurrentLinkedQueue$Itr done


Dynamic libraries:
00400000-00401000 r-xp 00000000 08:05 536548                             /usr/lib/jvm/java-8-oracle/jre/bin/java
00600000-00601000 rw-p 00000000 08:05 536548                             /usr/lib/jvm/java-8-oracle/jre/bin/java
011bf000-011e0000 rw-p 00000000 00:00 0                                  [heap]
c2c00000-c5580000 rw-p 00000000 00:00 0 
c5580000-eb980000 ---p 00000000 00:00 0 
eb980000-edd80000 rw-p 00000000 00:00 0 
edd80000-100000000 ---p 00000000 00:00 0 
100000000-100240000 rw-p 00000000 00:00 0 
100240000-140000000 ---p 00000000 00:00 0 
7f6d50000000-7f6d50021000 rw-p 00000000 00:00 0 
7f6d50021000-7f6d54000000 ---p 00000000 00:00 0 
7f6d57cfd000-7f6d57d00000 ---p 00000000 00:00 0 
7f6d57d00000-7f6d57dfe000 rw-p 00000000 00:00 0 
7f6d57dfe000-7f6d57e01000 ---p 00000000 00:00 0 
7f6d57e01000-7f6d57eff000 rw-p 00000000 00:00 0 
7f6d57eff000-7f6d57f02000 ---p 00000000 00:00 0 
7f6d57f02000-7f6d58000000 rw-p 00000000 00:00 0 
7f6d58000000-7f6d58021000 rw-p 00000000 00:00 0 
7f6d58021000-7f6d5c000000 ---p 00000000 00:00 0 
7f6d5c000000-7f6d5c291000 rw-p 00000000 00:00 0 
7f6d5c291000-7f6d60000000 ---p 00000000 00:00 0 
7f6d60000000-7f6d60021000 rw-p 00000000 00:00 0 
7f6d60021000-7f6d64000000 ---p 00000000 00:00 0 
7f6d64000000-7f6d64546000 rw-p 00000000 00:00 0 
7f6d64546000-7f6d68000000 ---p 00000000 00:00 0 
7f6d68000000-7f6d68551000 rw-p 00000000 00:00 0 
7f6d68551000-7f6d6c000000 ---p 00000000 00:00 0 
7f6d6c000000-7f6d6c021000 rw-p 00000000 00:00 0 
7f6d6c021000-7f6d70000000 ---p 00000000 00:00 0 
7f6d70000000-7f6d70021000 rw-p 00000000 00:00 0 
7f6d70021000-7f6d74000000 ---p 00000000 00:00 0 
7f6d74000000-7f6d74414000 rw-p 00000000 00:00 0 
7f6d74414000-7f6d78000000 ---p 00000000 00:00 0 
7f6d78000000-7f6d78021000 rw-p 00000000 00:00 0 
7f6d78021000-7f6d7c000000 ---p 00000000 00:00 0 
7f6d7c000000-7f6d7c021000 rw-p 00000000 00:00 0 
7f6d7c021000-7f6d80000000 ---p 00000000 00:00 0 
7f6d80000000-7f6d80021000 rw-p 00000000 00:00 0 
7f6d80021000-7f6d84000000 ---p 00000000 00:00 0 
7f6d84000000-7f6d84021000 rw-p 00000000 00:00 0 
7f6d84021000-7f6d88000000 ---p 00000000 00:00 0 
7f6d88000000-7f6d88024000 rw-p 00000000 00:00 0 
7f6d88024000-7f6d8c000000 ---p 00000000 00:00 0 
7f6d8c005000-7f6d8c00c000 r--s 00000000 08:05 794404                     /usr/lib/x86_64-linux-gnu/gconv/gconv-modules.cache
7f6d8c00c000-7f6d8c02e000 r--p 00000000 08:05 1314107                    /usr/share/locale-langpack/it/LC_MESSAGES/libc.mo
7f6d8c02e000-7f6d8c031000 ---p 00000000 00:00 0 
7f6d8c031000-7f6d8c12f000 rw-p 00000000 00:00 0 
7f6d8c12f000-7f6d8c132000 ---p 00000000 00:00 0 
7f6d8c132000-7f6d8c2f0000 rw-p 00000000 00:00 0 
7f6d8c2f0000-7f6d8c430000 ---p 00000000 00:00 0 
7f6d8c430000-7f6d8c441000 r-xp 00000000 08:05 536866                     /usr/lib/jvm/java-8-oracle/jre/lib/amd64/libnio.so
7f6d8c441000-7f6d8c640000 ---p 00011000 08:05 536866                     /usr/lib/jvm/java-8-oracle/jre/lib/amd64/libnio.so
7f6d8c640000-7f6d8c641000 rw-p 00010000 08:05 536866                     /usr/lib/jvm/java-8-oracle/jre/lib/amd64/libnio.so
7f6d8c641000-7f6d8c65d000 r--s 00393000 08:05 536710                     /usr/lib/jvm/java-8-oracle/jre/lib/ext/cldrdata.jar
7f6d8c65d000-7f6d8c85d000 rw-p 00000000 00:00 0 
7f6d8c85d000-7f6d8c860000 ---p 00000000 00:00 0 
7f6d8c860000-7f6d8cb5e000 rw-p 00000000 00:00 0 
7f6d8cb5e000-7f6d8cd5e000 rw-p 00000000 00:00 0 
7f6d8cd5e000-7f6d8cd79000 r--s 001d3000 08:05 536713                     /usr/lib/jvm/java-8-oracle/jre/lib/ext/nashorn.jar
7f6d8cd79000-7f6d8cd7c000 ---p 00000000 00:00 0 
7f6d8cd7c000-7f6d8ce7a000 rw-p 00000000 00:00 0 
7f6d8ce7a000-7f6d8ce83000 r-xp 00000000 08:05 536871                     /usr/lib/jvm/java-8-oracle/jre/lib/amd64/libmanagement.so
7f6d8ce83000-7f6d8d082000 ---p 00009000 08:05 536871                     /usr/lib/jvm/java-8-oracle/jre/lib/amd64/libmanagement.so
7f6d8d082000-7f6d8d083000 rw-p 00008000 08:05 536871                     /usr/lib/jvm/java-8-oracle/jre/lib/amd64/libmanagement.so
7f6d8d083000-7f6d8d384000 rw-p 00000000 00:00 0 
7f6d8d384000-7f6d8d39a000 r-xp 00000000 08:05 536863                     /usr/lib/jvm/java-8-oracle/jre/lib/amd64/libnet.so
7f6d8d39a000-7f6d8d59a000 ---p 00016000 08:05 536863                     /usr/lib/jvm/java-8-oracle/jre/lib/amd64/libnet.so
7f6d8d59a000-7f6d8d59b000 rw-p 00016000 08:05 536863                     /usr/lib/jvm/java-8-oracle/jre/lib/amd64/libnet.so
7f6d8d59b000-7f6d8d5a5000 r--s 00116000 08:05 536717                     /usr/lib/jvm/java-8-oracle/jre/lib/ext/localedata.jar
7f6d8d5a5000-7f6d8d5c3000 r--s 00123000 08:05 931580                     /home/vigna/.m2/repository/org/pitest/pitest/1.1.10/pitest-1.1.10.jar
7f6d8d5c3000-7f6d8d600000 r--s 0035c000 08:05 2104107                    /home/vigna/.m2/repository/com/orientechnologies/orientdb-core/2.2.23/orientdb-core-2.2.23.jar
7f6d8d600000-7f6d8d601000 ---p 00000000 00:00 0 
7f6d8d601000-7f6d8d701000 rw-p 00000000 00:00 0 
7f6d8d701000-7f6d8d704000 ---p 00000000 00:00 0 
7f6d8d704000-7f6d8d802000 rw-p 00000000 00:00 0 
7f6d8d802000-7f6d8d805000 ---p 00000000 00:00 0 
7f6d8d805000-7f6d8d903000 rw-p 00000000 00:00 0 
7f6d8d903000-7f6d8d906000 ---p 00000000 00:00 0 
7f6d8d906000-7f6d8da04000 rw-p 00000000 00:00 0 
7f6d8da04000-7f6d8da07000 ---p 00000000 00:00 0 
7f6d8da07000-7f6d8db05000 rw-p 00000000 00:00 0 
7f6d8db05000-7f6d8db08000 ---p 00000000 00:00 0 
7f6d8db08000-7f6d8dc06000 rw-p 00000000 00:00 0 
7f6d8dc06000-7f6d8dc09000 ---p 00000000 00:00 0 
7f6d8dc09000-7f6d8dd07000 rw-p 00000000 00:00 0 
7f6d8dd07000-7f6d8dd08000 ---p 00000000 00:00 0 
7f6d8dd08000-7f6d8e711000 rw-p 00000000 00:00 0 
7f6d8e711000-7f6d8e8ea000 r--s 03d40000 08:05 536654                     /usr/lib/jvm/java-8-oracle/jre/lib/rt.jar
7f6d8e8ea000-7f6d91000000 rw-p 00000000 00:00 0 
7f6d91000000-7f6d91510000 rwxp 00000000 00:00 0 
7f6d91510000-7f6da0000000 ---p 00000000 00:00 0 
7f6da0000000-7f6da04f5000 rw-p 00000000 00:00 0 
7f6da04f5000-7f6da4000000 ---p 00000000 00:00 0 
7f6da4002000-7f6da4007000 r--s 0009a000 08:05 536706                     /usr/lib/jvm/java-8-oracle/jre/lib/jsse.jar
7f6da4007000-7f6da41f1000 rw-p 00000000 00:00 0 
7f6da41f1000-7f6da41f2000 ---p 00000000 00:00 0 
7f6da41f2000-7f6da42f2000 rw-p 00000000 00:00 0 
7f6da42f2000-7f6da42f3000 ---p 00000000 00:00 0 
7f6da42f3000-7f6da4408000 rw-p 00000000 00:00 0 
7f6da4408000-7f6da453a000 ---p 00000000 00:00 0 
7f6da453a000-7f6da454f000 rw-p 00000000 00:00 0 
7f6da454f000-7f6da4680000 ---p 00000000 00:00 0 
7f6da4680000-7f6da4693000 rw-p 00000000 00:00 0 
7f6da4693000-7f6da4724000 ---p 00000000 00:00 0 
7f6da4724000-7f6da473a000 rw-p 00000000 00:00 0 
7f6da473a000-7f6da4ae5000 ---p 00000000 00:00 0 
7f6da4ae5000-7f6da4aff000 r-xp 00000000 08:05 536859                     /usr/lib/jvm/java-8-oracle/jre/lib/amd64/libzip.so
7f6da4aff000-7f6da4cff000 ---p 0001a000 08:05 536859                     /usr/lib/jvm/java-8-oracle/jre/lib/amd64/libzip.so
7f6da4cff000-7f6da4d00000 rw-p 0001a000 08:05 536859                     /usr/lib/jvm/java-8-oracle/jre/lib/amd64/libzip.so
7f6da4d00000-7f6da4d0b000 r-xp 00000000 08:05 2359379                    /lib/x86_64-linux-gnu/libnss_files-2.23.so
7f6da4d0b000-7f6da4f0a000 ---p 0000b000 08:05 2359379                    /lib/x86_64-linux-gnu/libnss_files-2.23.so
7f6da4f0a000-7f6da4f0b000 r--p 0000a000 08:05 2359379                    /lib/x86_64-linux-gnu/libnss_files-2.23.so
7f6da4f0b000-7f6da4f0c000 rw-p 0000b000 08:05 2359379                    /lib/x86_64-linux-gnu/libnss_files-2.23.so
7f6da4f0c000-7f6da4f12000 rw-p 00000000 00:00 0 
7f6da4f12000-7f6da4f1d000 r-xp 00000000 08:05 2359382                    /lib/x86_64-linux-gnu/libnss_nis-2.23.so
7f6da4f1d000-7f6da511c000 ---p 0000b000 08:05 2359382                    /lib/x86_64-linux-gnu/libnss_nis-2.23.so
7f6da511c000-7f6da511d000 r--p 0000a000 08:05 2359382                    /lib/x86_64-linux-gnu/libnss_nis-2.23.so
7f6da511d000-7f6da511e000 rw-p 0000b000 08:05 2359382                    /lib/x86_64-linux-gnu/libnss_nis-2.23.so
7f6da511e000-7f6da5134000 r-xp 00000000 08:05 2359301                    /lib/x86_64-linux-gnu/libnsl-2.23.so
7f6da5134000-7f6da5333000 ---p 00016000 08:05 2359301                    /lib/x86_64-linux-gnu/libnsl-2.23.so
7f6da5333000-7f6da5334000 r--p 00015000 08:05 2359301                    /lib/x86_64-linux-gnu/libnsl-2.23.so
7f6da5334000-7f6da5335000 rw-p 00016000 08:05 2359301                    /lib/x86_64-linux-gnu/libnsl-2.23.so
7f6da5335000-7f6da5337000 rw-p 00000000 00:00 0 
7f6da5337000-7f6da533f000 r-xp 00000000 08:05 2359388                    /lib/x86_64-linux-gnu/libnss_compat-2.23.so
7f6da533f000-7f6da553e000 ---p 00008000 08:05 2359388                    /lib/x86_64-linux-gnu/libnss_compat-2.23.so
7f6da553e000-7f6da553f000 r--p 00007000 08:05 2359388                    /lib/x86_64-linux-gnu/libnss_compat-2.23.so
7f6da553f000-7f6da5540000 rw-p 00008000 08:05 2359388                    /lib/x86_64-linux-gnu/libnss_compat-2.23.so
7f6da5540000-7f6da581a000 r--p 00000000 08:05 533141                     /usr/lib/locale/locale-archive
7f6da581a000-7f6da5824000 r-xp 00000000 08:05 536868                     /usr/lib/jvm/java-8-oracle/jre/lib/amd64/libinstrument.so
7f6da5824000-7f6da5a23000 ---p 0000a000 08:05 536868                     /usr/lib/jvm/java-8-oracle/jre/lib/amd64/libinstrument.so
7f6da5a23000-7f6da5a24000 rw-p 00009000 08:05 536868                     /usr/lib/jvm/java-8-oracle/jre/lib/amd64/libinstrument.so
7f6da5a24000-7f6da5a4f000 r-xp 00000000 08:05 536853                     /usr/lib/jvm/java-8-oracle/jre/lib/amd64/libjava.so
7f6da5a4f000-7f6da5c4e000 ---p 0002b000 08:05 536853                     /usr/lib/jvm/java-8-oracle/jre/lib/amd64/libjava.so
7f6da5c4e000-7f6da5c50000 rw-p 0002a000 08:05 536853                     /usr/lib/jvm/java-8-oracle/jre/lib/amd64/libjava.so
7f6da5c50000-7f6da5c5d000 r-xp 00000000 08:05 536858                     /usr/lib/jvm/java-8-oracle/jre/lib/amd64/libverify.so
7f6da5c5d000-7f6da5e5c000 ---p 0000d000 08:05 536858                     /usr/lib/jvm/java-8-oracle/jre/lib/amd64/libverify.so
7f6da5e5c000-7f6da5e5e000 rw-p 0000c000 08:05 536858                     /usr/lib/jvm/java-8-oracle/jre/lib/amd64/libverify.so
7f6da5e5e000-7f6da5e65000 r-xp 00000000 08:05 2359384                    /lib/x86_64-linux-gnu/librt-2.23.so
7f6da5e65000-7f6da6064000 ---p 00007000 08:05 2359384                    /lib/x86_64-linux-gnu/librt-2.23.so
7f6da6064000-7f6da6065000 r--p 00006000 08:05 2359384                    /lib/x86_64-linux-gnu/librt-2.23.so
7f6da6065000-7f6da6066000 rw-p 00007000 08:05 2359384                    /lib/x86_64-linux-gnu/librt-2.23.so
7f6da6066000-7f6da616e000 r-xp 00000000 08:05 2359393                    /lib/x86_64-linux-gnu/libm-2.23.so
7f6da616e000-7f6da636d000 ---p 00108000 08:05 2359393                    /lib/x86_64-linux-gnu/libm-2.23.so
7f6da636d000-7f6da636e000 r--p 00107000 08:05 2359393                    /lib/x86_64-linux-gnu/libm-2.23.so
7f6da636e000-7f6da636f000 rw-p 00108000 08:05 2359393                    /lib/x86_64-linux-gnu/libm-2.23.so
7f6da636f000-7f6da703e000 r-xp 00000000 08:05 536836                     /usr/lib/jvm/java-8-oracle/jre/lib/amd64/server/libjvm.so
7f6da703e000-7f6da723e000 ---p 00ccf000 08:05 536836                     /usr/lib/jvm/java-8-oracle/jre/lib/amd64/server/libjvm.so
7f6da723e000-7f6da7317000 rw-p 00ccf000 08:05 536836                     /usr/lib/jvm/java-8-oracle/jre/lib/amd64/server/libjvm.so
7f6da7317000-7f6da7362000 rw-p 00000000 00:00 0 
7f6da7362000-7f6da7522000 r-xp 00000000 08:05 2363829                    /lib/x86_64-linux-gnu/libc-2.23.so
7f6da7522000-7f6da7722000 ---p 001c0000 08:05 2363829                    /lib/x86_64-linux-gnu/libc-2.23.so
7f6da7722000-7f6da7726000 r--p 001c0000 08:05 2363829                    /lib/x86_64-linux-gnu/libc-2.23.so
7f6da7726000-7f6da7728000 rw-p 001c4000 08:05 2363829                    /lib/x86_64-linux-gnu/libc-2.23.so
7f6da7728000-7f6da772c000 rw-p 00000000 00:00 0 
7f6da772c000-7f6da772f000 r-xp 00000000 08:05 2359387                    /lib/x86_64-linux-gnu/libdl-2.23.so
7f6da772f000-7f6da792e000 ---p 00003000 08:05 2359387                    /lib/x86_64-linux-gnu/libdl-2.23.so
7f6da792e000-7f6da792f000 r--p 00002000 08:05 2359387                    /lib/x86_64-linux-gnu/libdl-2.23.so
7f6da792f000-7f6da7930000 rw-p 00003000 08:05 2359387                    /lib/x86_64-linux-gnu/libdl-2.23.so
7f6da7930000-7f6da7945000 r-xp 00000000 08:05 536831                     /usr/lib/jvm/java-8-oracle/jre/lib/amd64/jli/libjli.so
7f6da7945000-7f6da7b45000 ---p 00015000 08:05 536831                     /usr/lib/jvm/java-8-oracle/jre/lib/amd64/jli/libjli.so
7f6da7b45000-7f6da7b46000 rw-p 00015000 08:05 536831                     /usr/lib/jvm/java-8-oracle/jre/lib/amd64/jli/libjli.so
7f6da7b46000-7f6da7b5e000 r-xp 00000000 08:05 2359381                    /lib/x86_64-linux-gnu/libpthread-2.23.so
7f6da7b5e000-7f6da7d5d000 ---p 00018000 08:05 2359381                    /lib/x86_64-linux-gnu/libpthread-2.23.so
7f6da7d5d000-7f6da7d5e000 r--p 00017000 08:05 2359381                    /lib/x86_64-linux-gnu/libpthread-2.23.so
7f6da7d5e000-7f6da7d5f000 rw-p 00018000 08:05 2359381                    /lib/x86_64-linux-gnu/libpthread-2.23.so
7f6da7d5f000-7f6da7d63000 rw-p 00000000 00:00 0 
7f6da7d63000-7f6da7d89000 r-xp 00000000 08:05 2359310                    /lib/x86_64-linux-gnu/ld-2.23.so
7f6da7d8a000-7f6da7d92000 r--s 00045000 08:05 927250                     /home/vigna/.m2/repository/junit/junit/4.12/junit-4.12.jar
7f6da7d92000-7f6da7d9b000 r--s 0006f000 08:05 1450832                    /home/vigna/.m2/repository/log4j/log4j/1.2.17/log4j-1.2.17.jar
7f6da7d9b000-7f6da7d9f000 r--s 00019000 08:05 2104152                    /home/vigna/.m2/repository/com/googlecode/concurrentlinkedhashmap/concurrentlinkedhashmap-lru/1.4.1/concurrentlinkedhashmap-lru-1.4.1.jar
7f6da7d9f000-7f6da7dab000 r--s 0007c000 08:05 933887                     /home/vigna/.m2/repository/redis/clients/jedis/2.9.0/jedis-2.9.0.jar
7f6da7dab000-7f6da7e69000 rw-p 00000000 00:00 0 
7f6da7e69000-7f6da7e6c000 ---p 00000000 00:00 0 
7f6da7e6c000-7f6da7f6e000 rw-p 00000000 00:00 0 
7f6da7f6e000-7f6da7f70000 r--s 00009000 08:05 1606121                    /home/vigna/.m2/repository/org/hamcrest/hamcrest-core/1.3/hamcrest-core-1.3.jar
7f6da7f70000-7f6da7f73000 r--s 00067000 08:05 2104109                    /home/vigna/.m2/repository/org/xerial/snappy/snappy-java/1.1.0.1/snappy-java-1.1.0.1.jar
7f6da7f73000-7f6da7f74000 r--s 00001000 08:05 1978826                    /home/vigna/repoLocaleProgetto/negozio/negozio-redis/target/negozio-redis-0.0.1-SNAPSHOT-tests.jar
7f6da7f74000-7f6da7f77000 r--s 00019000 08:05 1318358                    /home/vigna/.m2/repository/org/apache/commons/commons-pool2/2.4.2/commons-pool2-2.4.2.jar
7f6da7f77000-7f6da7f78000 r--s 00001000 08:05 1978824                    /home/vigna/repoLocaleProgetto/negozio/negozio-redis/target/negozio-redis-0.0.1-SNAPSHOT.jar
7f6da7f78000-7f6da7f7a000 r--s 00003000 08:05 1859462                    /home/vigna/repoLocaleProgetto/negozio/negozio-concreto/target/negozio-concreto-0.0.1-SNAPSHOT-tests.jar
7f6da7f7a000-7f6da7f7b000 r--s 00002000 08:05 1859461                    /home/vigna/repoLocaleProgetto/negozio/negozio-concreto/target/negozio-concreto-0.0.1-SNAPSHOT.jar
7f6da7f7b000-7f6da7f7c000 r--s 00001000 08:05 3296841                    /tmp/15023576334920114891237048089681893118897336117662.jar
7f6da7f7c000-7f6da7f84000 rw-s 00000000 08:05 3296846                    /tmp/hsperfdata_vigna/464
7f6da7f84000-7f6da7f85000 rw-p 00000000 00:00 0 
7f6da7f85000-7f6da7f86000 ---p 00000000 00:00 0 
7f6da7f86000-7f6da7f88000 rw-p 00000000 00:00 0 
7f6da7f88000-7f6da7f89000 r--p 00025000 08:05 2359310                    /lib/x86_64-linux-gnu/ld-2.23.so
7f6da7f89000-7f6da7f8a000 rw-p 00026000 08:05 2359310                    /lib/x86_64-linux-gnu/ld-2.23.so
7f6da7f8a000-7f6da7f8b000 rw-p 00000000 00:00 0 
7ffee2b1b000-7ffee2b3c000 rw-p 00000000 00:00 0                          [stack]
7ffee2bf9000-7ffee2bfb000 r--p 00000000 00:00 0                          [vvar]
7ffee2bfb000-7ffee2bfd000 r-xp 00000000 00:00 0                          [vdso]
ffffffffff600000-ffffffffff601000 r-xp 00000000 00:00 0                  [vsyscall]

VM Arguments:
jvm_args: -javaagent:/tmp/15023576334920114891237048089681893118897336117662.jar -Dmaven.home=EMBEDDED -Dclassworlds.conf=/home/vigna/progettoTAP/.metadata/.plugins/org.eclipse.m2e.launching/launches/m2conf4125971157112793491.tmp -Dmaven.multiModuleProjectDirectory=/home/vigna/repoLocaleProgetto/negozio -Dfile.encoding=UTF-8 
java_command: org.pitest.mutationtest.execute.MutationTestMinion 32919
java_class_path (initial): :/home/vigna/repoLocaleProgetto/negozio/negozio-orientDB/target/test-classes:/home/vigna/repoLocaleProgetto/negozio/negozio-orientDB/target/classes:/home/vigna/repoLocaleProgetto/negozio/negozio-concreto/target/negozio-concreto-0.0.1-SNAPSHOT.jar:/home/vigna/repoLocaleProgetto/negozio/negozio-concreto/target/negozio-concreto-0.0.1-SNAPSHOT-tests.jar:/home/vigna/repoLocaleProgetto/negozio/negozio-redis/target/negozio-redis-0.0.1-SNAPSHOT.jar:/home/vigna/.m2/repository/redis/clients/jedis/2.9.0/jedis-2.9.0.jar:/home/vigna/.m2/repository/org/apache/commons/commons-pool2/2.4.2/commons-pool2-2.4.2.jar:/home/vigna/repoLocaleProgetto/negozio/negozio-redis/target/negozio-redis-0.0.1-SNAPSHOT-tests.jar:/home/vigna/.m2/repository/com/orientechnologies/orientdb-core/2.2.23/orientdb-core-2.2.23.jar:/home/vigna/.m2/repository/org/xerial/snappy/snappy-java/1.1.0.1/snappy-java-1.1.0.1.jar:/home/vigna/.m2/repository/com/googlecode/concurrentlinkedhashmap/concurrentlinkedhashmap-lru/1.4.1/concurrentlinkedhashmap-lru-1.4.1.jar:/home/vigna/.m2/repository/log4j/log4j/1.2.17/log4j-1.2.17.jar:/home/vigna/.m2/repository/junit/junit/4.12/junit-4.12.jar:/home/vigna/.m2/repository/org/hamcrest/hamcrest-core/1.3/hamcrest-core-1.3.jar:/home/vigna/.m2/repository/org/pitest/pitest/1.1.10/pitest-1.1.10.jar:/tmp/15023576334920114891237048089681893118897336117662.jar
Launcher Type: SUN_STANDARD

Environment Variables:
JAVA_HOME=/usr/lib/jvm/java-8-oracle
CLASSPATH=:/home/vigna/repoLocaleProgetto/negozio/negozio-orientDB/target/test-classes:/home/vigna/repoLocaleProgetto/negozio/negozio-orientDB/target/classes:/home/vigna/repoLocaleProgetto/negozio/negozio-concreto/target/negozio-concreto-0.0.1-SNAPSHOT.jar:/home/vigna/repoLocaleProgetto/negozio/negozio-concreto/target/negozio-concreto-0.0.1-SNAPSHOT-tests.jar:/home/vigna/repoLocaleProgetto/negozio/negozio-redis/target/negozio-redis-0.0.1-SNAPSHOT.jar:/home/vigna/.m2/repository/redis/clients/jedis/2.9.0/jedis-2.9.0.jar:/home/vigna/.m2/repository/org/apache/commons/commons-pool2/2.4.2/commons-pool2-2.4.2.jar:/home/vigna/repoLocaleProgetto/negozio/negozio-redis/target/negozio-redis-0.0.1-SNAPSHOT-tests.jar:/home/vigna/.m2/repository/com/orientechnologies/orientdb-core/2.2.23/orientdb-core-2.2.23.jar:/home/vigna/.m2/repository/org/xerial/snappy/snappy-java/1.1.0.1/snappy-java-1.1.0.1.jar:/home/vigna/.m2/repository/com/googlecode/concurrentlinkedhashmap/concurrentlinkedhashmap-lru/1.4.1/concurrentlinkedhashmap-lru-1.4.1.jar:/home/vigna/.m2/repository/log4j/log4j/1.2.17/log4j-1.2.17.jar:/home/vigna/.m2/repository/junit/junit/4.12/junit-4.12.jar:/home/vigna/.m2/repository/org/hamcrest/hamcrest-core/1.3/hamcrest-core-1.3.jar:/home/vigna/.m2/repository/org/pitest/pitest/1.1.10/pitest-1.1.10.jar
PATH=/home/vigna/bin:/home/vigna/.local/bin:/usr/local/sbin:/usr/local/bin:/usr/sbin:/usr/bin:/sbin:/bin:/usr/games:/usr/local/games:/snap/bin:/usr/lib/jvm/java-8-oracle/bin:/usr/lib/jvm/java-8-oracle/db/bin:/usr/lib/jvm/java-8-oracle/jre/bin
SHELL=/bin/bash
DISPLAY=:0

Signal Handlers:
SIGSEGV: [libjvm.so+0xac8af0], sa_mask[0]=11111111011111111101111111111110, sa_flags=SA_RESTART|SA_SIGINFO
SIGBUS: [libjvm.so+0xac8af0], sa_mask[0]=11111111011111111101111111111110, sa_flags=SA_RESTART|SA_SIGINFO
SIGFPE: [libjvm.so+0x921dd0], sa_mask[0]=11111111011111111101111111111110, sa_flags=SA_RESTART|SA_SIGINFO
SIGPIPE: [libjvm.so+0x921dd0], sa_mask[0]=11111111011111111101111111111110, sa_flags=SA_RESTART|SA_SIGINFO
SIGXFSZ: [libjvm.so+0x921dd0], sa_mask[0]=11111111011111111101111111111110, sa_flags=SA_RESTART|SA_SIGINFO
SIGILL: [libjvm.so+0x921dd0], sa_mask[0]=11111111011111111101111111111110, sa_flags=SA_RESTART|SA_SIGINFO
SIGUSR1: SIG_DFL, sa_mask[0]=00000000000000000000000000000000, sa_flags=none
SIGUSR2: [libjvm.so+0x923610], sa_mask[0]=00100000000000000000000000000000, sa_flags=SA_RESTART|SA_SIGINFO
SIGHUP: [libjvm.so+0x924a10], sa_mask[0]=11111111011111111101111111111110, sa_flags=SA_RESTART|SA_SIGINFO
SIGINT: [libjvm.so+0x924a10], sa_mask[0]=11111111011111111101111111111110, sa_flags=SA_RESTART|SA_SIGINFO
SIGTERM: [libjvm.so+0x924a10], sa_mask[0]=11111111011111111101111111111110, sa_flags=SA_RESTART|SA_SIGINFO
SIGQUIT: [libjvm.so+0x924a10], sa_mask[0]=11111111011111111101111111111110, sa_flags=SA_RESTART|SA_SIGINFO


---------------  S Y S T E M  ---------------

OS:DISTRIB_ID=Ubuntu
DISTRIB_RELEASE=16.04
DISTRIB_CODENAME=xenial
DISTRIB_DESCRIPTION="Ubuntu 16.04.2 LTS"

uname:Linux 4.10.0-28-generic #32~16.04.2-Ubuntu SMP Thu Jul 20 10:19:48 UTC 2017 x86_64
libc:glibc 2.23 NPTL 2.23 
rlimit: STACK 8192k, CORE 0k, NPROC 15495, NOFILE 65536, AS infinity
load average:4,91 6,25 4,00

/proc/meminfo:
MemTotal:        4011316 kB
MemFree:          818532 kB
MemAvailable:    1013076 kB
Buffers:           33932 kB
Cached:           380276 kB
SwapCached:        48356 kB
Active:          2183008 kB
Inactive:         770912 kB
Active(anon):    1975428 kB
Inactive(anon):   605296 kB
Active(file):     207580 kB
Inactive(file):   165616 kB
Unevictable:          48 kB
Mlocked:              48 kB
SwapTotal:       4159484 kB
SwapFree:        3581860 kB
Dirty:               184 kB
Writeback:             0 kB
AnonPages:       2536184 kB
Mapped:           276496 kB
Shmem:             41012 kB
Slab:             115916 kB
SReclaimable:      52852 kB
SUnreclaim:        63064 kB
KernelStack:       11776 kB
PageTables:        42268 kB
NFS_Unstable:          0 kB
Bounce:                0 kB
WritebackTmp:          0 kB
CommitLimit:     6165140 kB
Committed_AS:    8139924 kB
VmallocTotal:   34359738367 kB
VmallocUsed:           0 kB
VmallocChunk:          0 kB
HardwareCorrupted:     0 kB
AnonHugePages:    882688 kB
ShmemHugePages:        0 kB
ShmemPmdMapped:        0 kB
CmaTotal:              0 kB
CmaFree:               0 kB
HugePages_Total:       0
HugePages_Free:        0
HugePages_Rsvd:        0
HugePages_Surp:        0
Hugepagesize:       2048 kB
DirectMap4k:      255564 kB
DirectMap2M:     3905536 kB


CPU:total 2 (initial active 2) (2 cores per cpu, 1 threads per core) family 6 model 23 stepping 10, cmov, cx8, fxsr, mmx, sse, sse2, sse3, ssse3, sse4.1, tsc

/proc/cpuinfo:
processor	: 0
vendor_id	: GenuineIntel
cpu family	: 6
model		: 23
model name	: Intel(R) Core(TM)2 Duo CPU     T6600  @ 2.20GHz
stepping	: 10
microcode	: 0xa0b
cpu MHz		: 2200.000
cache size	: 2048 KB
physical id	: 0
siblings	: 2
core id		: 0
cpu cores	: 2
apicid		: 0
initial apicid	: 0
fpu		: yes
fpu_exception	: yes
cpuid level	: 13
wp		: yes
flags		: fpu vme de pse tsc msr pae mce cx8 apic sep mtrr pge mca cmov pat pse36 clflush dts acpi mmx fxsr sse sse2 ss ht tm pbe syscall nx lm constant_tsc arch_perfmon pebs bts rep_good nopl aperfmperf pni dtes64 monitor ds_cpl est tm2 ssse3 cx16 xtpr pdcm sse4_1 xsave lahf_lm dtherm
bugs		:
bogomips	: 4388.98
clflush size	: 64
cache_alignment	: 64
address sizes	: 36 bits physical, 48 bits virtual
power management:

processor	: 1
vendor_id	: GenuineIntel
cpu family	: 6
model		: 23
model name	: Intel(R) Core(TM)2 Duo CPU     T6600  @ 2.20GHz
stepping	: 10
microcode	: 0xa0b
cpu MHz		: 2200.000
cache size	: 2048 KB
physical id	: 0
siblings	: 2
core id		: 1
cpu cores	: 2
apicid		: 1
initial apicid	: 1
fpu		: yes
fpu_exception	: yes
cpuid level	: 13
wp		: yes
flags		: fpu vme de pse tsc msr pae mce cx8 apic sep mtrr pge mca cmov pat pse36 clflush dts acpi mmx fxsr sse sse2 ss ht tm pbe syscall nx lm constant_tsc arch_perfmon pebs bts rep_good nopl aperfmperf pni dtes64 monitor ds_cpl est tm2 ssse3 cx16 xtpr pdcm sse4_1 xsave lahf_lm dtherm
bugs		:
bogomips	: 4388.98
clflush size	: 64
cache_alignment	: 64
address sizes	: 36 bits physical, 48 bits virtual
power management:



Memory: 4k page, physical 4011316k(818532k free), swap 4159484k(3581860k free)

vm_info: Java HotSpot(TM) 64-Bit Server VM (25.131-b11) for linux-amd64 JRE (1.8.0_131-b11), built on Mar 15 2017 01:23:40 by "java_re" with gcc 4.3.0 20080428 (Red Hat 4.3.0-8)

time: Thu Aug 10 11:39:25 2017
elapsed time: 6 seconds (0d 0h 0m 6s)

