#
# A fatal error has been detected by the Java Runtime Environment:
#
#  SIGSEGV (0xb) at pc=0x00007fb1360f6c0c, pid=32522, tid=0x00007fb11e438700
#
# JRE version: Java(TM) SE Runtime Environment (8.0_131-b11) (build 1.8.0_131-b11)
# Java VM: Java HotSpot(TM) 64-Bit Server VM (25.131-b11 mixed mode linux-amd64 compressed oops)
# Problematic frame:
# C  [libzip.so+0x10c0c]  crc32+0x43c
#
# Failed to write core dump. Core dumps have been disabled. To enable core dumping, try "ulimit -c unlimited" before starting Java again
#
# If you would like to submit a bug report, please visit:
#   http://bugreport.java.com/bugreport/crash.jsp
# The crash happened outside the Java Virtual Machine in native code.
# See problematic frame for where to report the bug.
#

---------------  T H R E A D  ---------------

Current thread (0x00007fb13038c000):  JavaThread "mutationTestThread" daemon [_thread_in_native, id=32538, stack(0x00007fb11e338000,0x00007fb11e439000)]

siginfo: si_signo: 11 (SIGSEGV), si_code: 1 (SEGV_MAPERR), si_addr: 0x00007fb0c0055400

Registers:
RAX=0x000000006458b9c1, RBX=0x0000000000000013, RCX=0x00000000000000ce, RDX=0x00000000000000c4
RSP=0x00007fb11e4357a8, RBP=0x00007fb11e4357c0, RSI=0x000000000000009f, RDI=0x00000000c4ce132f
R8 =0x00007fb1360fbc20, R9 =0x00007fb0c00553fc, R10=0x00007fb0c005effc, R11=0x000000000000ffd4
R12=0x0000000000000000, R13=0x00007fb13511abe0, R14=0x00007fb11e435880, R15=0x00007fb13038c000
RIP=0x00007fb1360f6c0c, EFLAGS=0x0000000000010202, CSGSFS=0x002b000000000033, ERR=0x0000000000000004
  TRAPNO=0x000000000000000e

Top of Stack: (sp=0x00007fb11e4357a8)
0x00007fb11e4357a8:   00007fb13511abe0 0000000000000000
0x00007fb11e4357b8:   00007fb13511abe0 00007fb11e435840
0x00007fb11e4357c8:   00007fb121015574 00007fb11e435800
0x00007fb11e4357d8:   00007fb138a78836 00007fb11d8a2348
0x00007fb11e4357e8:   00007fb11d8be590 000000001d8a2308
0x00007fb11e4357f8:   000000001d8a2328 00007fb11e435800
0x00007fb11e435808:   0000000000000000 00007fb11e435880
0x00007fb11e435818:   00007fb13511ad00 0000000000000000
0x00007fb11e435828:   00007fb13511abe0 0000000000000000
0x00007fb11e435838:   00007fb11e435860 00007fb11e4358d0
0x00007fb11e435848:   00007fb121007a40 00000000edd125e0
0x00007fb11e435858:   00007fb121011276 000000000000fff4
0x00007fb11e435868:   000000000000000c 00007fb0c004f010
0x00007fb11e435878:   00000000ebf12900 0000000000000000
0x00007fb11e435888:   00000000ebf12968 00007fb11e435890
0x00007fb11e435898:   00007fb13511a890 00007fb11e435908
0x00007fb11e4358a8:   00007fb13511ad00 0000000000000000
0x00007fb11e4358b8:   00007fb13511a8f8 00007fb11e435860
0x00007fb11e4358c8:   00007fb11e435900 00007fb11e435970
0x00007fb11e4358d8:   00007fb1210004e7 0000000000000000
0x00007fb11e4358e8:   000000000000fff4 0000000000010000
0x00007fb11e4358f8:   000000000000000c 00000000ebf12900
0x00007fb11e435908:   00000000ebf12968 0000000000001fa0
0x00007fb11e435918:   00007fb13038c820 00007fb13038c000
0x00007fb11e435928:   00007fb11e4359f0 00007fb11e435d00
0x00007fb11e435938:   00007fb11e4359b0 00007fb11e4359b0
0x00007fb11e435948:   00007fb11e435d08 00007fb10000000a
0x00007fb11e435958:   00007fb13511a8f8 00007fb1210129c0
0x00007fb11e435968:   00007fb11e435bf8 00007fb11e435ae0
0x00007fb11e435978:   00007fb138001d16 000000e700000002
0x00007fb11e435988:   00007fb13038c000 00007fb11e435bf0
0x00007fb11e435998:   00007fb11e435d00 00007fb1210129c0 

Instructions: (pc=0x00007fb1360f6c0c)
0x00007fb1360f6bec:   11 0f b6 de 89 d1 0f b6 c2 c1 ea 18 41 8b 84 80
0x00007fb1360f6bfc:   00 0c 00 00 c1 e9 10 89 d2 0f b6 c9 41 33 04 90
0x00007fb1360f6c0c:   41 33 41 04 41 33 84 98 00 08 00 00 41 33 84 88
0x00007fb1360f6c1c:   00 04 00 00 0f b6 dc 89 c1 0f b6 d0 c1 e8 18 41 

Register to memory mapping:

RAX=0x000000006458b9c1 is an unknown value
RBX=0x0000000000000013 is an unknown value
RCX=0x00000000000000ce is an unknown value
RDX=0x00000000000000c4 is an unknown value
RSP=0x00007fb11e4357a8 is pointing into the stack for thread: 0x00007fb13038c000
RBP=0x00007fb11e4357c0 is pointing into the stack for thread: 0x00007fb13038c000
RSI=0x000000000000009f is an unknown value
RDI=
[error occurred during error reporting (printing register info), id 0xb]

Stack: [0x00007fb11e338000,0x00007fb11e439000],  sp=0x00007fb11e4357a8,  free space=1013k
Native frames: (J=compiled Java code, j=interpreted, Vv=VM code, C=native code)
C  [libzip.so+0x10c0c]  crc32+0x43c
j  java.util.zip.CRC32.updateByteBuffer(IJII)I+0
j  java.util.zip.CRC32.update(Ljava/nio/ByteBuffer;)V+64
v  ~StubRoutines::call_stub
V  [libjvm.so+0x691d16]  JavaCalls::call_helper(JavaValue*, methodHandle*, JavaCallArguments*, Thread*)+0x1056
V  [libjvm.so+0x99d637]  Reflection::invoke(instanceKlassHandle, methodHandle, Handle, bool, objArrayHandle, BasicType, objArrayHandle, bool, Thread*)+0x5d7
V  [libjvm.so+0x9a0d47]  Reflection::invoke_method(oopDesc*, Handle, objArrayHandle, Thread*)+0x147
V  [libjvm.so+0x7253cb]  JVM_InvokeMethod+0x26b
j  sun.reflect.NativeMethodAccessorImpl.invoke0(Ljava/lang/reflect/Method;Ljava/lang/Object;[Ljava/lang/Object;)Ljava/lang/Object;+0
j  sun.reflect.NativeMethodAccessorImpl.invoke(Ljava/lang/Object;[Ljava/lang/Object;)Ljava/lang/Object;+100
j  sun.reflect.DelegatingMethodAccessorImpl.invoke(Ljava/lang/Object;[Ljava/lang/Object;)Ljava/lang/Object;+6
j  java.lang.reflect.Method.invoke(Ljava/lang/Object;[Ljava/lang/Object;)Ljava/lang/Object;+56
j  com.orientechnologies.orient.core.storage.cache.local.OWOWCache.verifyChecksum(Ljava/nio/ByteBuffer;JJ[Ljava/nio/ByteBuffer;)V+259
j  com.orientechnologies.orient.core.storage.cache.local.OWOWCache.loadFileContent(IJIZ)[Lcom/orientechnologies/orient/core/storage/cache/OCachePointer;+239
j  com.orientechnologies.orient.core.storage.cache.local.OWOWCache.load(JJIZLcom/orientechnologies/common/types/OModifiableBoolean;Z)[Lcom/orientechnologies/orient/core/storage/cache/OCachePointer;+194
j  com.orientechnologies.orient.core.storage.cache.local.twoq.O2QCache.updateCache(JJZLcom/orientechnologies/orient/core/storage/cache/OWriteCache;ILcom/orientechnologies/common/types/OModifiableBoolean;Z)Lcom/orientechnologies/orient/core/storage/cache/local/twoq/O2QCache$UpdateCacheResult;+169
j  com.orientechnologies.orient.core.storage.cache.local.twoq.O2QCache.doLoad(JJZZLcom/orientechnologies/orient/core/storage/cache/OWriteCache;ILcom/orientechnologies/orient/core/storage/impl/local/statistic/OSessionStoragePerformanceStatistic;Z)Lcom/orientechnologies/orient/core/storage/cache/local/twoq/O2QCache$UpdateCacheResult;+175
j  com.orientechnologies.orient.core.storage.cache.local.twoq.O2QCache.load(JJZLcom/orientechnologies/orient/core/storage/cache/OWriteCache;IZ)Lcom/orientechnologies/orient/core/storage/cache/OCacheEntry;+48
j  com.orientechnologies.orient.core.storage.impl.local.paginated.base.ODurableComponent.loadPage(Lcom/orientechnologies/orient/core/storage/impl/local/paginated/atomicoperations/OAtomicOperation;JJZI)Lcom/orientechnologies/orient/core/storage/cache/OCacheEntry;+20
j  com.orientechnologies.orient.core.storage.impl.local.paginated.base.ODurableComponent.loadPage(Lcom/orientechnologies/orient/core/storage/impl/local/paginated/atomicoperations/OAtomicOperation;JJZ)Lcom/orientechnologies/orient/core/storage/cache/OCacheEntry;+8
j  com.orientechnologies.orient.core.storage.impl.local.paginated.OPaginatedCluster.open()V+37
j  com.orientechnologies.orient.core.storage.impl.local.OAbstractPaginatedStorage.openClusters()V+107
j  com.orientechnologies.orient.core.storage.impl.local.OAbstractPaginatedStorage.open(Ljava/lang/String;Ljava/lang/String;Ljava/util/Map;)V+259
j  com.orientechnologies.orient.core.db.document.ODatabaseDocumentTx.open(Ljava/lang/String;Ljava/lang/String;)Lcom/orientechnologies/orient/core/db/ODatabase;+215
j  com.lorenzo.marco.database.orientdb.OrientDBdatabaseWrapperTest.setUp()V+50
v  ~StubRoutines::call_stub
V  [libjvm.so+0x691d16]  JavaCalls::call_helper(JavaValue*, methodHandle*, JavaCallArguments*, Thread*)+0x1056
V  [libjvm.so+0x99d637]  Reflection::invoke(instanceKlassHandle, methodHandle, Handle, bool, objArrayHandle, BasicType, objArrayHandle, bool, Thread*)+0x5d7
V  [libjvm.so+0x9a0d47]  Reflection::invoke_method(oopDesc*, Handle, objArrayHandle, Thread*)+0x147
V  [libjvm.so+0x7253cb]  JVM_InvokeMethod+0x26b
j  sun.reflect.NativeMethodAccessorImpl.invoke0(Ljava/lang/reflect/Method;Ljava/lang/Object;[Ljava/lang/Object;)Ljava/lang/Object;+0
j  sun.reflect.NativeMethodAccessorImpl.invoke(Ljava/lang/Object;[Ljava/lang/Object;)Ljava/lang/Object;+100
j  sun.reflect.DelegatingMethodAccessorImpl.invoke(Ljava/lang/Object;[Ljava/lang/Object;)Ljava/lang/Object;+6
j  java.lang.reflect.Method.invoke(Ljava/lang/Object;[Ljava/lang/Object;)Ljava/lang/Object;+56
j  org.junit.runners.model.FrameworkMethod$1.runReflectiveCall()Ljava/lang/Object;+15
j  org.junit.internal.runners.model.ReflectiveCallable.run()Ljava/lang/Object;+1
j  org.junit.runners.model.FrameworkMethod.invokeExplosively(Ljava/lang/Object;[Ljava/lang/Object;)Ljava/lang/Object;+10
j  org.junit.internal.runners.statements.RunBefores.evaluate()V+38
j  org.junit.runners.ParentRunner.runLeaf(Lorg/junit/runners/model/Statement;Lorg/junit/runner/Description;Lorg/junit/runner/notification/RunNotifier;)V+17
j  org.junit.runners.BlockJUnit4ClassRunner.runChild(Lorg/junit/runners/model/FrameworkMethod;Lorg/junit/runner/notification/RunNotifier;)V+30
j  org.junit.runners.BlockJUnit4ClassRunner.runChild(Ljava/lang/Object;Lorg/junit/runner/notification/RunNotifier;)V+6
j  org.junit.runners.ParentRunner$3.run()V+12
j  org.junit.runners.ParentRunner$1.schedule(Ljava/lang/Runnable;)V+1
j  org.junit.runners.ParentRunner.runChildren(Lorg/junit/runner/notification/RunNotifier;)V+44
j  org.junit.runners.ParentRunner.access$000(Lorg/junit/runners/ParentRunner;Lorg/junit/runner/notification/RunNotifier;)V+2
j  org.junit.runners.ParentRunner$2.evaluate()V+8
j  org.junit.runners.ParentRunner.run(Lorg/junit/runner/notification/RunNotifier;)V+20
j  org.pitest.junit.adapter.CustomRunnerExecutor.run()V+34
j  org.pitest.junit.adapter.AdaptedJUnitTestUnit.execute(Ljava/lang/ClassLoader;Lorg/pitest/testapi/ResultCollector;)V+63
j  org.pitest.mutationtest.execute.MutationTimeoutDecorator$1.run()V+15
j  java.util.concurrent.Executors$RunnableAdapter.call()Ljava/lang/Object;+4
j  java.util.concurrent.FutureTask.run()V+42
j  java.lang.Thread.run()V+11
v  ~StubRoutines::call_stub
V  [libjvm.so+0x691d16]  JavaCalls::call_helper(JavaValue*, methodHandle*, JavaCallArguments*, Thread*)+0x1056
V  [libjvm.so+0x692221]  JavaCalls::call_virtual(JavaValue*, KlassHandle, Symbol*, Symbol*, JavaCallArguments*, Thread*)+0x321
V  [libjvm.so+0x6926c7]  JavaCalls::call_virtual(JavaValue*, Handle, KlassHandle, Symbol*, Symbol*, Thread*)+0x47
V  [libjvm.so+0x72da50]  thread_entry(JavaThread*, Thread*)+0xa0
V  [libjvm.so+0xa76833]  JavaThread::thread_main_inner()+0x103
V  [libjvm.so+0xa7697c]  JavaThread::run()+0x11c
V  [libjvm.so+0x927568]  java_start(Thread*)+0x108
C  [libpthread.so.0+0x76ba]  start_thread+0xca

Java frames: (J=compiled Java code, j=interpreted, Vv=VM code)
j  java.util.zip.CRC32.updateByteBuffer(IJII)I+0
j  java.util.zip.CRC32.update(Ljava/nio/ByteBuffer;)V+64
v  ~StubRoutines::call_stub
j  sun.reflect.NativeMethodAccessorImpl.invoke0(Ljava/lang/reflect/Method;Ljava/lang/Object;[Ljava/lang/Object;)Ljava/lang/Object;+0
j  sun.reflect.NativeMethodAccessorImpl.invoke(Ljava/lang/Object;[Ljava/lang/Object;)Ljava/lang/Object;+100
j  sun.reflect.DelegatingMethodAccessorImpl.invoke(Ljava/lang/Object;[Ljava/lang/Object;)Ljava/lang/Object;+6
j  java.lang.reflect.Method.invoke(Ljava/lang/Object;[Ljava/lang/Object;)Ljava/lang/Object;+56
j  com.orientechnologies.orient.core.storage.cache.local.OWOWCache.verifyChecksum(Ljava/nio/ByteBuffer;JJ[Ljava/nio/ByteBuffer;)V+259
j  com.orientechnologies.orient.core.storage.cache.local.OWOWCache.loadFileContent(IJIZ)[Lcom/orientechnologies/orient/core/storage/cache/OCachePointer;+239
j  com.orientechnologies.orient.core.storage.cache.local.OWOWCache.load(JJIZLcom/orientechnologies/common/types/OModifiableBoolean;Z)[Lcom/orientechnologies/orient/core/storage/cache/OCachePointer;+194
j  com.orientechnologies.orient.core.storage.cache.local.twoq.O2QCache.updateCache(JJZLcom/orientechnologies/orient/core/storage/cache/OWriteCache;ILcom/orientechnologies/common/types/OModifiableBoolean;Z)Lcom/orientechnologies/orient/core/storage/cache/local/twoq/O2QCache$UpdateCacheResult;+169
j  com.orientechnologies.orient.core.storage.cache.local.twoq.O2QCache.doLoad(JJZZLcom/orientechnologies/orient/core/storage/cache/OWriteCache;ILcom/orientechnologies/orient/core/storage/impl/local/statistic/OSessionStoragePerformanceStatistic;Z)Lcom/orientechnologies/orient/core/storage/cache/local/twoq/O2QCache$UpdateCacheResult;+175
j  com.orientechnologies.orient.core.storage.cache.local.twoq.O2QCache.load(JJZLcom/orientechnologies/orient/core/storage/cache/OWriteCache;IZ)Lcom/orientechnologies/orient/core/storage/cache/OCacheEntry;+48
j  com.orientechnologies.orient.core.storage.impl.local.paginated.base.ODurableComponent.loadPage(Lcom/orientechnologies/orient/core/storage/impl/local/paginated/atomicoperations/OAtomicOperation;JJZI)Lcom/orientechnologies/orient/core/storage/cache/OCacheEntry;+20
j  com.orientechnologies.orient.core.storage.impl.local.paginated.base.ODurableComponent.loadPage(Lcom/orientechnologies/orient/core/storage/impl/local/paginated/atomicoperations/OAtomicOperation;JJZ)Lcom/orientechnologies/orient/core/storage/cache/OCacheEntry;+8
j  com.orientechnologies.orient.core.storage.impl.local.paginated.OPaginatedCluster.open()V+37
j  com.orientechnologies.orient.core.storage.impl.local.OAbstractPaginatedStorage.openClusters()V+107
j  com.orientechnologies.orient.core.storage.impl.local.OAbstractPaginatedStorage.open(Ljava/lang/String;Ljava/lang/String;Ljava/util/Map;)V+259
j  com.orientechnologies.orient.core.db.document.ODatabaseDocumentTx.open(Ljava/lang/String;Ljava/lang/String;)Lcom/orientechnologies/orient/core/db/ODatabase;+215
j  com.lorenzo.marco.database.orientdb.OrientDBdatabaseWrapperTest.setUp()V+50
v  ~StubRoutines::call_stub
j  sun.reflect.NativeMethodAccessorImpl.invoke0(Ljava/lang/reflect/Method;Ljava/lang/Object;[Ljava/lang/Object;)Ljava/lang/Object;+0
j  sun.reflect.NativeMethodAccessorImpl.invoke(Ljava/lang/Object;[Ljava/lang/Object;)Ljava/lang/Object;+100
j  sun.reflect.DelegatingMethodAccessorImpl.invoke(Ljava/lang/Object;[Ljava/lang/Object;)Ljava/lang/Object;+6
j  java.lang.reflect.Method.invoke(Ljava/lang/Object;[Ljava/lang/Object;)Ljava/lang/Object;+56
j  org.junit.runners.model.FrameworkMethod$1.runReflectiveCall()Ljava/lang/Object;+15
j  org.junit.internal.runners.model.ReflectiveCallable.run()Ljava/lang/Object;+1
j  org.junit.runners.model.FrameworkMethod.invokeExplosively(Ljava/lang/Object;[Ljava/lang/Object;)Ljava/lang/Object;+10
j  org.junit.internal.runners.statements.RunBefores.evaluate()V+38
j  org.junit.runners.ParentRunner.runLeaf(Lorg/junit/runners/model/Statement;Lorg/junit/runner/Description;Lorg/junit/runner/notification/RunNotifier;)V+17
j  org.junit.runners.BlockJUnit4ClassRunner.runChild(Lorg/junit/runners/model/FrameworkMethod;Lorg/junit/runner/notification/RunNotifier;)V+30
j  org.junit.runners.BlockJUnit4ClassRunner.runChild(Ljava/lang/Object;Lorg/junit/runner/notification/RunNotifier;)V+6
j  org.junit.runners.ParentRunner$3.run()V+12
j  org.junit.runners.ParentRunner$1.schedule(Ljava/lang/Runnable;)V+1
j  org.junit.runners.ParentRunner.runChildren(Lorg/junit/runner/notification/RunNotifier;)V+44
j  org.junit.runners.ParentRunner.access$000(Lorg/junit/runners/ParentRunner;Lorg/junit/runner/notification/RunNotifier;)V+2
j  org.junit.runners.ParentRunner$2.evaluate()V+8
j  org.junit.runners.ParentRunner.run(Lorg/junit/runner/notification/RunNotifier;)V+20
j  org.pitest.junit.adapter.CustomRunnerExecutor.run()V+34
j  org.pitest.junit.adapter.AdaptedJUnitTestUnit.execute(Ljava/lang/ClassLoader;Lorg/pitest/testapi/ResultCollector;)V+63
j  org.pitest.mutationtest.execute.MutationTimeoutDecorator$1.run()V+15
j  java.util.concurrent.Executors$RunnableAdapter.call()Ljava/lang/Object;+4
j  java.util.concurrent.FutureTask.run()V+42
j  java.lang.Thread.run()V+11
v  ~StubRoutines::call_stub

---------------  P R O C E S S  ---------------

Java Threads: ( => current thread )
  0x00007fb100001000 JavaThread "SIGTERM handler" daemon [_thread_blocked, id=32545, stack(0x00007fb11d321000,0x00007fb11d422000)]
  0x00007fb13039d000 JavaThread "mutationTestThread" daemon [_thread_blocked, id=32543, stack(0x00007fb11d422000,0x00007fb11d523000)]
  0x00007fb0f4288000 JavaThread "OrientDB Write Cache Flush Task (negozioDB)" daemon [_thread_blocked, id=32542, stack(0x00007fb11d523000,0x00007fb11d624000)]
  0x00007fb0f4284000 JavaThread "OrientDB WAL Flush Task (negozioDB)" daemon [_thread_blocked, id=32541, stack(0x00007fb11d624000,0x00007fb11d725000)]
  0x00007fb0f4262000 JavaThread "WAL Closer Task (negozioDB)" daemon [_thread_blocked, id=32540, stack(0x00007fb11d725000,0x00007fb11d826000)]
=>0x00007fb13038c000 JavaThread "mutationTestThread" daemon [_thread_in_native, id=32538, stack(0x00007fb11e338000,0x00007fb11e439000)]
  0x00007fb130145800 JavaThread "Service Thread" daemon [_thread_blocked, id=32535, stack(0x00007fb11ec5b000,0x00007fb11ed5c000)]
  0x00007fb130143000 JavaThread "C1 CompilerThread1" daemon [_thread_blocked, id=32534, stack(0x00007fb11ed5c000,0x00007fb11ee5d000)]
  0x00007fb13013d800 JavaThread "C2 CompilerThread0" daemon [_thread_blocked, id=32533, stack(0x00007fb11ee5d000,0x00007fb11ef5e000)]
  0x00007fb13013b800 JavaThread "Signal Dispatcher" daemon [_thread_blocked, id=32532, stack(0x00007fb11ef5e000,0x00007fb11f05f000)]
  0x00007fb130109800 JavaThread "Finalizer" daemon [_thread_blocked, id=32531, stack(0x00007fb11f05f000,0x00007fb11f160000)]
  0x00007fb130105000 JavaThread "Reference Handler" daemon [_thread_blocked, id=32530, stack(0x00007fb1340ae000,0x00007fb1341af000)]
  0x00007fb13000c800 JavaThread "main" [_thread_blocked, id=32525, stack(0x00007fb13946a000,0x00007fb13956b000)]

Other Threads:
  0x00007fb1300fd800 VMThread [stack: 0x00007fb1341af000,0x00007fb1342b0000] [id=32529]
  0x00007fb13014a800 WatcherThread [stack: 0x00007fb11eb5a000,0x00007fb11ec5b000] [id=32536]

VM state:at safepoint (normal execution)

VM Mutex/Monitor currently owned by a thread:  ([mutex/lock_event])
[0x00007fb130008d10] Threads_lock - owner thread: 0x00007fb1300fd800
[0x00007fb130009210] Heap_lock - owner thread: 0x00007fb100001000

Heap:
 PSYoungGen      total 34304K, used 10276K [0x00000000eb980000, 0x00000000edd80000, 0x0000000100000000)
  eden space 31744K, 24% used [0x00000000eb980000,0x00000000ec1093b0,0x00000000ed880000)
  from space 2560K, 100% used [0x00000000edb00000,0x00000000edd80000,0x00000000edd80000)
  to   space 2560K, 52% used [0x00000000ed880000,0x00000000ed9d0000,0x00000000edb00000)
 ParOldGen       total 42496K, used 5735K [0x00000000c2c00000, 0x00000000c5580000, 0x00000000eb980000)
  object space 42496K, 13% used [0x00000000c2c00000,0x00000000c3199d20,0x00000000c5580000)
 Metaspace       used 16740K, capacity 17212K, committed 17408K, reserved 1064960K
  class space    used 2077K, capacity 2302K, committed 2304K, reserved 1048576K

Card table byte_map: [0x00007fb135b3b000,0x00007fb135d26000] byte_map_base: 0x00007fb135525000

Marking Bits: (ParMarkBitMap*) 0x00007fb138935f60
 Begin Bits: [0x00007fb11f160000, 0x00007fb1200b0000)
 End Bits:   [0x00007fb1200b0000, 0x00007fb121000000)

Polling page: 0x00007fb139586000

CodeCache: size=245760Kb used=5142Kb max_used=5142Kb free=240617Kb
 bounds [0x00007fb121000000, 0x00007fb121510000, 0x00007fb130000000]
 total_blobs=2049 nmethods=1607 adapters=357
 compilation: enabled

Compilation events (10 events):
Event: 5,960 Thread 0x00007fb130143000 1602       3       java.lang.StringBuilder::append (6 bytes)
Event: 5,961 Thread 0x00007fb130143000 nmethod 1602 0x00007fb1215062d0 code [0x00007fb121506440, 0x00007fb1215066a8]
Event: 5,961 Thread 0x00007fb130143000 1603       3       java.lang.StringBuilder::append (6 bytes)
Event: 5,961 Thread 0x00007fb130143000 nmethod 1603 0x00007fb121506790 code [0x00007fb121506900, 0x00007fb121506b68]
Event: 5,963 Thread 0x00007fb130143000 1604       3       java.util.concurrent.ConcurrentHashMap::put (8 bytes)
Event: 5,964 Thread 0x00007fb130143000 nmethod 1604 0x00007fb121506c50 code [0x00007fb121506dc0, 0x00007fb121506fc8]
Event: 5,966 Thread 0x00007fb130143000 1605       1       com.orientechnologies.common.types.OModifiableInteger::intValue (5 bytes)
Event: 5,966 Thread 0x00007fb130143000 nmethod 1605 0x00007fb121507050 code [0x00007fb1215071a0, 0x00007fb1215072b0]
Event: 5,972 Thread 0x00007fb130143000 1606       1       java.util.Calendar::internalSet (8 bytes)
Event: 5,972 Thread 0x00007fb130143000 nmethod 1606 0x00007fb121507310 code [0x00007fb121507460, 0x00007fb121507590]

GC Heap History (8 events):
Event: 1,908 GC heap before
{Heap before GC invocations=1 (full 0):
 PSYoungGen      total 18432K, used 15872K [0x00000000eb980000, 0x00000000ece00000, 0x0000000100000000)
  eden space 15872K, 100% used [0x00000000eb980000,0x00000000ec900000,0x00000000ec900000)
  from space 2560K, 0% used [0x00000000ecb80000,0x00000000ecb80000,0x00000000ece00000)
  to   space 2560K, 0% used [0x00000000ec900000,0x00000000ec900000,0x00000000ecb80000)
 ParOldGen       total 42496K, used 0K [0x00000000c2c00000, 0x00000000c5580000, 0x00000000eb980000)
  object space 42496K, 0% used [0x00000000c2c00000,0x00000000c2c00000,0x00000000c5580000)
 Metaspace       used 6690K, capacity 6806K, committed 7040K, reserved 1056768K
  class space    used 760K, capacity 821K, committed 896K, reserved 1048576K
Event: 1,924 GC heap after
Heap after GC invocations=1 (full 0):
 PSYoungGen      total 18432K, used 2539K [0x00000000eb980000, 0x00000000ece00000, 0x0000000100000000)
  eden space 15872K, 0% used [0x00000000eb980000,0x00000000eb980000,0x00000000ec900000)
  from space 2560K, 99% used [0x00000000ec900000,0x00000000ecb7aec8,0x00000000ecb80000)
  to   space 2560K, 0% used [0x00000000ecb80000,0x00000000ecb80000,0x00000000ece00000)
 ParOldGen       total 42496K, used 567K [0x00000000c2c00000, 0x00000000c5580000, 0x00000000eb980000)
  object space 42496K, 1% used [0x00000000c2c00000,0x00000000c2c8dcb8,0x00000000c5580000)
 Metaspace       used 6690K, capacity 6806K, committed 7040K, reserved 1056768K
  class space    used 760K, capacity 821K, committed 896K, reserved 1048576K
}
Event: 2,726 GC heap before
{Heap before GC invocations=2 (full 0):
 PSYoungGen      total 18432K, used 18411K [0x00000000eb980000, 0x00000000ece00000, 0x0000000100000000)
  eden space 15872K, 100% used [0x00000000eb980000,0x00000000ec900000,0x00000000ec900000)
  from space 2560K, 99% used [0x00000000ec900000,0x00000000ecb7aec8,0x00000000ecb80000)
  to   space 2560K, 0% used [0x00000000ecb80000,0x00000000ecb80000,0x00000000ece00000)
 ParOldGen       total 42496K, used 567K [0x00000000c2c00000, 0x00000000c5580000, 0x00000000eb980000)
  object space 42496K, 1% used [0x00000000c2c00000,0x00000000c2c8dcb8,0x00000000c5580000)
 Metaspace       used 8799K, capacity 8892K, committed 9088K, reserved 1056768K
  class space    used 1060K, capacity 1110K, committed 1152K, reserved 1048576K
Event: 2,738 GC heap after
Heap after GC invocations=2 (full 0):
 PSYoungGen      total 18432K, used 2533K [0x00000000eb980000, 0x00000000edd80000, 0x0000000100000000)
  eden space 15872K, 0% used [0x00000000eb980000,0x00000000eb980000,0x00000000ec900000)
  from space 2560K, 98% used [0x00000000ecb80000,0x00000000ecdf97c0,0x00000000ece00000)
  to   space 2560K, 0% used [0x00000000ec900000,0x00000000ec900000,0x00000000ecb80000)
 ParOldGen       total 42496K, used 1259K [0x00000000c2c00000, 0x00000000c5580000, 0x00000000eb980000)
  object space 42496K, 2% used [0x00000000c2c00000,0x00000000c2d3ae98,0x00000000c5580000)
 Metaspace       used 8799K, capacity 8892K, committed 9088K, reserved 1056768K
  class space    used 1060K, capacity 1110K, committed 1152K, reserved 1048576K
}
Event: 4,074 GC heap before
{Heap before GC invocations=3 (full 0):
 PSYoungGen      total 18432K, used 18405K [0x00000000eb980000, 0x00000000edd80000, 0x0000000100000000)
  eden space 15872K, 100% used [0x00000000eb980000,0x00000000ec900000,0x00000000ec900000)
  from space 2560K, 98% used [0x00000000ecb80000,0x00000000ecdf97c0,0x00000000ece00000)
  to   space 2560K, 0% used [0x00000000ec900000,0x00000000ec900000,0x00000000ecb80000)
 ParOldGen       total 42496K, used 1259K [0x00000000c2c00000, 0x00000000c5580000, 0x00000000eb980000)
  object space 42496K, 2% used [0x00000000c2c00000,0x00000000c2d3ae98,0x00000000c5580000)
 Metaspace       used 12480K, capacity 12906K, committed 13056K, reserved 1060864K
  class space    used 1529K, capacity 1721K, committed 1792K, reserved 1048576K
Event: 4,100 GC heap after
Heap after GC invocations=3 (full 0):
 PSYoungGen      total 18432K, used 2545K [0x00000000eb980000, 0x00000000edd80000, 0x0000000100000000)
  eden space 15872K, 0% used [0x00000000eb980000,0x00000000eb980000,0x00000000ec900000)
  from space 2560K, 99% used [0x00000000ec900000,0x00000000ecb7c4c8,0x00000000ecb80000)
  to   space 2560K, 0% used [0x00000000edb00000,0x00000000edb00000,0x00000000edd80000)
 ParOldGen       total 42496K, used 3384K [0x00000000c2c00000, 0x00000000c5580000, 0x00000000eb980000)
  object space 42496K, 7% used [0x00000000c2c00000,0x00000000c2f4e3e0,0x00000000c5580000)
 Metaspace       used 12480K, capacity 12906K, committed 13056K, reserved 1060864K
  class space    used 1529K, capacity 1721K, committed 1792K, reserved 1048576K
}
Event: 4,832 GC heap before
{Heap before GC invocations=4 (full 0):
 PSYoungGen      total 18432K, used 18417K [0x00000000eb980000, 0x00000000edd80000, 0x0000000100000000)
  eden space 15872K, 100% used [0x00000000eb980000,0x00000000ec900000,0x00000000ec900000)
  from space 2560K, 99% used [0x00000000ec900000,0x00000000ecb7c4c8,0x00000000ecb80000)
  to   space 2560K, 0% used [0x00000000edb00000,0x00000000edb00000,0x00000000edd80000)
 ParOldGen       total 42496K, used 3384K [0x00000000c2c00000, 0x00000000c5580000, 0x00000000eb980000)
  object space 42496K, 7% used [0x00000000c2c00000,0x00000000c2f4e3e0,0x00000000c5580000)
 Metaspace       used 15842K, capacity 16284K, committed 16640K, reserved 1062912K
  class space    used 1978K, capacity 2206K, committed 2304K, reserved 1048576K
Event: 4,866 GC heap after
Heap after GC invocations=4 (full 0):
 PSYoungGen      total 34304K, used 2560K [0x00000000eb980000, 0x00000000edd80000, 0x0000000100000000)
  eden space 31744K, 0% used [0x00000000eb980000,0x00000000eb980000,0x00000000ed880000)
  from space 2560K, 100% used [0x00000000edb00000,0x00000000edd80000,0x00000000edd80000)
  to   space 2560K, 0% used [0x00000000ed880000,0x00000000ed880000,0x00000000edb00000)
 ParOldGen       total 42496K, used 5735K [0x00000000c2c00000, 0x00000000c5580000, 0x00000000eb980000)
  object space 42496K, 13% used [0x00000000c2c00000,0x00000000c3199d20,0x00000000c5580000)
 Metaspace       used 15842K, capacity 16284K, committed 16640K, reserved 1062912K
  class space    used 1978K, capacity 2206K, committed 2304K, reserved 1048576K
}

Deoptimization events (10 events):
Event: 2,501 Thread 0x00007fb13000c800 Uncommon trap: reason=bimorphic action=maybe_recompile pc=0x00007fb1212fc174 method=java.util.HashMap.putVal(ILjava/lang/Object;Ljava/lang/Object;ZZ)Ljava/lang/Object; @ 203
Event: 2,503 Thread 0x00007fb13000c800 Uncommon trap: reason=bimorphic action=maybe_recompile pc=0x00007fb1212fc174 method=java.util.HashMap.putVal(ILjava/lang/Object;Ljava/lang/Object;ZZ)Ljava/lang/Object; @ 203
Event: 2,553 Thread 0x00007fb13000c800 Uncommon trap: reason=unstable_if action=reinterpret pc=0x00007fb1211c603c method=java.lang.String.replace(CC)Ljava/lang/String; @ 26
Event: 3,171 Thread 0x00007fb13038c000 Uncommon trap: reason=null_check action=maybe_recompile pc=0x00007fb12132f8dc method=java.util.regex.Matcher.getTextLength()I @ 4
Event: 3,176 Thread 0x00007fb13038c000 Uncommon trap: reason=null_check action=maybe_recompile pc=0x00007fb12132f8dc method=java.util.regex.Matcher.getTextLength()I @ 4
Event: 3,177 Thread 0x00007fb13038c000 Uncommon trap: reason=null_check action=maybe_recompile pc=0x00007fb12132f8dc method=java.util.regex.Matcher.getTextLength()I @ 4
Event: 3,505 Thread 0x00007fb13038c000 Uncommon trap: reason=unstable_if action=reinterpret pc=0x00007fb1213a6abc method=java.lang.ref.ReferenceQueue.poll()Ljava/lang/ref/Reference; @ 4
Event: 4,047 Thread 0x00007fb13038c000 Uncommon trap: reason=unstable_if action=reinterpret pc=0x00007fb12142d538 method=jdk.internal.org.objectweb.asm.Type.getArgumentsAndReturnSizes(Ljava/lang/String;)I @ 88
Event: 4,961 Thread 0x00007fb13038c000 Uncommon trap: reason=unstable_if action=reinterpret pc=0x00007fb12136d264 method=java.lang.String.regionMatches(ZILjava/lang/String;II)Z @ 123
Event: 5,022 Thread 0x00007fb13038c000 Uncommon trap: reason=class_check action=maybe_recompile pc=0x00007fb121358ec0 method=java.util.regex.Pattern$Slice.match(Ljava/util/regex/Matcher;ILjava/lang/CharSequence;)Z @ 75

Internal exceptions (10 events):
Event: 4,576 Thread 0x00007fb13038c000 Exception <a 'java/lang/ArrayIndexOutOfBoundsException'> (0x00000000ec389d10) thrown at [/HUDSON/workspace/8-2-build-linux-amd64/jdk8u131/8869/hotspot/src/share/vm/runtime/sharedRuntime.cpp, line 605]
Event: 4,590 Thread 0x00007fb13038c000 Exception <a 'java/lang/ArrayIndexOutOfBoundsException'> (0x00000000ec3b0a28) thrown at [/HUDSON/workspace/8-2-build-linux-amd64/jdk8u131/8869/hotspot/src/share/vm/runtime/sharedRuntime.cpp, line 605]
Event: 4,591 Thread 0x00007fb13038c000 Exception <a 'java/lang/ArrayIndexOutOfBoundsException'> (0x00000000ec3b2368) thrown at [/HUDSON/workspace/8-2-build-linux-amd64/jdk8u131/8869/hotspot/src/share/vm/runtime/sharedRuntime.cpp, line 605]
Event: 4,591 Thread 0x00007fb13038c000 Exception <a 'java/lang/ArrayIndexOutOfBoundsException'> (0x00000000ec3b3ad8) thrown at [/HUDSON/workspace/8-2-build-linux-amd64/jdk8u131/8869/hotspot/src/share/vm/runtime/sharedRuntime.cpp, line 605]
Event: 4,606 Thread 0x00007fb13038c000 Exception <a 'java/lang/ArrayIndexOutOfBoundsException'> (0x00000000ec3e2248) thrown at [/HUDSON/workspace/8-2-build-linux-amd64/jdk8u131/8869/hotspot/src/share/vm/runtime/sharedRuntime.cpp, line 605]
Event: 4,615 Thread 0x00007fb13038c000 Exception <a 'java/lang/ArrayIndexOutOfBoundsException'> (0x00000000ec4021c8) thrown at [/HUDSON/workspace/8-2-build-linux-amd64/jdk8u131/8869/hotspot/src/share/vm/runtime/sharedRuntime.cpp, line 605]
Event: 5,921 Thread 0x00007fb100001000 Exception <a 'java/io/IOException'> (0x00000000ec0c9470) thrown at [/HUDSON/workspace/8-2-build-linux-amd64/jdk8u131/8869/hotspot/src/share/vm/prims/jni.cpp, line 709]
Event: 5,921 Thread 0x00007fb100001000 Exception <a 'java/io/IOException'> (0x00000000ec0c9a60) thrown at [/HUDSON/workspace/8-2-build-linux-amd64/jdk8u131/8869/hotspot/src/share/vm/prims/jni.cpp, line 709]
Event: 5,975 Thread 0x00007fb100001000 Exception <a 'java/io/IOException'> (0x00000000ec0d73e8) thrown at [/HUDSON/workspace/8-2-build-linux-amd64/jdk8u131/8869/hotspot/src/share/vm/prims/jni.cpp, line 709]
Event: 5,975 Thread 0x00007fb100001000 Exception <a 'java/io/IOException'> (0x00000000ec0d7658) thrown at [/HUDSON/workspace/8-2-build-linux-amd64/jdk8u131/8869/hotspot/src/share/vm/prims/jni.cpp, line 709]

Events (10 events):
Event: 5,953 loading class com/orientechnologies/orient/core/storage/cache/local/twoq/ConcurrentLRUList$LRUEntry done
Event: 5,956 loading class com/orientechnologies/orient/core/storage/cache/local/twoq/O2QCache$UpdateCacheResult
Event: 5,956 loading class com/orientechnologies/orient/core/storage/cache/local/twoq/O2QCache$UpdateCacheResult done
Event: 5,959 loading class com/orientechnologies/orient/core/storage/cache/local/twoq/ConcurrentLRUList$OCacheEntryIterator
Event: 5,959 loading class com/orientechnologies/orient/core/storage/cache/local/twoq/ConcurrentLRUList$OCacheEntryIterator done
Event: 5,962 loading class com/orientechnologies/orient/core/storage/cache/local/twoq/O2QCache$PinnedPage
Event: 5,962 loading class com/orientechnologies/orient/core/storage/cache/local/twoq/O2QCache$PinnedPage done
Event: 5,976 Thread 0x00007fb0f416b000 Thread exited: 0x00007fb0f416b000
Event: 5,978 loading class java/util/concurrent/ConcurrentLinkedQueue$Itr
Event: 5,979 loading class java/util/concurrent/ConcurrentLinkedQueue$Itr done


Dynamic libraries:
00400000-00401000 r-xp 00000000 08:05 536548                             /usr/lib/jvm/java-8-oracle/jre/bin/java
00600000-00601000 rw-p 00000000 08:05 536548                             /usr/lib/jvm/java-8-oracle/jre/bin/java
02033000-02054000 rw-p 00000000 00:00 0                                  [heap]
c2c00000-c5580000 rw-p 00000000 00:00 0 
c5580000-eb980000 ---p 00000000 00:00 0 
eb980000-edd80000 rw-p 00000000 00:00 0 
edd80000-100000000 ---p 00000000 00:00 0 
100000000-100240000 rw-p 00000000 00:00 0 
100240000-140000000 ---p 00000000 00:00 0 
7fb0e0000000-7fb0e0021000 rw-p 00000000 00:00 0 
7fb0e0021000-7fb0e4000000 ---p 00000000 00:00 0 
7fb0e8000000-7fb0e8021000 rw-p 00000000 00:00 0 
7fb0e8021000-7fb0ec000000 ---p 00000000 00:00 0 
7fb0ec000000-7fb0ec292000 rw-p 00000000 00:00 0 
7fb0ec292000-7fb0f0000000 ---p 00000000 00:00 0 
7fb0f0000000-7fb0f0021000 rw-p 00000000 00:00 0 
7fb0f0021000-7fb0f4000000 ---p 00000000 00:00 0 
7fb0f4000000-7fb0f4533000 rw-p 00000000 00:00 0 
7fb0f4533000-7fb0f8000000 ---p 00000000 00:00 0 
7fb0f8000000-7fb0f84b4000 rw-p 00000000 00:00 0 
7fb0f84b4000-7fb0fc000000 ---p 00000000 00:00 0 
7fb0fc000000-7fb0fc021000 rw-p 00000000 00:00 0 
7fb0fc021000-7fb100000000 ---p 00000000 00:00 0 
7fb100000000-7fb100021000 rw-p 00000000 00:00 0 
7fb100021000-7fb104000000 ---p 00000000 00:00 0 
7fb104000000-7fb104545000 rw-p 00000000 00:00 0 
7fb104545000-7fb108000000 ---p 00000000 00:00 0 
7fb108000000-7fb108021000 rw-p 00000000 00:00 0 
7fb108021000-7fb10c000000 ---p 00000000 00:00 0 
7fb10c000000-7fb10c021000 rw-p 00000000 00:00 0 
7fb10c021000-7fb110000000 ---p 00000000 00:00 0 
7fb110000000-7fb110021000 rw-p 00000000 00:00 0 
7fb110021000-7fb114000000 ---p 00000000 00:00 0 
7fb114000000-7fb114021000 rw-p 00000000 00:00 0 
7fb114021000-7fb118000000 ---p 00000000 00:00 0 
7fb118000000-7fb118021000 rw-p 00000000 00:00 0 
7fb118021000-7fb11c000000 ---p 00000000 00:00 0 
7fb11d2ff000-7fb11d321000 r--p 00000000 08:05 1314107                    /usr/share/locale-langpack/it/LC_MESSAGES/libc.mo
7fb11d321000-7fb11d324000 ---p 00000000 00:00 0 
7fb11d324000-7fb11d422000 rw-p 00000000 00:00 0 
7fb11d422000-7fb11d425000 ---p 00000000 00:00 0 
7fb11d425000-7fb11d523000 rw-p 00000000 00:00 0 
7fb11d523000-7fb11d526000 ---p 00000000 00:00 0 
7fb11d526000-7fb11d624000 rw-p 00000000 00:00 0 
7fb11d624000-7fb11d627000 ---p 00000000 00:00 0 
7fb11d627000-7fb11d725000 rw-p 00000000 00:00 0 
7fb11d725000-7fb11d728000 ---p 00000000 00:00 0 
7fb11d728000-7fb11d8e6000 rw-p 00000000 00:00 0 
7fb11d8e6000-7fb11da26000 ---p 00000000 00:00 0 
7fb11da26000-7fb11da37000 r-xp 00000000 08:05 536866                     /usr/lib/jvm/java-8-oracle/jre/lib/amd64/libnio.so
7fb11da37000-7fb11dc36000 ---p 00011000 08:05 536866                     /usr/lib/jvm/java-8-oracle/jre/lib/amd64/libnio.so
7fb11dc36000-7fb11dc37000 rw-p 00010000 08:05 536866                     /usr/lib/jvm/java-8-oracle/jre/lib/amd64/libnio.so
7fb11dc37000-7fb11de37000 rw-p 00000000 00:00 0 
7fb11de37000-7fb11de3a000 ---p 00000000 00:00 0 
7fb11de3a000-7fb11e138000 rw-p 00000000 00:00 0 
7fb11e138000-7fb11e338000 rw-p 00000000 00:00 0 
7fb11e338000-7fb11e33b000 ---p 00000000 00:00 0 
7fb11e33b000-7fb11e439000 rw-p 00000000 00:00 0 
7fb11e439000-7fb11e442000 r-xp 00000000 08:05 536871                     /usr/lib/jvm/java-8-oracle/jre/lib/amd64/libmanagement.so
7fb11e442000-7fb11e641000 ---p 00009000 08:05 536871                     /usr/lib/jvm/java-8-oracle/jre/lib/amd64/libmanagement.so
7fb11e641000-7fb11e642000 rw-p 00008000 08:05 536871                     /usr/lib/jvm/java-8-oracle/jre/lib/amd64/libmanagement.so
7fb11e642000-7fb11e943000 rw-p 00000000 00:00 0 
7fb11e943000-7fb11e959000 r-xp 00000000 08:05 536863                     /usr/lib/jvm/java-8-oracle/jre/lib/amd64/libnet.so
7fb11e959000-7fb11eb59000 ---p 00016000 08:05 536863                     /usr/lib/jvm/java-8-oracle/jre/lib/amd64/libnet.so
7fb11eb59000-7fb11eb5a000 rw-p 00016000 08:05 536863                     /usr/lib/jvm/java-8-oracle/jre/lib/amd64/libnet.so
7fb11eb5a000-7fb11eb5b000 ---p 00000000 00:00 0 
7fb11eb5b000-7fb11ec5b000 rw-p 00000000 00:00 0 
7fb11ec5b000-7fb11ec5e000 ---p 00000000 00:00 0 
7fb11ec5e000-7fb11ed5c000 rw-p 00000000 00:00 0 
7fb11ed5c000-7fb11ed5f000 ---p 00000000 00:00 0 
7fb11ed5f000-7fb11ee5d000 rw-p 00000000 00:00 0 
7fb11ee5d000-7fb11ee60000 ---p 00000000 00:00 0 
7fb11ee60000-7fb11ef5e000 rw-p 00000000 00:00 0 
7fb11ef5e000-7fb11ef61000 ---p 00000000 00:00 0 
7fb11ef61000-7fb11f05f000 rw-p 00000000 00:00 0 
7fb11f05f000-7fb11f062000 ---p 00000000 00:00 0 
7fb11f062000-7fb121000000 rw-p 00000000 00:00 0 
7fb121000000-7fb121510000 rwxp 00000000 00:00 0 
7fb121510000-7fb130000000 ---p 00000000 00:00 0 
7fb130000000-7fb1304e5000 rw-p 00000000 00:00 0 
7fb1304e5000-7fb134000000 ---p 00000000 00:00 0 
7fb134006000-7fb13400d000 r--s 00000000 08:05 794404                     /usr/lib/x86_64-linux-gnu/gconv/gconv-modules.cache
7fb13400d000-7fb134029000 r--s 00393000 08:05 536710                     /usr/lib/jvm/java-8-oracle/jre/lib/ext/cldrdata.jar
7fb134029000-7fb13402e000 r--s 0009a000 08:05 536706                     /usr/lib/jvm/java-8-oracle/jre/lib/jsse.jar
7fb13402e000-7fb134049000 r--s 001d3000 08:05 536713                     /usr/lib/jvm/java-8-oracle/jre/lib/ext/nashorn.jar
7fb134049000-7fb134053000 r--s 00116000 08:05 536717                     /usr/lib/jvm/java-8-oracle/jre/lib/ext/localedata.jar
7fb134053000-7fb134071000 r--s 00123000 08:05 931580                     /home/vigna/.m2/repository/org/pitest/pitest/1.1.10/pitest-1.1.10.jar
7fb134071000-7fb1340ae000 r--s 0035c000 08:05 2104107                    /home/vigna/.m2/repository/com/orientechnologies/orientdb-core/2.2.23/orientdb-core-2.2.23.jar
7fb1340ae000-7fb1340b1000 ---p 00000000 00:00 0 
7fb1340b1000-7fb1341af000 rw-p 00000000 00:00 0 
7fb1341af000-7fb1341b0000 ---p 00000000 00:00 0 
7fb1341b0000-7fb134bb9000 rw-p 00000000 00:00 0 
7fb134bb9000-7fb134d92000 r--s 03d40000 08:05 536654                     /usr/lib/jvm/java-8-oracle/jre/lib/rt.jar
7fb134d92000-7fb1357f2000 rw-p 00000000 00:00 0 
7fb1357f2000-7fb1357f3000 ---p 00000000 00:00 0 
7fb1357f3000-7fb1358f3000 rw-p 00000000 00:00 0 
7fb1358f3000-7fb1358f4000 ---p 00000000 00:00 0 
7fb1358f4000-7fb135a09000 rw-p 00000000 00:00 0 
7fb135a09000-7fb135b3b000 ---p 00000000 00:00 0 
7fb135b3b000-7fb135b50000 rw-p 00000000 00:00 0 
7fb135b50000-7fb135c81000 ---p 00000000 00:00 0 
7fb135c81000-7fb135c94000 rw-p 00000000 00:00 0 
7fb135c94000-7fb135d25000 ---p 00000000 00:00 0 
7fb135d25000-7fb135d3b000 rw-p 00000000 00:00 0 
7fb135d3b000-7fb1360e6000 ---p 00000000 00:00 0 
7fb1360e6000-7fb136100000 r-xp 00000000 08:05 536859                     /usr/lib/jvm/java-8-oracle/jre/lib/amd64/libzip.so
7fb136100000-7fb136300000 ---p 0001a000 08:05 536859                     /usr/lib/jvm/java-8-oracle/jre/lib/amd64/libzip.so
7fb136300000-7fb136301000 rw-p 0001a000 08:05 536859                     /usr/lib/jvm/java-8-oracle/jre/lib/amd64/libzip.so
7fb136301000-7fb13630c000 r-xp 00000000 08:05 2359379                    /lib/x86_64-linux-gnu/libnss_files-2.23.so
7fb13630c000-7fb13650b000 ---p 0000b000 08:05 2359379                    /lib/x86_64-linux-gnu/libnss_files-2.23.so
7fb13650b000-7fb13650c000 r--p 0000a000 08:05 2359379                    /lib/x86_64-linux-gnu/libnss_files-2.23.so
7fb13650c000-7fb13650d000 rw-p 0000b000 08:05 2359379                    /lib/x86_64-linux-gnu/libnss_files-2.23.so
7fb13650d000-7fb136513000 rw-p 00000000 00:00 0 
7fb136513000-7fb13651e000 r-xp 00000000 08:05 2359382                    /lib/x86_64-linux-gnu/libnss_nis-2.23.so
7fb13651e000-7fb13671d000 ---p 0000b000 08:05 2359382                    /lib/x86_64-linux-gnu/libnss_nis-2.23.so
7fb13671d000-7fb13671e000 r--p 0000a000 08:05 2359382                    /lib/x86_64-linux-gnu/libnss_nis-2.23.so
7fb13671e000-7fb13671f000 rw-p 0000b000 08:05 2359382                    /lib/x86_64-linux-gnu/libnss_nis-2.23.so
7fb13671f000-7fb136735000 r-xp 00000000 08:05 2359301                    /lib/x86_64-linux-gnu/libnsl-2.23.so
7fb136735000-7fb136934000 ---p 00016000 08:05 2359301                    /lib/x86_64-linux-gnu/libnsl-2.23.so
7fb136934000-7fb136935000 r--p 00015000 08:05 2359301                    /lib/x86_64-linux-gnu/libnsl-2.23.so
7fb136935000-7fb136936000 rw-p 00016000 08:05 2359301                    /lib/x86_64-linux-gnu/libnsl-2.23.so
7fb136936000-7fb136938000 rw-p 00000000 00:00 0 
7fb136938000-7fb136940000 r-xp 00000000 08:05 2359388                    /lib/x86_64-linux-gnu/libnss_compat-2.23.so
7fb136940000-7fb136b3f000 ---p 00008000 08:05 2359388                    /lib/x86_64-linux-gnu/libnss_compat-2.23.so
7fb136b3f000-7fb136b40000 r--p 00007000 08:05 2359388                    /lib/x86_64-linux-gnu/libnss_compat-2.23.so
7fb136b40000-7fb136b41000 rw-p 00008000 08:05 2359388                    /lib/x86_64-linux-gnu/libnss_compat-2.23.so
7fb136b41000-7fb136e1b000 r--p 00000000 08:05 533141                     /usr/lib/locale/locale-archive
7fb136e1b000-7fb136e25000 r-xp 00000000 08:05 536868                     /usr/lib/jvm/java-8-oracle/jre/lib/amd64/libinstrument.so
7fb136e25000-7fb137024000 ---p 0000a000 08:05 536868                     /usr/lib/jvm/java-8-oracle/jre/lib/amd64/libinstrument.so
7fb137024000-7fb137025000 rw-p 00009000 08:05 536868                     /usr/lib/jvm/java-8-oracle/jre/lib/amd64/libinstrument.so
7fb137025000-7fb137050000 r-xp 00000000 08:05 536853                     /usr/lib/jvm/java-8-oracle/jre/lib/amd64/libjava.so
7fb137050000-7fb13724f000 ---p 0002b000 08:05 536853                     /usr/lib/jvm/java-8-oracle/jre/lib/amd64/libjava.so
7fb13724f000-7fb137251000 rw-p 0002a000 08:05 536853                     /usr/lib/jvm/java-8-oracle/jre/lib/amd64/libjava.so
7fb137251000-7fb13725e000 r-xp 00000000 08:05 536858                     /usr/lib/jvm/java-8-oracle/jre/lib/amd64/libverify.so
7fb13725e000-7fb13745d000 ---p 0000d000 08:05 536858                     /usr/lib/jvm/java-8-oracle/jre/lib/amd64/libverify.so
7fb13745d000-7fb13745f000 rw-p 0000c000 08:05 536858                     /usr/lib/jvm/java-8-oracle/jre/lib/amd64/libverify.so
7fb13745f000-7fb137466000 r-xp 00000000 08:05 2359384                    /lib/x86_64-linux-gnu/librt-2.23.so
7fb137466000-7fb137665000 ---p 00007000 08:05 2359384                    /lib/x86_64-linux-gnu/librt-2.23.so
7fb137665000-7fb137666000 r--p 00006000 08:05 2359384                    /lib/x86_64-linux-gnu/librt-2.23.so
7fb137666000-7fb137667000 rw-p 00007000 08:05 2359384                    /lib/x86_64-linux-gnu/librt-2.23.so
7fb137667000-7fb13776f000 r-xp 00000000 08:05 2359393                    /lib/x86_64-linux-gnu/libm-2.23.so
7fb13776f000-7fb13796e000 ---p 00108000 08:05 2359393                    /lib/x86_64-linux-gnu/libm-2.23.so
7fb13796e000-7fb13796f000 r--p 00107000 08:05 2359393                    /lib/x86_64-linux-gnu/libm-2.23.so
7fb13796f000-7fb137970000 rw-p 00108000 08:05 2359393                    /lib/x86_64-linux-gnu/libm-2.23.so
7fb137970000-7fb13863f000 r-xp 00000000 08:05 536836                     /usr/lib/jvm/java-8-oracle/jre/lib/amd64/server/libjvm.so
7fb13863f000-7fb13883f000 ---p 00ccf000 08:05 536836                     /usr/lib/jvm/java-8-oracle/jre/lib/amd64/server/libjvm.so
7fb13883f000-7fb138918000 rw-p 00ccf000 08:05 536836                     /usr/lib/jvm/java-8-oracle/jre/lib/amd64/server/libjvm.so
7fb138918000-7fb138963000 rw-p 00000000 00:00 0 
7fb138963000-7fb138b23000 r-xp 00000000 08:05 2363829                    /lib/x86_64-linux-gnu/libc-2.23.so
7fb138b23000-7fb138d23000 ---p 001c0000 08:05 2363829                    /lib/x86_64-linux-gnu/libc-2.23.so
7fb138d23000-7fb138d27000 r--p 001c0000 08:05 2363829                    /lib/x86_64-linux-gnu/libc-2.23.so
7fb138d27000-7fb138d29000 rw-p 001c4000 08:05 2363829                    /lib/x86_64-linux-gnu/libc-2.23.so
7fb138d29000-7fb138d2d000 rw-p 00000000 00:00 0 
7fb138d2d000-7fb138d30000 r-xp 00000000 08:05 2359387                    /lib/x86_64-linux-gnu/libdl-2.23.so
7fb138d30000-7fb138f2f000 ---p 00003000 08:05 2359387                    /lib/x86_64-linux-gnu/libdl-2.23.so
7fb138f2f000-7fb138f30000 r--p 00002000 08:05 2359387                    /lib/x86_64-linux-gnu/libdl-2.23.so
7fb138f30000-7fb138f31000 rw-p 00003000 08:05 2359387                    /lib/x86_64-linux-gnu/libdl-2.23.so
7fb138f31000-7fb138f46000 r-xp 00000000 08:05 536831                     /usr/lib/jvm/java-8-oracle/jre/lib/amd64/jli/libjli.so
7fb138f46000-7fb139146000 ---p 00015000 08:05 536831                     /usr/lib/jvm/java-8-oracle/jre/lib/amd64/jli/libjli.so
7fb139146000-7fb139147000 rw-p 00015000 08:05 536831                     /usr/lib/jvm/java-8-oracle/jre/lib/amd64/jli/libjli.so
7fb139147000-7fb13915f000 r-xp 00000000 08:05 2359381                    /lib/x86_64-linux-gnu/libpthread-2.23.so
7fb13915f000-7fb13935e000 ---p 00018000 08:05 2359381                    /lib/x86_64-linux-gnu/libpthread-2.23.so
7fb13935e000-7fb13935f000 r--p 00017000 08:05 2359381                    /lib/x86_64-linux-gnu/libpthread-2.23.so
7fb13935f000-7fb139360000 rw-p 00018000 08:05 2359381                    /lib/x86_64-linux-gnu/libpthread-2.23.so
7fb139360000-7fb139364000 rw-p 00000000 00:00 0 
7fb139364000-7fb13938a000 r-xp 00000000 08:05 2359310                    /lib/x86_64-linux-gnu/ld-2.23.so
7fb13938b000-7fb139393000 r--s 00045000 08:05 927250                     /home/vigna/.m2/repository/junit/junit/4.12/junit-4.12.jar
7fb139393000-7fb13939c000 r--s 0006f000 08:05 1450832                    /home/vigna/.m2/repository/log4j/log4j/1.2.17/log4j-1.2.17.jar
7fb13939c000-7fb1393a0000 r--s 00019000 08:05 2104152                    /home/vigna/.m2/repository/com/googlecode/concurrentlinkedhashmap/concurrentlinkedhashmap-lru/1.4.1/concurrentlinkedhashmap-lru-1.4.1.jar
7fb1393a0000-7fb1393ac000 r--s 0007c000 08:05 933887                     /home/vigna/.m2/repository/redis/clients/jedis/2.9.0/jedis-2.9.0.jar
7fb1393ac000-7fb13946a000 rw-p 00000000 00:00 0 
7fb13946a000-7fb13946d000 ---p 00000000 00:00 0 
7fb13946d000-7fb13956f000 rw-p 00000000 00:00 0 
7fb13956f000-7fb139571000 r--s 00009000 08:05 1606121                    /home/vigna/.m2/repository/org/hamcrest/hamcrest-core/1.3/hamcrest-core-1.3.jar
7fb139571000-7fb139574000 r--s 00067000 08:05 2104109                    /home/vigna/.m2/repository/org/xerial/snappy/snappy-java/1.1.0.1/snappy-java-1.1.0.1.jar
7fb139574000-7fb139575000 r--s 00001000 08:05 1978826                    /home/vigna/repoLocaleProgetto/negozio/negozio-redis/target/negozio-redis-0.0.1-SNAPSHOT-tests.jar
7fb139575000-7fb139578000 r--s 00019000 08:05 1318358                    /home/vigna/.m2/repository/org/apache/commons/commons-pool2/2.4.2/commons-pool2-2.4.2.jar
7fb139578000-7fb139579000 r--s 00001000 08:05 1978824                    /home/vigna/repoLocaleProgetto/negozio/negozio-redis/target/negozio-redis-0.0.1-SNAPSHOT.jar
7fb139579000-7fb13957b000 r--s 00003000 08:05 1859462                    /home/vigna/repoLocaleProgetto/negozio/negozio-concreto/target/negozio-concreto-0.0.1-SNAPSHOT-tests.jar
7fb13957b000-7fb13957c000 r--s 00002000 08:05 1859461                    /home/vigna/repoLocaleProgetto/negozio/negozio-concreto/target/negozio-concreto-0.0.1-SNAPSHOT.jar
7fb13957c000-7fb13957d000 r--s 00001000 08:05 3296841                    /tmp/15023576334920114891237048089681893118897336117662.jar
7fb13957d000-7fb139585000 rw-s 00000000 08:05 3296838                    /tmp/hsperfdata_vigna/32522
7fb139585000-7fb139586000 rw-p 00000000 00:00 0 
7fb139586000-7fb139587000 ---p 00000000 00:00 0 
7fb139587000-7fb139589000 rw-p 00000000 00:00 0 
7fb139589000-7fb13958a000 r--p 00025000 08:05 2359310                    /lib/x86_64-linux-gnu/ld-2.23.so
7fb13958a000-7fb13958b000 rw-p 00026000 08:05 2359310                    /lib/x86_64-linux-gnu/ld-2.23.so
7fb13958b000-7fb13958c000 rw-p 00000000 00:00 0 
7ffe29b31000-7ffe29b52000 rw-p 00000000 00:00 0                          [stack]
7ffe29bbd000-7ffe29bbf000 r--p 00000000 00:00 0                          [vvar]
7ffe29bbf000-7ffe29bc1000 r-xp 00000000 00:00 0                          [vdso]
ffffffffff600000-ffffffffff601000 r-xp 00000000 00:00 0                  [vsyscall]

VM Arguments:
jvm_args: -javaagent:/tmp/15023576334920114891237048089681893118897336117662.jar -Dmaven.home=EMBEDDED -Dclassworlds.conf=/home/vigna/progettoTAP/.metadata/.plugins/org.eclipse.m2e.launching/launches/m2conf4125971157112793491.tmp -Dmaven.multiModuleProjectDirectory=/home/vigna/repoLocaleProgetto/negozio -Dfile.encoding=UTF-8 
java_command: org.pitest.mutationtest.execute.MutationTestMinion 38093
java_class_path (initial): :/home/vigna/repoLocaleProgetto/negozio/negozio-orientDB/target/test-classes:/home/vigna/repoLocaleProgetto/negozio/negozio-orientDB/target/classes:/home/vigna/repoLocaleProgetto/negozio/negozio-concreto/target/negozio-concreto-0.0.1-SNAPSHOT.jar:/home/vigna/repoLocaleProgetto/negozio/negozio-concreto/target/negozio-concreto-0.0.1-SNAPSHOT-tests.jar:/home/vigna/repoLocaleProgetto/negozio/negozio-redis/target/negozio-redis-0.0.1-SNAPSHOT.jar:/home/vigna/.m2/repository/redis/clients/jedis/2.9.0/jedis-2.9.0.jar:/home/vigna/.m2/repository/org/apache/commons/commons-pool2/2.4.2/commons-pool2-2.4.2.jar:/home/vigna/repoLocaleProgetto/negozio/negozio-redis/target/negozio-redis-0.0.1-SNAPSHOT-tests.jar:/home/vigna/.m2/repository/com/orientechnologies/orientdb-core/2.2.23/orientdb-core-2.2.23.jar:/home/vigna/.m2/repository/org/xerial/snappy/snappy-java/1.1.0.1/snappy-java-1.1.0.1.jar:/home/vigna/.m2/repository/com/googlecode/concurrentlinkedhashmap/concurrentlinkedhashmap-lru/1.4.1/concurrentlinkedhashmap-lru-1.4.1.jar:/home/vigna/.m2/repository/log4j/log4j/1.2.17/log4j-1.2.17.jar:/home/vigna/.m2/repository/junit/junit/4.12/junit-4.12.jar:/home/vigna/.m2/repository/org/hamcrest/hamcrest-core/1.3/hamcrest-core-1.3.jar:/home/vigna/.m2/repository/org/pitest/pitest/1.1.10/pitest-1.1.10.jar:/tmp/15023576334920114891237048089681893118897336117662.jar
Launcher Type: SUN_STANDARD

Environment Variables:
JAVA_HOME=/usr/lib/jvm/java-8-oracle
CLASSPATH=:/home/vigna/repoLocaleProgetto/negozio/negozio-orientDB/target/test-classes:/home/vigna/repoLocaleProgetto/negozio/negozio-orientDB/target/classes:/home/vigna/repoLocaleProgetto/negozio/negozio-concreto/target/negozio-concreto-0.0.1-SNAPSHOT.jar:/home/vigna/repoLocaleProgetto/negozio/negozio-concreto/target/negozio-concreto-0.0.1-SNAPSHOT-tests.jar:/home/vigna/repoLocaleProgetto/negozio/negozio-redis/target/negozio-redis-0.0.1-SNAPSHOT.jar:/home/vigna/.m2/repository/redis/clients/jedis/2.9.0/jedis-2.9.0.jar:/home/vigna/.m2/repository/org/apache/commons/commons-pool2/2.4.2/commons-pool2-2.4.2.jar:/home/vigna/repoLocaleProgetto/negozio/negozio-redis/target/negozio-redis-0.0.1-SNAPSHOT-tests.jar:/home/vigna/.m2/repository/com/orientechnologies/orientdb-core/2.2.23/orientdb-core-2.2.23.jar:/home/vigna/.m2/repository/org/xerial/snappy/snappy-java/1.1.0.1/snappy-java-1.1.0.1.jar:/home/vigna/.m2/repository/com/googlecode/concurrentlinkedhashmap/concurrentlinkedhashmap-lru/1.4.1/concurrentlinkedhashmap-lru-1.4.1.jar:/home/vigna/.m2/repository/log4j/log4j/1.2.17/log4j-1.2.17.jar:/home/vigna/.m2/repository/junit/junit/4.12/junit-4.12.jar:/home/vigna/.m2/repository/org/hamcrest/hamcrest-core/1.3/hamcrest-core-1.3.jar:/home/vigna/.m2/repository/org/pitest/pitest/1.1.10/pitest-1.1.10.jar
PATH=/home/vigna/bin:/home/vigna/.local/bin:/usr/local/sbin:/usr/local/bin:/usr/sbin:/usr/bin:/sbin:/bin:/usr/games:/usr/local/games:/snap/bin:/usr/lib/jvm/java-8-oracle/bin:/usr/lib/jvm/java-8-oracle/db/bin:/usr/lib/jvm/java-8-oracle/jre/bin
SHELL=/bin/bash
DISPLAY=:0

Signal Handlers:
SIGSEGV: [libjvm.so+0xac8af0], sa_mask[0]=11111111011111111101111111111110, sa_flags=SA_RESTART|SA_SIGINFO
SIGBUS: [libjvm.so+0xac8af0], sa_mask[0]=11111111011111111101111111111110, sa_flags=SA_RESTART|SA_SIGINFO
SIGFPE: [libjvm.so+0x921dd0], sa_mask[0]=11111111011111111101111111111110, sa_flags=SA_RESTART|SA_SIGINFO
SIGPIPE: [libjvm.so+0x921dd0], sa_mask[0]=11111111011111111101111111111110, sa_flags=SA_RESTART|SA_SIGINFO
SIGXFSZ: [libjvm.so+0x921dd0], sa_mask[0]=11111111011111111101111111111110, sa_flags=SA_RESTART|SA_SIGINFO
SIGILL: [libjvm.so+0x921dd0], sa_mask[0]=11111111011111111101111111111110, sa_flags=SA_RESTART|SA_SIGINFO
SIGUSR1: SIG_DFL, sa_mask[0]=00000000000000000000000000000000, sa_flags=none
SIGUSR2: [libjvm.so+0x923610], sa_mask[0]=00100000000000000000000000000000, sa_flags=SA_RESTART|SA_SIGINFO
SIGHUP: [libjvm.so+0x924a10], sa_mask[0]=11111111011111111101111111111110, sa_flags=SA_RESTART|SA_SIGINFO
SIGINT: [libjvm.so+0x924a10], sa_mask[0]=11111111011111111101111111111110, sa_flags=SA_RESTART|SA_SIGINFO
SIGTERM: [libjvm.so+0x924a10], sa_mask[0]=11111111011111111101111111111110, sa_flags=SA_RESTART|SA_SIGINFO
SIGQUIT: [libjvm.so+0x924a10], sa_mask[0]=11111111011111111101111111111110, sa_flags=SA_RESTART|SA_SIGINFO


---------------  S Y S T E M  ---------------

OS:DISTRIB_ID=Ubuntu
DISTRIB_RELEASE=16.04
DISTRIB_CODENAME=xenial
DISTRIB_DESCRIPTION="Ubuntu 16.04.2 LTS"

uname:Linux 4.10.0-28-generic #32~16.04.2-Ubuntu SMP Thu Jul 20 10:19:48 UTC 2017 x86_64
libc:glibc 2.23 NPTL 2.23 
rlimit: STACK 8192k, CORE 0k, NPROC 15495, NOFILE 65536, AS infinity
load average:9,42 7,15 4,03

/proc/meminfo:
MemTotal:        4011316 kB
MemFree:          815448 kB
MemAvailable:    1032576 kB
Buffers:           33804 kB
Cached:           402968 kB
SwapCached:        48352 kB
Active:          2160664 kB
Inactive:         797148 kB
Active(anon):    1953632 kB
Inactive(anon):   608412 kB
Active(file):     207032 kB
Inactive(file):   188736 kB
Unevictable:          48 kB
Mlocked:              48 kB
SwapTotal:       4159484 kB
SwapFree:        3581768 kB
Dirty:               176 kB
Writeback:             0 kB
AnonPages:       2517556 kB
Mapped:           276460 kB
Shmem:             41004 kB
Slab:             116008 kB
SReclaimable:      52876 kB
SUnreclaim:        63132 kB
KernelStack:       11856 kB
PageTables:        42248 kB
NFS_Unstable:          0 kB
Bounce:                0 kB
WritebackTmp:          0 kB
CommitLimit:     6165140 kB
Committed_AS:    8124124 kB
VmallocTotal:   34359738367 kB
VmallocUsed:           0 kB
VmallocChunk:          0 kB
HardwareCorrupted:     0 kB
AnonHugePages:    872448 kB
ShmemHugePages:        0 kB
ShmemPmdMapped:        0 kB
CmaTotal:              0 kB
CmaFree:               0 kB
HugePages_Total:       0
HugePages_Free:        0
HugePages_Rsvd:        0
HugePages_Surp:        0
Hugepagesize:       2048 kB
DirectMap4k:      255564 kB
DirectMap2M:     3905536 kB


CPU:total 2 (initial active 2) (2 cores per cpu, 1 threads per core) family 6 model 23 stepping 10, cmov, cx8, fxsr, mmx, sse, sse2, sse3, ssse3, sse4.1, tsc

/proc/cpuinfo:
processor	: 0
vendor_id	: GenuineIntel
cpu family	: 6
model		: 23
model name	: Intel(R) Core(TM)2 Duo CPU     T6600  @ 2.20GHz
stepping	: 10
microcode	: 0xa0b
cpu MHz		: 2200.000
cache size	: 2048 KB
physical id	: 0
siblings	: 2
core id		: 0
cpu cores	: 2
apicid		: 0
initial apicid	: 0
fpu		: yes
fpu_exception	: yes
cpuid level	: 13
wp		: yes
flags		: fpu vme de pse tsc msr pae mce cx8 apic sep mtrr pge mca cmov pat pse36 clflush dts acpi mmx fxsr sse sse2 ss ht tm pbe syscall nx lm constant_tsc arch_perfmon pebs bts rep_good nopl aperfmperf pni dtes64 monitor ds_cpl est tm2 ssse3 cx16 xtpr pdcm sse4_1 xsave lahf_lm dtherm
bugs		:
bogomips	: 4388.98
clflush size	: 64
cache_alignment	: 64
address sizes	: 36 bits physical, 48 bits virtual
power management:

processor	: 1
vendor_id	: GenuineIntel
cpu family	: 6
model		: 23
model name	: Intel(R) Core(TM)2 Duo CPU     T6600  @ 2.20GHz
stepping	: 10
microcode	: 0xa0b
cpu MHz		: 2200.000
cache size	: 2048 KB
physical id	: 0
siblings	: 2
core id		: 1
cpu cores	: 2
apicid		: 1
initial apicid	: 1
fpu		: yes
fpu_exception	: yes
cpuid level	: 13
wp		: yes
flags		: fpu vme de pse tsc msr pae mce cx8 apic sep mtrr pge mca cmov pat pse36 clflush dts acpi mmx fxsr sse sse2 ss ht tm pbe syscall nx lm constant_tsc arch_perfmon pebs bts rep_good nopl aperfmperf pni dtes64 monitor ds_cpl est tm2 ssse3 cx16 xtpr pdcm sse4_1 xsave lahf_lm dtherm
bugs		:
bogomips	: 4388.98
clflush size	: 64
cache_alignment	: 64
address sizes	: 36 bits physical, 48 bits virtual
power management:



Memory: 4k page, physical 4011316k(815324k free), swap 4159484k(3581768k free)

vm_info: Java HotSpot(TM) 64-Bit Server VM (25.131-b11) for linux-amd64 JRE (1.8.0_131-b11), built on Mar 15 2017 01:23:40 by "java_re" with gcc 4.3.0 20080428 (Red Hat 4.3.0-8)

time: Thu Aug 10 11:37:54 2017
elapsed time: 6 seconds (0d 0h 0m 6s)

