#
# A fatal error has been detected by the Java Runtime Environment:
#
#  SIGSEGV (0xb) at pc=0x00007f4eeec97dc2, pid=32253, tid=0x00007f4ed6fd5700
#
# JRE version: Java(TM) SE Runtime Environment (8.0_131-b11) (build 1.8.0_131-b11)
# Java VM: Java HotSpot(TM) 64-Bit Server VM (25.131-b11 mixed mode linux-amd64 compressed oops)
# Problematic frame:
# C  [libzip.so+0x10dc2]  crc32+0x5f2
#
# Failed to write core dump. Core dumps have been disabled. To enable core dumping, try "ulimit -c unlimited" before starting Java again
#
# If you would like to submit a bug report, please visit:
#   http://bugreport.java.com/bugreport/crash.jsp
# The crash happened outside the Java Virtual Machine in native code.
# See problematic frame for where to report the bug.
#

---------------  T H R E A D  ---------------

Current thread (0x00007f4ef038a000):  JavaThread "mutationTestThread" daemon [_thread_in_native, id=32272, stack(0x00007f4ed6ed5000,0x00007f4ed6fd6000)]

siginfo: si_signo: 11 (SIGSEGV), si_code: 1 (SEGV_MAPERR), si_addr: 0x00007f4e7c05f000

Registers:
RAX=0x0000000000000018, RBX=0x00000000000000a2, RCX=0x00000000000000df, RDX=0x00000000b27ec70a
RSP=0x00007f4ed6fd2428, RBP=0x00007f4ed6fd2440, RSI=0x000000000000009f, RDI=0x00000000b27ec70a
R8 =0x00007f4eeec9cc20, R9 =0x00007f4e7c05f000, R10=0x00007f4e7c05f010, R11=0x0000000000000010
R12=0x0000000000000000, R13=0x00007f4edce1bbe0, R14=0x00007f4ed6fd2500, R15=0x00007f4ef038a000
RIP=0x00007f4eeec97dc2, EFLAGS=0x0000000000010287, CSGSFS=0x002b000000000033, ERR=0x0000000000000004
  TRAPNO=0x000000000000000e

Top of Stack: (sp=0x00007f4ed6fd2428)
0x00007f4ed6fd2428:   00007f4edce1bbe0 0000000000000000
0x00007f4ed6fd2438:   00007f4edce1bbe0 00007f4ed6fd24c0
0x00007f4ed6fd2448:   00007f4edfc9c574 00007f4edccb81f0
0x00007f4ed6fd2458:   00007f4ef038a000 00007f4ed6fd24b0
0x00007f4ed6fd2468:   00007f4ed6fd24c0 00007f4ef483e290
0x00007f4ed6fd2478:   00007f4ed6fd25a0 00007f4ed6fd2480
0x00007f4ed6fd2488:   0000000000000000 00007f4ed6fd2500
0x00007f4ed6fd2498:   00007f4edce1bd00 0000000000000000
0x00007f4ed6fd24a8:   00007f4edce1bbe0 0000000000000000
0x00007f4ed6fd24b8:   00007f4ed6fd24e0 00007f4ed6fd2550
0x00007f4ed6fd24c8:   00007f4edfc8ea40 00000000c2fb9008
0x00007f4ed6fd24d8:   00007f4edfc98276 000000000000fff4
0x00007f4ed6fd24e8:   000000000000000c 00007f4e7c04f010
0x00007f4ed6fd24f8:   00000000ebf5f0f0 0000000000000000
0x00007f4ed6fd2508:   00000000ebf5f158 00007f4ed6fd2510
0x00007f4ed6fd2518:   00007f4edce1b890 00007f4ed6fd2588
0x00007f4ed6fd2528:   00007f4edce1bd00 0000000000000000
0x00007f4ed6fd2538:   00007f4edce1b8f8 00007f4ed6fd24e0
0x00007f4ed6fd2548:   00007f4ed6fd2580 00007f4ed6fd25f0
0x00007f4ed6fd2558:   00007f4edfc874e7 0000000000000000
0x00007f4ed6fd2568:   000000000000fff4 0000000000010000
0x00007f4ed6fd2578:   000000000000000c 00000000ebf5f0f0
0x00007f4ed6fd2588:   00000000ebf5f158 0000000000001fa0
0x00007f4ed6fd2598:   00007f4ef038a660 00007f4ef038a000
0x00007f4ed6fd25a8:   00007f4ed6fd2670 00007f4ed6fd2980
0x00007f4ed6fd25b8:   00007f4ed6fd2630 00007f4ed6fd2630
0x00007f4ed6fd25c8:   00007f4ed6fd2988 00007f4e0000000a
0x00007f4ed6fd25d8:   00007f4edce1b8f8 00007f4edfc999c0
0x00007f4ed6fd25e8:   00007f4ed6fd2878 00007f4ed6fd2760
0x00007f4ed6fd25f8:   00007f4ef4bf6d16 00007f4e00000002
0x00007f4ed6fd2608:   00007f4ef038a000 00007f4ed6fd2870
0x00007f4ed6fd2618:   00007f4ed6fd2980 00007f4edfc999c0 

Instructions: (pc=0x00007f4eeec97dc2)
0x00007f4eeec97da2:   05 79 4e 00 00 76 60 44 8d 59 fc 44 89 d8 c1 e8
0x00007f4eeec97db2:   02 89 c0 4d 8d 54 81 04 66 0f 1f 44 00 00 89 fa
0x00007f4eeec97dc2:   41 33 11 49 83 c1 04 89 d0 89 d6 0f b6 ca c1 e8
0x00007f4eeec97dd2:   18 c1 ee 10 0f b6 d6 89 c0 40 0f b6 f6 41 8b 3c 

Register to memory mapping:

RAX=0x0000000000000018 is an unknown value
RBX=0x00000000000000a2 is an unknown value
RCX=0x00000000000000df is an unknown value
RDX=0x00000000b27ec70a is an unknown value
RSP=0x00007f4ed6fd2428 is pointing into the stack for thread: 0x00007f4ef038a000
RBP=0x00007f4ed6fd2440 is pointing into the stack for thread: 0x00007f4ef038a000
RSI=0x000000000000009f is an unknown value
RDI=0x00000000b27ec70a is an unknown value
R8 =0x00007f4eeec9cc20: <offset 0x15c20> in /usr/lib/jvm/java-8-oracle/jre/lib/amd64/libzip.so at 0x00007f4eeec87000
R9 =0x00007f4e7c05f000 is an unknown value
R10=0x00007f4e7c05f010 is an unknown value
R11=0x0000000000000010 is an unknown value
R12=0x0000000000000000 is an unknown value
R13={method} {0x00007f4edce1bbe0} 'updateByteBuffer' '(IJII)I' in 'java/util/zip/CRC32'
R14=0x00007f4ed6fd2500 is pointing into the stack for thread: 0x00007f4ef038a000
R15=0x00007f4ef038a000 is a thread


Stack: [0x00007f4ed6ed5000,0x00007f4ed6fd6000],  sp=0x00007f4ed6fd2428,  free space=1013k
Native frames: (J=compiled Java code, j=interpreted, Vv=VM code, C=native code)
C  [libzip.so+0x10dc2]  crc32+0x5f2
j  java.util.zip.CRC32.updateByteBuffer(IJII)I+0
j  java.util.zip.CRC32.update(Ljava/nio/ByteBuffer;)V+64
v  ~StubRoutines::call_stub
V  [libjvm.so+0x691d16]  JavaCalls::call_helper(JavaValue*, methodHandle*, JavaCallArguments*, Thread*)+0x1056
V  [libjvm.so+0x99d637]  Reflection::invoke(instanceKlassHandle, methodHandle, Handle, bool, objArrayHandle, BasicType, objArrayHandle, bool, Thread*)+0x5d7
V  [libjvm.so+0x9a0d47]  Reflection::invoke_method(oopDesc*, Handle, objArrayHandle, Thread*)+0x147
V  [libjvm.so+0x7253cb]  JVM_InvokeMethod+0x26b
j  sun.reflect.NativeMethodAccessorImpl.invoke0(Ljava/lang/reflect/Method;Ljava/lang/Object;[Ljava/lang/Object;)Ljava/lang/Object;+0
j  sun.reflect.NativeMethodAccessorImpl.invoke(Ljava/lang/Object;[Ljava/lang/Object;)Ljava/lang/Object;+100
j  sun.reflect.DelegatingMethodAccessorImpl.invoke(Ljava/lang/Object;[Ljava/lang/Object;)Ljava/lang/Object;+6
j  java.lang.reflect.Method.invoke(Ljava/lang/Object;[Ljava/lang/Object;)Ljava/lang/Object;+56
j  com.orientechnologies.orient.core.storage.cache.local.OWOWCache.verifyChecksum(Ljava/nio/ByteBuffer;JJ[Ljava/nio/ByteBuffer;)V+259
j  com.orientechnologies.orient.core.storage.cache.local.OWOWCache.loadFileContent(IJIZ)[Lcom/orientechnologies/orient/core/storage/cache/OCachePointer;+239
j  com.orientechnologies.orient.core.storage.cache.local.OWOWCache.load(JJIZLcom/orientechnologies/common/types/OModifiableBoolean;Z)[Lcom/orientechnologies/orient/core/storage/cache/OCachePointer;+194
j  com.orientechnologies.orient.core.storage.cache.local.twoq.O2QCache.updateCache(JJZLcom/orientechnologies/orient/core/storage/cache/OWriteCache;ILcom/orientechnologies/common/types/OModifiableBoolean;Z)Lcom/orientechnologies/orient/core/storage/cache/local/twoq/O2QCache$UpdateCacheResult;+169
j  com.orientechnologies.orient.core.storage.cache.local.twoq.O2QCache.doLoad(JJZZLcom/orientechnologies/orient/core/storage/cache/OWriteCache;ILcom/orientechnologies/orient/core/storage/impl/local/statistic/OSessionStoragePerformanceStatistic;Z)Lcom/orientechnologies/orient/core/storage/cache/local/twoq/O2QCache$UpdateCacheResult;+175
j  com.orientechnologies.orient.core.storage.cache.local.twoq.O2QCache.load(JJZLcom/orientechnologies/orient/core/storage/cache/OWriteCache;IZ)Lcom/orientechnologies/orient/core/storage/cache/OCacheEntry;+48
j  com.orientechnologies.orient.core.storage.impl.local.paginated.base.ODurableComponent.loadPage(Lcom/orientechnologies/orient/core/storage/impl/local/paginated/atomicoperations/OAtomicOperation;JJZI)Lcom/orientechnologies/orient/core/storage/cache/OCacheEntry;+20
j  com.orientechnologies.orient.core.storage.impl.local.paginated.base.ODurableComponent.loadPage(Lcom/orientechnologies/orient/core/storage/impl/local/paginated/atomicoperations/OAtomicOperation;JJZ)Lcom/orientechnologies/orient/core/storage/cache/OCacheEntry;+8
j  com.orientechnologies.orient.core.storage.impl.local.paginated.OPaginatedCluster.open()V+37
j  com.orientechnologies.orient.core.storage.impl.local.OAbstractPaginatedStorage.openClusters()V+107
j  com.orientechnologies.orient.core.storage.impl.local.OAbstractPaginatedStorage.open(Ljava/lang/String;Ljava/lang/String;Ljava/util/Map;)V+259
j  com.orientechnologies.orient.core.db.document.ODatabaseDocumentTx.open(Ljava/lang/String;Ljava/lang/String;)Lcom/orientechnologies/orient/core/db/ODatabase;+215
j  com.lorenzo.marco.database.orientdb.OrientDBdatabaseWrapperTest.setUp()V+50
v  ~StubRoutines::call_stub
V  [libjvm.so+0x691d16]  JavaCalls::call_helper(JavaValue*, methodHandle*, JavaCallArguments*, Thread*)+0x1056
V  [libjvm.so+0x99d637]  Reflection::invoke(instanceKlassHandle, methodHandle, Handle, bool, objArrayHandle, BasicType, objArrayHandle, bool, Thread*)+0x5d7
V  [libjvm.so+0x9a0d47]  Reflection::invoke_method(oopDesc*, Handle, objArrayHandle, Thread*)+0x147
V  [libjvm.so+0x7253cb]  JVM_InvokeMethod+0x26b
j  sun.reflect.NativeMethodAccessorImpl.invoke0(Ljava/lang/reflect/Method;Ljava/lang/Object;[Ljava/lang/Object;)Ljava/lang/Object;+0
j  sun.reflect.NativeMethodAccessorImpl.invoke(Ljava/lang/Object;[Ljava/lang/Object;)Ljava/lang/Object;+100
j  sun.reflect.DelegatingMethodAccessorImpl.invoke(Ljava/lang/Object;[Ljava/lang/Object;)Ljava/lang/Object;+6
j  java.lang.reflect.Method.invoke(Ljava/lang/Object;[Ljava/lang/Object;)Ljava/lang/Object;+56
j  org.junit.runners.model.FrameworkMethod$1.runReflectiveCall()Ljava/lang/Object;+15
j  org.junit.internal.runners.model.ReflectiveCallable.run()Ljava/lang/Object;+1
j  org.junit.runners.model.FrameworkMethod.invokeExplosively(Ljava/lang/Object;[Ljava/lang/Object;)Ljava/lang/Object;+10
j  org.junit.internal.runners.statements.RunBefores.evaluate()V+38
j  org.junit.runners.ParentRunner.runLeaf(Lorg/junit/runners/model/Statement;Lorg/junit/runner/Description;Lorg/junit/runner/notification/RunNotifier;)V+17
j  org.junit.runners.BlockJUnit4ClassRunner.runChild(Lorg/junit/runners/model/FrameworkMethod;Lorg/junit/runner/notification/RunNotifier;)V+30
j  org.junit.runners.BlockJUnit4ClassRunner.runChild(Ljava/lang/Object;Lorg/junit/runner/notification/RunNotifier;)V+6
j  org.junit.runners.ParentRunner$3.run()V+12
j  org.junit.runners.ParentRunner$1.schedule(Ljava/lang/Runnable;)V+1
j  org.junit.runners.ParentRunner.runChildren(Lorg/junit/runner/notification/RunNotifier;)V+44
j  org.junit.runners.ParentRunner.access$000(Lorg/junit/runners/ParentRunner;Lorg/junit/runner/notification/RunNotifier;)V+2
j  org.junit.runners.ParentRunner$2.evaluate()V+8
j  org.junit.runners.ParentRunner.run(Lorg/junit/runner/notification/RunNotifier;)V+20
j  org.pitest.junit.adapter.CustomRunnerExecutor.run()V+34
j  org.pitest.junit.adapter.AdaptedJUnitTestUnit.execute(Ljava/lang/ClassLoader;Lorg/pitest/testapi/ResultCollector;)V+63
j  org.pitest.mutationtest.execute.MutationTimeoutDecorator$1.run()V+15
j  java.util.concurrent.Executors$RunnableAdapter.call()Ljava/lang/Object;+4
j  java.util.concurrent.FutureTask.run()V+42
j  java.lang.Thread.run()V+11
v  ~StubRoutines::call_stub
V  [libjvm.so+0x691d16]  JavaCalls::call_helper(JavaValue*, methodHandle*, JavaCallArguments*, Thread*)+0x1056
V  [libjvm.so+0x692221]  JavaCalls::call_virtual(JavaValue*, KlassHandle, Symbol*, Symbol*, JavaCallArguments*, Thread*)+0x321
V  [libjvm.so+0x6926c7]  JavaCalls::call_virtual(JavaValue*, Handle, KlassHandle, Symbol*, Symbol*, Thread*)+0x47
V  [libjvm.so+0x72da50]  thread_entry(JavaThread*, Thread*)+0xa0
V  [libjvm.so+0xa76833]  JavaThread::thread_main_inner()+0x103
V  [libjvm.so+0xa7697c]  JavaThread::run()+0x11c
V  [libjvm.so+0x927568]  java_start(Thread*)+0x108
C  [libpthread.so.0+0x76ba]  start_thread+0xca

Java frames: (J=compiled Java code, j=interpreted, Vv=VM code)
j  java.util.zip.CRC32.updateByteBuffer(IJII)I+0
j  java.util.zip.CRC32.update(Ljava/nio/ByteBuffer;)V+64
v  ~StubRoutines::call_stub
j  sun.reflect.NativeMethodAccessorImpl.invoke0(Ljava/lang/reflect/Method;Ljava/lang/Object;[Ljava/lang/Object;)Ljava/lang/Object;+0
j  sun.reflect.NativeMethodAccessorImpl.invoke(Ljava/lang/Object;[Ljava/lang/Object;)Ljava/lang/Object;+100
j  sun.reflect.DelegatingMethodAccessorImpl.invoke(Ljava/lang/Object;[Ljava/lang/Object;)Ljava/lang/Object;+6
j  java.lang.reflect.Method.invoke(Ljava/lang/Object;[Ljava/lang/Object;)Ljava/lang/Object;+56
j  com.orientechnologies.orient.core.storage.cache.local.OWOWCache.verifyChecksum(Ljava/nio/ByteBuffer;JJ[Ljava/nio/ByteBuffer;)V+259
j  com.orientechnologies.orient.core.storage.cache.local.OWOWCache.loadFileContent(IJIZ)[Lcom/orientechnologies/orient/core/storage/cache/OCachePointer;+239
j  com.orientechnologies.orient.core.storage.cache.local.OWOWCache.load(JJIZLcom/orientechnologies/common/types/OModifiableBoolean;Z)[Lcom/orientechnologies/orient/core/storage/cache/OCachePointer;+194
j  com.orientechnologies.orient.core.storage.cache.local.twoq.O2QCache.updateCache(JJZLcom/orientechnologies/orient/core/storage/cache/OWriteCache;ILcom/orientechnologies/common/types/OModifiableBoolean;Z)Lcom/orientechnologies/orient/core/storage/cache/local/twoq/O2QCache$UpdateCacheResult;+169
j  com.orientechnologies.orient.core.storage.cache.local.twoq.O2QCache.doLoad(JJZZLcom/orientechnologies/orient/core/storage/cache/OWriteCache;ILcom/orientechnologies/orient/core/storage/impl/local/statistic/OSessionStoragePerformanceStatistic;Z)Lcom/orientechnologies/orient/core/storage/cache/local/twoq/O2QCache$UpdateCacheResult;+175
j  com.orientechnologies.orient.core.storage.cache.local.twoq.O2QCache.load(JJZLcom/orientechnologies/orient/core/storage/cache/OWriteCache;IZ)Lcom/orientechnologies/orient/core/storage/cache/OCacheEntry;+48
j  com.orientechnologies.orient.core.storage.impl.local.paginated.base.ODurableComponent.loadPage(Lcom/orientechnologies/orient/core/storage/impl/local/paginated/atomicoperations/OAtomicOperation;JJZI)Lcom/orientechnologies/orient/core/storage/cache/OCacheEntry;+20
j  com.orientechnologies.orient.core.storage.impl.local.paginated.base.ODurableComponent.loadPage(Lcom/orientechnologies/orient/core/storage/impl/local/paginated/atomicoperations/OAtomicOperation;JJZ)Lcom/orientechnologies/orient/core/storage/cache/OCacheEntry;+8
j  com.orientechnologies.orient.core.storage.impl.local.paginated.OPaginatedCluster.open()V+37
j  com.orientechnologies.orient.core.storage.impl.local.OAbstractPaginatedStorage.openClusters()V+107
j  com.orientechnologies.orient.core.storage.impl.local.OAbstractPaginatedStorage.open(Ljava/lang/String;Ljava/lang/String;Ljava/util/Map;)V+259
j  com.orientechnologies.orient.core.db.document.ODatabaseDocumentTx.open(Ljava/lang/String;Ljava/lang/String;)Lcom/orientechnologies/orient/core/db/ODatabase;+215
j  com.lorenzo.marco.database.orientdb.OrientDBdatabaseWrapperTest.setUp()V+50
v  ~StubRoutines::call_stub
j  sun.reflect.NativeMethodAccessorImpl.invoke0(Ljava/lang/reflect/Method;Ljava/lang/Object;[Ljava/lang/Object;)Ljava/lang/Object;+0
j  sun.reflect.NativeMethodAccessorImpl.invoke(Ljava/lang/Object;[Ljava/lang/Object;)Ljava/lang/Object;+100
j  sun.reflect.DelegatingMethodAccessorImpl.invoke(Ljava/lang/Object;[Ljava/lang/Object;)Ljava/lang/Object;+6
j  java.lang.reflect.Method.invoke(Ljava/lang/Object;[Ljava/lang/Object;)Ljava/lang/Object;+56
j  org.junit.runners.model.FrameworkMethod$1.runReflectiveCall()Ljava/lang/Object;+15
j  org.junit.internal.runners.model.ReflectiveCallable.run()Ljava/lang/Object;+1
j  org.junit.runners.model.FrameworkMethod.invokeExplosively(Ljava/lang/Object;[Ljava/lang/Object;)Ljava/lang/Object;+10
j  org.junit.internal.runners.statements.RunBefores.evaluate()V+38
j  org.junit.runners.ParentRunner.runLeaf(Lorg/junit/runners/model/Statement;Lorg/junit/runner/Description;Lorg/junit/runner/notification/RunNotifier;)V+17
j  org.junit.runners.BlockJUnit4ClassRunner.runChild(Lorg/junit/runners/model/FrameworkMethod;Lorg/junit/runner/notification/RunNotifier;)V+30
j  org.junit.runners.BlockJUnit4ClassRunner.runChild(Ljava/lang/Object;Lorg/junit/runner/notification/RunNotifier;)V+6
j  org.junit.runners.ParentRunner$3.run()V+12
j  org.junit.runners.ParentRunner$1.schedule(Ljava/lang/Runnable;)V+1
j  org.junit.runners.ParentRunner.runChildren(Lorg/junit/runner/notification/RunNotifier;)V+44
j  org.junit.runners.ParentRunner.access$000(Lorg/junit/runners/ParentRunner;Lorg/junit/runner/notification/RunNotifier;)V+2
j  org.junit.runners.ParentRunner$2.evaluate()V+8
j  org.junit.runners.ParentRunner.run(Lorg/junit/runner/notification/RunNotifier;)V+20
j  org.pitest.junit.adapter.CustomRunnerExecutor.run()V+34
j  org.pitest.junit.adapter.AdaptedJUnitTestUnit.execute(Ljava/lang/ClassLoader;Lorg/pitest/testapi/ResultCollector;)V+63
j  org.pitest.mutationtest.execute.MutationTimeoutDecorator$1.run()V+15
j  java.util.concurrent.Executors$RunnableAdapter.call()Ljava/lang/Object;+4
j  java.util.concurrent.FutureTask.run()V+42
j  java.lang.Thread.run()V+11
v  ~StubRoutines::call_stub

---------------  P R O C E S S  ---------------

Java Threads: ( => current thread )
  0x00007f4ebc001000 JavaThread "SIGTERM handler" daemon [_thread_blocked, id=32284, stack(0x00007f4ed5ebe000,0x00007f4ed5fbf000)]
  0x00007f4ef039b000 JavaThread "mutationTestThread" daemon [_thread_blocked, id=32282, stack(0x00007f4ed5fbf000,0x00007f4ed60c0000)]
  0x00007f4eb0291800 JavaThread "OrientDB Write Cache Flush Task (negozioDB)" daemon [_thread_blocked, id=32280, stack(0x00007f4ed60c0000,0x00007f4ed61c1000)]
  0x00007f4eb028e000 JavaThread "OrientDB WAL Flush Task (negozioDB)" daemon [_thread_in_Java, id=32279, stack(0x00007f4ed61c1000,0x00007f4ed62c2000)]
  0x00007f4eb026e000 JavaThread "WAL Closer Task (negozioDB)" daemon [_thread_blocked, id=32278, stack(0x00007f4ed62c2000,0x00007f4ed63c3000)]
  0x00007f4eb019b000 JavaThread "Timer-0" daemon [_thread_in_vm, id=32276, stack(0x00007f4ed69d4000,0x00007f4ed6ad5000)]
=>0x00007f4ef038a000 JavaThread "mutationTestThread" daemon [_thread_in_native, id=32272, stack(0x00007f4ed6ed5000,0x00007f4ed6fd6000)]
  0x00007f4ef015d800 JavaThread "Service Thread" daemon [_thread_blocked, id=32266, stack(0x00007f4ed77f8000,0x00007f4ed78f9000)]
  0x00007f4ef0143000 JavaThread "C1 CompilerThread1" daemon [_thread_blocked, id=32265, stack(0x00007f4ed78f9000,0x00007f4ed79fa000)]
  0x00007f4ef013d800 JavaThread "C2 CompilerThread0" daemon [_thread_blocked, id=32264, stack(0x00007f4ed79fa000,0x00007f4ed7afb000)]
  0x00007f4ef013b800 JavaThread "Signal Dispatcher" daemon [_thread_blocked, id=32263, stack(0x00007f4ed7afb000,0x00007f4ed7bfc000)]
  0x00007f4ef0109800 JavaThread "Finalizer" daemon [_thread_blocked, id=32262, stack(0x00007f4ed7bfc000,0x00007f4ed7cfd000)]
  0x00007f4ef0105000 JavaThread "Reference Handler" daemon [_thread_blocked, id=32261, stack(0x00007f4ed7cfd000,0x00007f4ed7dfe000)]
  0x00007f4ef000c800 JavaThread "main" [_thread_blocked, id=32257, stack(0x00007f4ef605f000,0x00007f4ef6160000)]

Other Threads:
  0x00007f4ef00fd800 VMThread [stack: 0x00007f4ed7dfe000,0x00007f4ed7eff000] [id=32260]
  0x00007f4ef0163000 WatcherThread [stack: 0x00007f4ed76f7000,0x00007f4ed77f8000] [id=32267]

VM state:synchronizing (normal execution)

VM Mutex/Monitor currently owned by a thread:  ([mutex/lock_event])
[0x00007f4ef0008c90] Safepoint_lock - owner thread: 0x00007f4ef00fd800
[0x00007f4ef0008d10] Threads_lock - owner thread: 0x00007f4ef00fd800
[0x00007f4ef0009210] Heap_lock - owner thread: 0x00007f4ebc001000

Heap:
 PSYoungGen      total 34304K, used 10907K [0x00000000eb980000, 0x00000000edd80000, 0x0000000100000000)
  eden space 31744K, 26% used [0x00000000eb980000,0x00000000ec1a6c68,0x00000000ed880000)
  from space 2560K, 100% used [0x00000000edb00000,0x00000000edd80000,0x00000000edd80000)
  to   space 2560K, 0% used [0x00000000ed880000,0x00000000ed880000,0x00000000edb00000)
 ParOldGen       total 42496K, used 5820K [0x00000000c2c00000, 0x00000000c5580000, 0x00000000eb980000)
  object space 42496K, 13% used [0x00000000c2c00000,0x00000000c31af128,0x00000000c5580000)
 Metaspace       used 16741K, capacity 17212K, committed 17408K, reserved 1064960K
  class space    used 2079K, capacity 2302K, committed 2304K, reserved 1048576K

Card table byte_map: [0x00007f4edf6dc000,0x00007f4edf8c7000] byte_map_base: 0x00007f4edf0c6000

Marking Bits: (ParMarkBitMap*) 0x00007f4ef552af60
 Begin Bits: [0x00007f4edd4f3000, 0x00007f4ede443000)
 End Bits:   [0x00007f4ede443000, 0x00007f4edf393000)

Polling page: 0x00007f4ef617b000

CodeCache: size=245760Kb used=5132Kb max_used=5132Kb free=240627Kb
 bounds [0x00007f4edfc87000, 0x00007f4ee0197000, 0x00007f4eeec87000]
 total_blobs=2060 nmethods=1616 adapters=357
 compilation: enabled

Compilation events (10 events):
Event: 5,676 Thread 0x00007f4ef0143000 nmethod 1613 0x00007f4ee0189650 code [0x00007f4ee01897a0, 0x00007f4ee01898d0]
Event: 5,676 Thread 0x00007f4ef0143000 1614       1       java.lang.Long::longValue (5 bytes)
Event: 5,676 Thread 0x00007f4ef0143000 nmethod 1614 0x00007f4ee0189390 code [0x00007f4ee01894e0, 0x00007f4ee01895f0]
Event: 5,676 Thread 0x00007f4ef0143000 1616       1       com.orientechnologies.common.types.OModifiableInteger::intValue (5 bytes)
Event: 5,676 Thread 0x00007f4ef0143000 nmethod 1616 0x00007f4ee01890d0 code [0x00007f4ee0189220, 0x00007f4ee0189330]
Event: 5,676 Thread 0x00007f4ef0143000 1611       3       java.util.Locale::getCountry (8 bytes)
Event: 5,676 Thread 0x00007f4ef0143000 nmethod 1611 0x00007f4ee0188cd0 code [0x00007f4ee0188e40, 0x00007f4ee0189030]
Event: 5,676 Thread 0x00007f4ef0143000 1612       3       java.util.Formatter$Conversion::isGeneral (64 bytes)
Event: 5,676 Thread 0x00007f4ef0143000 nmethod 1612 0x00007f4ee0188990 code [0x00007f4ee0188ae0, 0x00007f4ee0188c50]
Event: 5,676 Thread 0x00007f4ef013d800 1617       4       java.util.concurrent.ConcurrentHashMap::get (162 bytes)

GC Heap History (8 events):
Event: 1,821 GC heap before
{Heap before GC invocations=1 (full 0):
 PSYoungGen      total 18432K, used 15872K [0x00000000eb980000, 0x00000000ece00000, 0x0000000100000000)
  eden space 15872K, 100% used [0x00000000eb980000,0x00000000ec900000,0x00000000ec900000)
  from space 2560K, 0% used [0x00000000ecb80000,0x00000000ecb80000,0x00000000ece00000)
  to   space 2560K, 0% used [0x00000000ec900000,0x00000000ec900000,0x00000000ecb80000)
 ParOldGen       total 42496K, used 0K [0x00000000c2c00000, 0x00000000c5580000, 0x00000000eb980000)
  object space 42496K, 0% used [0x00000000c2c00000,0x00000000c2c00000,0x00000000c5580000)
 Metaspace       used 6674K, capacity 6806K, committed 7040K, reserved 1056768K
  class space    used 760K, capacity 821K, committed 896K, reserved 1048576K
Event: 1,833 GC heap after
Heap after GC invocations=1 (full 0):
 PSYoungGen      total 18432K, used 2543K [0x00000000eb980000, 0x00000000ece00000, 0x0000000100000000)
  eden space 15872K, 0% used [0x00000000eb980000,0x00000000eb980000,0x00000000ec900000)
  from space 2560K, 99% used [0x00000000ec900000,0x00000000ecb7bd00,0x00000000ecb80000)
  to   space 2560K, 0% used [0x00000000ecb80000,0x00000000ecb80000,0x00000000ece00000)
 ParOldGen       total 42496K, used 600K [0x00000000c2c00000, 0x00000000c5580000, 0x00000000eb980000)
  object space 42496K, 1% used [0x00000000c2c00000,0x00000000c2c96060,0x00000000c5580000)
 Metaspace       used 6674K, capacity 6806K, committed 7040K, reserved 1056768K
  class space    used 760K, capacity 821K, committed 896K, reserved 1048576K
}
Event: 2,455 GC heap before
{Heap before GC invocations=2 (full 0):
 PSYoungGen      total 18432K, used 18413K [0x00000000eb980000, 0x00000000ece00000, 0x0000000100000000)
  eden space 15872K, 99% used [0x00000000eb980000,0x00000000ec8ff920,0x00000000ec900000)
  from space 2560K, 99% used [0x00000000ec900000,0x00000000ecb7bd00,0x00000000ecb80000)
  to   space 2560K, 0% used [0x00000000ecb80000,0x00000000ecb80000,0x00000000ece00000)
 ParOldGen       total 42496K, used 600K [0x00000000c2c00000, 0x00000000c5580000, 0x00000000eb980000)
  object space 42496K, 1% used [0x00000000c2c00000,0x00000000c2c96060,0x00000000c5580000)
 Metaspace       used 8704K, capacity 8796K, committed 9088K, reserved 1056768K
  class space    used 1049K, capacity 1078K, committed 1152K, reserved 1048576K
Event: 2,467 GC heap after
Heap after GC invocations=2 (full 0):
 PSYoungGen      total 18432K, used 2530K [0x00000000eb980000, 0x00000000edd80000, 0x0000000100000000)
  eden space 15872K, 0% used [0x00000000eb980000,0x00000000eb980000,0x00000000ec900000)
  from space 2560K, 98% used [0x00000000ecb80000,0x00000000ecdf8978,0x00000000ece00000)
  to   space 2560K, 0% used [0x00000000ec900000,0x00000000ec900000,0x00000000ecb80000)
 ParOldGen       total 42496K, used 1343K [0x00000000c2c00000, 0x00000000c5580000, 0x00000000eb980000)
  object space 42496K, 3% used [0x00000000c2c00000,0x00000000c2d4ff58,0x00000000c5580000)
 Metaspace       used 8704K, capacity 8796K, committed 9088K, reserved 1056768K
  class space    used 1049K, capacity 1078K, committed 1152K, reserved 1048576K
}
Event: 3,621 GC heap before
{Heap before GC invocations=3 (full 0):
 PSYoungGen      total 18432K, used 18402K [0x00000000eb980000, 0x00000000edd80000, 0x0000000100000000)
  eden space 15872K, 100% used [0x00000000eb980000,0x00000000ec900000,0x00000000ec900000)
  from space 2560K, 98% used [0x00000000ecb80000,0x00000000ecdf8978,0x00000000ece00000)
  to   space 2560K, 0% used [0x00000000ec900000,0x00000000ec900000,0x00000000ecb80000)
 ParOldGen       total 42496K, used 1343K [0x00000000c2c00000, 0x00000000c5580000, 0x00000000eb980000)
  object space 42496K, 3% used [0x00000000c2c00000,0x00000000c2d4ff58,0x00000000c5580000)
 Metaspace       used 12396K, capacity 12752K, committed 13056K, reserved 1060864K
  class space    used 1519K, capacity 1708K, committed 1792K, reserved 1048576K
Event: 3,644 GC heap after
Heap after GC invocations=3 (full 0):
 PSYoungGen      total 18432K, used 2529K [0x00000000eb980000, 0x00000000edd80000, 0x0000000100000000)
  eden space 15872K, 0% used [0x00000000eb980000,0x00000000eb980000,0x00000000ec900000)
  from space 2560K, 98% used [0x00000000ec900000,0x00000000ecb784d8,0x00000000ecb80000)
  to   space 2560K, 0% used [0x00000000edb00000,0x00000000edb00000,0x00000000edd80000)
 ParOldGen       total 42496K, used 3501K [0x00000000c2c00000, 0x00000000c5580000, 0x00000000eb980000)
  object space 42496K, 8% used [0x00000000c2c00000,0x00000000c2f6b590,0x00000000c5580000)
 Metaspace       used 12396K, capacity 12752K, committed 13056K, reserved 1060864K
  class space    used 1519K, capacity 1708K, committed 1792K, reserved 1048576K
}
Event: 4,597 GC heap before
{Heap before GC invocations=4 (full 0):
 PSYoungGen      total 18432K, used 18401K [0x00000000eb980000, 0x00000000edd80000, 0x0000000100000000)
  eden space 15872K, 100% used [0x00000000eb980000,0x00000000ec900000,0x00000000ec900000)
  from space 2560K, 98% used [0x00000000ec900000,0x00000000ecb784d8,0x00000000ecb80000)
  to   space 2560K, 0% used [0x00000000edb00000,0x00000000edb00000,0x00000000edd80000)
 ParOldGen       total 42496K, used 3501K [0x00000000c2c00000, 0x00000000c5580000, 0x00000000eb980000)
  object space 42496K, 8% used [0x00000000c2c00000,0x00000000c2f6b590,0x00000000c5580000)
 Metaspace       used 15814K, capacity 16284K, committed 16640K, reserved 1062912K
  class space    used 1978K, capacity 2206K, committed 2304K, reserved 1048576K
Event: 4,632 GC heap after
Heap after GC invocations=4 (full 0):
 PSYoungGen      total 34304K, used 2560K [0x00000000eb980000, 0x00000000edd80000, 0x0000000100000000)
  eden space 31744K, 0% used [0x00000000eb980000,0x00000000eb980000,0x00000000ed880000)
  from space 2560K, 100% used [0x00000000edb00000,0x00000000edd80000,0x00000000edd80000)
  to   space 2560K, 0% used [0x00000000ed880000,0x00000000ed880000,0x00000000edb00000)
 ParOldGen       total 42496K, used 5820K [0x00000000c2c00000, 0x00000000c5580000, 0x00000000eb980000)
  object space 42496K, 13% used [0x00000000c2c00000,0x00000000c31af128,0x00000000c5580000)
 Metaspace       used 15814K, capacity 16284K, committed 16640K, reserved 1062912K
  class space    used 1978K, capacity 2206K, committed 2304K, reserved 1048576K
}

Deoptimization events (10 events):
Event: 2,078 Thread 0x00007f4ef000c800 Uncommon trap: reason=unstable_if action=reinterpret pc=0x00007f4edfeaf9ac method=java.util.HashMap.getNode(ILjava/lang/Object;)Ljava/util/HashMap$Node; @ 62
Event: 2,241 Thread 0x00007f4ef000c800 Uncommon trap: reason=unstable_if action=reinterpret pc=0x00007f4edfe520fc method=java.lang.String.replace(CC)Ljava/lang/String; @ 26
Event: 2,647 Thread 0x00007f4ef038a000 Uncommon trap: reason=null_check action=maybe_recompile pc=0x00007f4edff9d1dc method=java.util.regex.Matcher.getTextLength()I @ 4
Event: 2,648 Thread 0x00007f4ef038a000 Uncommon trap: reason=null_check action=maybe_recompile pc=0x00007f4edff9d1dc method=java.util.regex.Matcher.getTextLength()I @ 4
Event: 2,649 Thread 0x00007f4ef038a000 Uncommon trap: reason=null_check action=maybe_recompile pc=0x00007f4edff9d1dc method=java.util.regex.Matcher.getTextLength()I @ 4
Event: 2,992 Thread 0x00007f4ef038a000 Uncommon trap: reason=unstable_if action=reinterpret pc=0x00007f4edffbe77c method=java.lang.ref.ReferenceQueue.poll()Ljava/lang/ref/Reference; @ 4
Event: 3,619 Thread 0x00007f4ef038a000 Uncommon trap: reason=unstable_if action=reinterpret pc=0x00007f4ee0091338 method=jdk.internal.org.objectweb.asm.Type.getArgumentsAndReturnSizes(Ljava/lang/String;)I @ 88
Event: 4,674 Thread 0x00007f4ef038a000 Uncommon trap: reason=unstable_if action=reinterpret pc=0x00007f4edffd7024 method=java.lang.String.regionMatches(ZILjava/lang/String;II)Z @ 123
Event: 4,701 Thread 0x00007f4ef038a000 Uncommon trap: reason=class_check action=maybe_recompile pc=0x00007f4edffcfa1c method=java.util.regex.Pattern$Slice.match(Ljava/util/regex/Matcher;ILjava/lang/CharSequence;)Z @ 75
Event: 5,664 Thread 0x00007f4ebc001000 Uncommon trap: reason=unstable_if action=reinterpret pc=0x00007f4ee018a45c method=com.orientechnologies.common.concur.lock.ODistributedCounter.isEmpty()Z @ 6

Internal exceptions (10 events):
Event: 4,283 Thread 0x00007f4ef038a000 Exception <a 'java/lang/ArrayIndexOutOfBoundsException'> (0x00000000ec3ec038) thrown at [/HUDSON/workspace/8-2-build-linux-amd64/jdk8u131/8869/hotspot/src/share/vm/runtime/sharedRuntime.cpp, line 605]
Event: 4,283 Thread 0x00007f4ef038a000 Exception <a 'java/lang/ArrayIndexOutOfBoundsException'> (0x00000000ec3ed7a8) thrown at [/HUDSON/workspace/8-2-build-linux-amd64/jdk8u131/8869/hotspot/src/share/vm/runtime/sharedRuntime.cpp, line 605]
Event: 4,296 Thread 0x00007f4ef038a000 Exception <a 'java/lang/ArrayIndexOutOfBoundsException'> (0x00000000ec41c118) thrown at [/HUDSON/workspace/8-2-build-linux-amd64/jdk8u131/8869/hotspot/src/share/vm/runtime/sharedRuntime.cpp, line 605]
Event: 4,322 Thread 0x00007f4ef038a000 Exception <a 'java/lang/ArrayIndexOutOfBoundsException'> (0x00000000ec43c098) thrown at [/HUDSON/workspace/8-2-build-linux-amd64/jdk8u131/8869/hotspot/src/share/vm/runtime/sharedRuntime.cpp, line 605]
Event: 5,439 Thread 0x00007f4ebc001000 Exception <a 'java/io/IOException'> (0x00000000ec1128a0) thrown at [/HUDSON/workspace/8-2-build-linux-amd64/jdk8u131/8869/hotspot/src/share/vm/prims/jni.cpp, line 709]
Event: 5,440 Thread 0x00007f4ebc001000 Exception <a 'java/io/IOException'> (0x00000000ec112e90) thrown at [/HUDSON/workspace/8-2-build-linux-amd64/jdk8u131/8869/hotspot/src/share/vm/prims/jni.cpp, line 709]
Event: 5,450 Thread 0x00007f4ebc001000 Exception <a 'java/io/IOException'> (0x00000000ec117f40) thrown at [/HUDSON/workspace/8-2-build-linux-amd64/jdk8u131/8869/hotspot/src/share/vm/prims/jni.cpp, line 709]
Event: 5,450 Thread 0x00007f4ebc001000 Exception <a 'java/io/IOException'> (0x00000000ec1181b0) thrown at [/HUDSON/workspace/8-2-build-linux-amd64/jdk8u131/8869/hotspot/src/share/vm/prims/jni.cpp, line 709]
Event: 5,672 Thread 0x00007f4ebc001000 Exception <a 'java/io/IOException'> (0x00000000ec125870) thrown at [/HUDSON/workspace/8-2-build-linux-amd64/jdk8u131/8869/hotspot/src/share/vm/prims/jni.cpp, line 709]
Event: 5,672 Thread 0x00007f4ebc001000 Exception <a 'java/io/IOException'> (0x00000000ec125ae0) thrown at [/HUDSON/workspace/8-2-build-linux-amd64/jdk8u131/8869/hotspot/src/share/vm/prims/jni.cpp, line 709]

Events (10 events):
Event: 5,651 loading class com/orientechnologies/orient/core/storage/cache/local/twoq/O2QCache$UpdateCacheResult done
Event: 5,664 Thread 0x00007f4ebc001000 Uncommon trap: trap_request=0xffffff65 fr.pc=0x00007f4ee018a45c
Event: 5,664 Thread 0x00007f4ebc001000 DEOPT PACKING pc=0x00007f4ee018a45c sp=0x00007f4ed5fbd410
Event: 5,664 Thread 0x00007f4ebc001000 DEOPT UNPACKING pc=0x00007f4edfc8bf69 sp=0x00007f4ed5fbd3e8 mode 2
Event: 5,664 loading class com/orientechnologies/orient/core/storage/cache/local/twoq/ConcurrentLRUList$OCacheEntryIterator
Event: 5,664 loading class com/orientechnologies/orient/core/storage/cache/local/twoq/ConcurrentLRUList$OCacheEntryIterator done
Event: 5,671 loading class com/orientechnologies/orient/core/storage/cache/local/twoq/O2QCache$PinnedPage
Event: 5,671 loading class com/orientechnologies/orient/core/storage/cache/local/twoq/O2QCache$PinnedPage done
Event: 5,673 loading class java/util/concurrent/ConcurrentLinkedQueue$Itr
Event: 5,673 loading class java/util/concurrent/ConcurrentLinkedQueue$Itr done


Dynamic libraries:
00400000-00401000 r-xp 00000000 08:05 536548                             /usr/lib/jvm/java-8-oracle/jre/bin/java
00600000-00601000 rw-p 00000000 08:05 536548                             /usr/lib/jvm/java-8-oracle/jre/bin/java
00e6a000-00e8b000 rw-p 00000000 00:00 0                                  [heap]
c2c00000-c5580000 rw-p 00000000 00:00 0 
c5580000-eb980000 ---p 00000000 00:00 0 
eb980000-edd80000 rw-p 00000000 00:00 0 
edd80000-100000000 ---p 00000000 00:00 0 
100000000-100240000 rw-p 00000000 00:00 0 
100240000-140000000 ---p 00000000 00:00 0 
7f4e9c000000-7f4e9c021000 rw-p 00000000 00:00 0 
7f4e9c021000-7f4ea0000000 ---p 00000000 00:00 0 
7f4ea4000000-7f4ea4021000 rw-p 00000000 00:00 0 
7f4ea4021000-7f4ea8000000 ---p 00000000 00:00 0 
7f4ea8000000-7f4ea8291000 rw-p 00000000 00:00 0 
7f4ea8291000-7f4eac000000 ---p 00000000 00:00 0 
7f4eac000000-7f4eac021000 rw-p 00000000 00:00 0 
7f4eac021000-7f4eb0000000 ---p 00000000 00:00 0 
7f4eb0000000-7f4eb053d000 rw-p 00000000 00:00 0 
7f4eb053d000-7f4eb4000000 ---p 00000000 00:00 0 
7f4eb4000000-7f4eb457a000 rw-p 00000000 00:00 0 
7f4eb457a000-7f4eb8000000 ---p 00000000 00:00 0 
7f4eb8000000-7f4eb8021000 rw-p 00000000 00:00 0 
7f4eb8021000-7f4ebc000000 ---p 00000000 00:00 0 
7f4ebc000000-7f4ebc021000 rw-p 00000000 00:00 0 
7f4ebc021000-7f4ec0000000 ---p 00000000 00:00 0 
7f4ec0000000-7f4ec04bc000 rw-p 00000000 00:00 0 
7f4ec04bc000-7f4ec4000000 ---p 00000000 00:00 0 
7f4ec4000000-7f4ec4021000 rw-p 00000000 00:00 0 
7f4ec4021000-7f4ec8000000 ---p 00000000 00:00 0 
7f4ec8000000-7f4ec8021000 rw-p 00000000 00:00 0 
7f4ec8021000-7f4ecc000000 ---p 00000000 00:00 0 
7f4ecc000000-7f4ecc021000 rw-p 00000000 00:00 0 
7f4ecc021000-7f4ed0000000 ---p 00000000 00:00 0 
7f4ed0000000-7f4ed0021000 rw-p 00000000 00:00 0 
7f4ed0021000-7f4ed4000000 ---p 00000000 00:00 0 
7f4ed5ebe000-7f4ed5ec1000 ---p 00000000 00:00 0 
7f4ed5ec1000-7f4ed5fbf000 rw-p 00000000 00:00 0 
7f4ed5fbf000-7f4ed5fc2000 ---p 00000000 00:00 0 
7f4ed5fc2000-7f4ed60c0000 rw-p 00000000 00:00 0 
7f4ed60c0000-7f4ed60c3000 ---p 00000000 00:00 0 
7f4ed60c3000-7f4ed61c1000 rw-p 00000000 00:00 0 
7f4ed61c1000-7f4ed61c4000 ---p 00000000 00:00 0 
7f4ed61c4000-7f4ed62c2000 rw-p 00000000 00:00 0 
7f4ed62c2000-7f4ed62c5000 ---p 00000000 00:00 0 
7f4ed62c5000-7f4ed6483000 rw-p 00000000 00:00 0 
7f4ed6483000-7f4ed65c3000 ---p 00000000 00:00 0 
7f4ed65c3000-7f4ed65d4000 r-xp 00000000 08:05 536866                     /usr/lib/jvm/java-8-oracle/jre/lib/amd64/libnio.so
7f4ed65d4000-7f4ed67d3000 ---p 00011000 08:05 536866                     /usr/lib/jvm/java-8-oracle/jre/lib/amd64/libnio.so
7f4ed67d3000-7f4ed67d4000 rw-p 00010000 08:05 536866                     /usr/lib/jvm/java-8-oracle/jre/lib/amd64/libnio.so
7f4ed67d4000-7f4ed69d4000 rw-p 00000000 00:00 0 
7f4ed69d4000-7f4ed69d7000 ---p 00000000 00:00 0 
7f4ed69d7000-7f4ed6cd5000 rw-p 00000000 00:00 0 
7f4ed6cd5000-7f4ed6ed5000 rw-p 00000000 00:00 0 
7f4ed6ed5000-7f4ed6ed8000 ---p 00000000 00:00 0 
7f4ed6ed8000-7f4ed6fd6000 rw-p 00000000 00:00 0 
7f4ed6fd6000-7f4ed6fdf000 r-xp 00000000 08:05 536871                     /usr/lib/jvm/java-8-oracle/jre/lib/amd64/libmanagement.so
7f4ed6fdf000-7f4ed71de000 ---p 00009000 08:05 536871                     /usr/lib/jvm/java-8-oracle/jre/lib/amd64/libmanagement.so
7f4ed71de000-7f4ed71df000 rw-p 00008000 08:05 536871                     /usr/lib/jvm/java-8-oracle/jre/lib/amd64/libmanagement.so
7f4ed71df000-7f4ed74e0000 rw-p 00000000 00:00 0 
7f4ed74e0000-7f4ed74f6000 r-xp 00000000 08:05 536863                     /usr/lib/jvm/java-8-oracle/jre/lib/amd64/libnet.so
7f4ed74f6000-7f4ed76f6000 ---p 00016000 08:05 536863                     /usr/lib/jvm/java-8-oracle/jre/lib/amd64/libnet.so
7f4ed76f6000-7f4ed76f7000 rw-p 00016000 08:05 536863                     /usr/lib/jvm/java-8-oracle/jre/lib/amd64/libnet.so
7f4ed76f7000-7f4ed76f8000 ---p 00000000 00:00 0 
7f4ed76f8000-7f4ed77f8000 rw-p 00000000 00:00 0 
7f4ed77f8000-7f4ed77fb000 ---p 00000000 00:00 0 
7f4ed77fb000-7f4ed78f9000 rw-p 00000000 00:00 0 
7f4ed78f9000-7f4ed78fc000 ---p 00000000 00:00 0 
7f4ed78fc000-7f4ed79fa000 rw-p 00000000 00:00 0 
7f4ed79fa000-7f4ed79fd000 ---p 00000000 00:00 0 
7f4ed79fd000-7f4ed7afb000 rw-p 00000000 00:00 0 
7f4ed7afb000-7f4ed7afe000 ---p 00000000 00:00 0 
7f4ed7afe000-7f4ed7bfc000 rw-p 00000000 00:00 0 
7f4ed7bfc000-7f4ed7bff000 ---p 00000000 00:00 0 
7f4ed7bff000-7f4ed7cfd000 rw-p 00000000 00:00 0 
7f4ed7cfd000-7f4ed7d00000 ---p 00000000 00:00 0 
7f4ed7d00000-7f4ed7dfe000 rw-p 00000000 00:00 0 
7f4ed7dfe000-7f4ed7dff000 ---p 00000000 00:00 0 
7f4ed7dff000-7f4ed8000000 rw-p 00000000 00:00 0 
7f4ed8000000-7f4ed8021000 rw-p 00000000 00:00 0 
7f4ed8021000-7f4edc000000 ---p 00000000 00:00 0 
7f4edc03b000-7f4edc05d000 r--p 00000000 08:05 1314107                    /usr/share/locale-langpack/it/LC_MESSAGES/libc.mo
7f4edc05d000-7f4edc079000 r--s 00393000 08:05 536710                     /usr/lib/jvm/java-8-oracle/jre/lib/ext/cldrdata.jar
7f4edc079000-7f4edc094000 r--s 001d3000 08:05 536713                     /usr/lib/jvm/java-8-oracle/jre/lib/ext/nashorn.jar
7f4edc094000-7f4edc0b2000 r--s 00123000 08:05 931580                     /home/vigna/.m2/repository/org/pitest/pitest/1.1.10/pitest-1.1.10.jar
7f4edc0b2000-7f4edc8ba000 rw-p 00000000 00:00 0 
7f4edc8ba000-7f4edca93000 r--s 03d40000 08:05 536654                     /usr/lib/jvm/java-8-oracle/jre/lib/rt.jar
7f4edca93000-7f4edf393000 rw-p 00000000 00:00 0 
7f4edf393000-7f4edf394000 ---p 00000000 00:00 0 
7f4edf394000-7f4edf494000 rw-p 00000000 00:00 0 
7f4edf494000-7f4edf495000 ---p 00000000 00:00 0 
7f4edf495000-7f4edf5aa000 rw-p 00000000 00:00 0 
7f4edf5aa000-7f4edf6dc000 ---p 00000000 00:00 0 
7f4edf6dc000-7f4edf6f1000 rw-p 00000000 00:00 0 
7f4edf6f1000-7f4edf822000 ---p 00000000 00:00 0 
7f4edf822000-7f4edf835000 rw-p 00000000 00:00 0 
7f4edf835000-7f4edf8c6000 ---p 00000000 00:00 0 
7f4edf8c6000-7f4edf8dc000 rw-p 00000000 00:00 0 
7f4edf8dc000-7f4edfc87000 ---p 00000000 00:00 0 
7f4edfc87000-7f4ee0197000 rwxp 00000000 00:00 0 
7f4ee0197000-7f4eeec87000 ---p 00000000 00:00 0 
7f4eeec87000-7f4eeeca1000 r-xp 00000000 08:05 536859                     /usr/lib/jvm/java-8-oracle/jre/lib/amd64/libzip.so
7f4eeeca1000-7f4eeeea1000 ---p 0001a000 08:05 536859                     /usr/lib/jvm/java-8-oracle/jre/lib/amd64/libzip.so
7f4eeeea1000-7f4eeeea2000 rw-p 0001a000 08:05 536859                     /usr/lib/jvm/java-8-oracle/jre/lib/amd64/libzip.so
7f4eeeea2000-7f4eeeead000 r-xp 00000000 08:05 2359379                    /lib/x86_64-linux-gnu/libnss_files-2.23.so
7f4eeeead000-7f4eef0ac000 ---p 0000b000 08:05 2359379                    /lib/x86_64-linux-gnu/libnss_files-2.23.so
7f4eef0ac000-7f4eef0ad000 r--p 0000a000 08:05 2359379                    /lib/x86_64-linux-gnu/libnss_files-2.23.so
7f4eef0ad000-7f4eef0ae000 rw-p 0000b000 08:05 2359379                    /lib/x86_64-linux-gnu/libnss_files-2.23.so
7f4eef0ae000-7f4eef0b4000 rw-p 00000000 00:00 0 
7f4eef0b4000-7f4eef0bf000 r-xp 00000000 08:05 2359382                    /lib/x86_64-linux-gnu/libnss_nis-2.23.so
7f4eef0bf000-7f4eef2be000 ---p 0000b000 08:05 2359382                    /lib/x86_64-linux-gnu/libnss_nis-2.23.so
7f4eef2be000-7f4eef2bf000 r--p 0000a000 08:05 2359382                    /lib/x86_64-linux-gnu/libnss_nis-2.23.so
7f4eef2bf000-7f4eef2c0000 rw-p 0000b000 08:05 2359382                    /lib/x86_64-linux-gnu/libnss_nis-2.23.so
7f4eef2c0000-7f4eef2d6000 r-xp 00000000 08:05 2359301                    /lib/x86_64-linux-gnu/libnsl-2.23.so
7f4eef2d6000-7f4eef4d5000 ---p 00016000 08:05 2359301                    /lib/x86_64-linux-gnu/libnsl-2.23.so
7f4eef4d5000-7f4eef4d6000 r--p 00015000 08:05 2359301                    /lib/x86_64-linux-gnu/libnsl-2.23.so
7f4eef4d6000-7f4eef4d7000 rw-p 00016000 08:05 2359301                    /lib/x86_64-linux-gnu/libnsl-2.23.so
7f4eef4d7000-7f4eef4d9000 rw-p 00000000 00:00 0 
7f4eef4d9000-7f4eef4e1000 r-xp 00000000 08:05 2359388                    /lib/x86_64-linux-gnu/libnss_compat-2.23.so
7f4eef4e1000-7f4eef6e0000 ---p 00008000 08:05 2359388                    /lib/x86_64-linux-gnu/libnss_compat-2.23.so
7f4eef6e0000-7f4eef6e1000 r--p 00007000 08:05 2359388                    /lib/x86_64-linux-gnu/libnss_compat-2.23.so
7f4eef6e1000-7f4eef6e2000 rw-p 00008000 08:05 2359388                    /lib/x86_64-linux-gnu/libnss_compat-2.23.so
7f4eef6e2000-7f4eef9bc000 r--p 00000000 08:05 533141                     /usr/lib/locale/locale-archive
7f4eef9bc000-7f4eef9c6000 r-xp 00000000 08:05 536868                     /usr/lib/jvm/java-8-oracle/jre/lib/amd64/libinstrument.so
7f4eef9c6000-7f4eefbc5000 ---p 0000a000 08:05 536868                     /usr/lib/jvm/java-8-oracle/jre/lib/amd64/libinstrument.so
7f4eefbc5000-7f4eefbc6000 rw-p 00009000 08:05 536868                     /usr/lib/jvm/java-8-oracle/jre/lib/amd64/libinstrument.so
7f4eefbc6000-7f4eefbf1000 r-xp 00000000 08:05 536853                     /usr/lib/jvm/java-8-oracle/jre/lib/amd64/libjava.so
7f4eefbf1000-7f4eefdf0000 ---p 0002b000 08:05 536853                     /usr/lib/jvm/java-8-oracle/jre/lib/amd64/libjava.so
7f4eefdf0000-7f4eefdf2000 rw-p 0002a000 08:05 536853                     /usr/lib/jvm/java-8-oracle/jre/lib/amd64/libjava.so
7f4eefdf2000-7f4eefdff000 r-xp 00000000 08:05 536858                     /usr/lib/jvm/java-8-oracle/jre/lib/amd64/libverify.so
7f4eefdff000-7f4eefffe000 ---p 0000d000 08:05 536858                     /usr/lib/jvm/java-8-oracle/jre/lib/amd64/libverify.so
7f4eefffe000-7f4ef0000000 rw-p 0000c000 08:05 536858                     /usr/lib/jvm/java-8-oracle/jre/lib/amd64/libverify.so
7f4ef0000000-7f4ef050d000 rw-p 00000000 00:00 0 
7f4ef050d000-7f4ef4000000 ---p 00000000 00:00 0 
7f4ef4001000-7f4ef4008000 r--s 00000000 08:05 794404                     /usr/lib/x86_64-linux-gnu/gconv/gconv-modules.cache
7f4ef4008000-7f4ef400d000 r--s 0009a000 08:05 536706                     /usr/lib/jvm/java-8-oracle/jre/lib/jsse.jar
7f4ef400d000-7f4ef4017000 r--s 00116000 08:05 536717                     /usr/lib/jvm/java-8-oracle/jre/lib/ext/localedata.jar
7f4ef4017000-7f4ef4054000 r--s 0035c000 08:05 2104107                    /home/vigna/.m2/repository/com/orientechnologies/orientdb-core/2.2.23/orientdb-core-2.2.23.jar
7f4ef4054000-7f4ef405b000 r-xp 00000000 08:05 2359384                    /lib/x86_64-linux-gnu/librt-2.23.so
7f4ef405b000-7f4ef425a000 ---p 00007000 08:05 2359384                    /lib/x86_64-linux-gnu/librt-2.23.so
7f4ef425a000-7f4ef425b000 r--p 00006000 08:05 2359384                    /lib/x86_64-linux-gnu/librt-2.23.so
7f4ef425b000-7f4ef425c000 rw-p 00007000 08:05 2359384                    /lib/x86_64-linux-gnu/librt-2.23.so
7f4ef425c000-7f4ef4364000 r-xp 00000000 08:05 2359393                    /lib/x86_64-linux-gnu/libm-2.23.so
7f4ef4364000-7f4ef4563000 ---p 00108000 08:05 2359393                    /lib/x86_64-linux-gnu/libm-2.23.so
7f4ef4563000-7f4ef4564000 r--p 00107000 08:05 2359393                    /lib/x86_64-linux-gnu/libm-2.23.so
7f4ef4564000-7f4ef4565000 rw-p 00108000 08:05 2359393                    /lib/x86_64-linux-gnu/libm-2.23.so
7f4ef4565000-7f4ef5234000 r-xp 00000000 08:05 536836                     /usr/lib/jvm/java-8-oracle/jre/lib/amd64/server/libjvm.so
7f4ef5234000-7f4ef5434000 ---p 00ccf000 08:05 536836                     /usr/lib/jvm/java-8-oracle/jre/lib/amd64/server/libjvm.so
7f4ef5434000-7f4ef550d000 rw-p 00ccf000 08:05 536836                     /usr/lib/jvm/java-8-oracle/jre/lib/amd64/server/libjvm.so
7f4ef550d000-7f4ef5558000 rw-p 00000000 00:00 0 
7f4ef5558000-7f4ef5718000 r-xp 00000000 08:05 2363829                    /lib/x86_64-linux-gnu/libc-2.23.so
7f4ef5718000-7f4ef5918000 ---p 001c0000 08:05 2363829                    /lib/x86_64-linux-gnu/libc-2.23.so
7f4ef5918000-7f4ef591c000 r--p 001c0000 08:05 2363829                    /lib/x86_64-linux-gnu/libc-2.23.so
7f4ef591c000-7f4ef591e000 rw-p 001c4000 08:05 2363829                    /lib/x86_64-linux-gnu/libc-2.23.so
7f4ef591e000-7f4ef5922000 rw-p 00000000 00:00 0 
7f4ef5922000-7f4ef5925000 r-xp 00000000 08:05 2359387                    /lib/x86_64-linux-gnu/libdl-2.23.so
7f4ef5925000-7f4ef5b24000 ---p 00003000 08:05 2359387                    /lib/x86_64-linux-gnu/libdl-2.23.so
7f4ef5b24000-7f4ef5b25000 r--p 00002000 08:05 2359387                    /lib/x86_64-linux-gnu/libdl-2.23.so
7f4ef5b25000-7f4ef5b26000 rw-p 00003000 08:05 2359387                    /lib/x86_64-linux-gnu/libdl-2.23.so
7f4ef5b26000-7f4ef5b3b000 r-xp 00000000 08:05 536831                     /usr/lib/jvm/java-8-oracle/jre/lib/amd64/jli/libjli.so
7f4ef5b3b000-7f4ef5d3b000 ---p 00015000 08:05 536831                     /usr/lib/jvm/java-8-oracle/jre/lib/amd64/jli/libjli.so
7f4ef5d3b000-7f4ef5d3c000 rw-p 00015000 08:05 536831                     /usr/lib/jvm/java-8-oracle/jre/lib/amd64/jli/libjli.so
7f4ef5d3c000-7f4ef5d54000 r-xp 00000000 08:05 2359381                    /lib/x86_64-linux-gnu/libpthread-2.23.so
7f4ef5d54000-7f4ef5f53000 ---p 00018000 08:05 2359381                    /lib/x86_64-linux-gnu/libpthread-2.23.so
7f4ef5f53000-7f4ef5f54000 r--p 00017000 08:05 2359381                    /lib/x86_64-linux-gnu/libpthread-2.23.so
7f4ef5f54000-7f4ef5f55000 rw-p 00018000 08:05 2359381                    /lib/x86_64-linux-gnu/libpthread-2.23.so
7f4ef5f55000-7f4ef5f59000 rw-p 00000000 00:00 0 
7f4ef5f59000-7f4ef5f7f000 r-xp 00000000 08:05 2359310                    /lib/x86_64-linux-gnu/ld-2.23.so
7f4ef5f80000-7f4ef5f88000 r--s 00045000 08:05 927250                     /home/vigna/.m2/repository/junit/junit/4.12/junit-4.12.jar
7f4ef5f88000-7f4ef5f91000 r--s 0006f000 08:05 1450832                    /home/vigna/.m2/repository/log4j/log4j/1.2.17/log4j-1.2.17.jar
7f4ef5f91000-7f4ef5f95000 r--s 00019000 08:05 2104152                    /home/vigna/.m2/repository/com/googlecode/concurrentlinkedhashmap/concurrentlinkedhashmap-lru/1.4.1/concurrentlinkedhashmap-lru-1.4.1.jar
7f4ef5f95000-7f4ef5fa1000 r--s 0007c000 08:05 933887                     /home/vigna/.m2/repository/redis/clients/jedis/2.9.0/jedis-2.9.0.jar
7f4ef5fa1000-7f4ef605f000 rw-p 00000000 00:00 0 
7f4ef605f000-7f4ef6062000 ---p 00000000 00:00 0 
7f4ef6062000-7f4ef6164000 rw-p 00000000 00:00 0 
7f4ef6164000-7f4ef6166000 r--s 00009000 08:05 1606121                    /home/vigna/.m2/repository/org/hamcrest/hamcrest-core/1.3/hamcrest-core-1.3.jar
7f4ef6166000-7f4ef6169000 r--s 00067000 08:05 2104109                    /home/vigna/.m2/repository/org/xerial/snappy/snappy-java/1.1.0.1/snappy-java-1.1.0.1.jar
7f4ef6169000-7f4ef616a000 r--s 00001000 08:05 1978826                    /home/vigna/repoLocaleProgetto/negozio/negozio-redis/target/negozio-redis-0.0.1-SNAPSHOT-tests.jar
7f4ef616a000-7f4ef616d000 r--s 00019000 08:05 1318358                    /home/vigna/.m2/repository/org/apache/commons/commons-pool2/2.4.2/commons-pool2-2.4.2.jar
7f4ef616d000-7f4ef616e000 r--s 00001000 08:05 1978824                    /home/vigna/repoLocaleProgetto/negozio/negozio-redis/target/negozio-redis-0.0.1-SNAPSHOT.jar
7f4ef616e000-7f4ef6170000 r--s 00003000 08:05 1859462                    /home/vigna/repoLocaleProgetto/negozio/negozio-concreto/target/negozio-concreto-0.0.1-SNAPSHOT-tests.jar
7f4ef6170000-7f4ef6171000 r--s 00002000 08:05 1859461                    /home/vigna/repoLocaleProgetto/negozio/negozio-concreto/target/negozio-concreto-0.0.1-SNAPSHOT.jar
7f4ef6171000-7f4ef6172000 r--s 00001000 08:05 3296841                    /tmp/15023576334920114891237048089681893118897336117662.jar
7f4ef6172000-7f4ef617a000 rw-s 00000000 08:05 3296838                    /tmp/hsperfdata_vigna/32253
7f4ef617a000-7f4ef617b000 rw-p 00000000 00:00 0 
7f4ef617b000-7f4ef617c000 ---p 00000000 00:00 0 
7f4ef617c000-7f4ef617e000 rw-p 00000000 00:00 0 
7f4ef617e000-7f4ef617f000 r--p 00025000 08:05 2359310                    /lib/x86_64-linux-gnu/ld-2.23.so
7f4ef617f000-7f4ef6180000 rw-p 00026000 08:05 2359310                    /lib/x86_64-linux-gnu/ld-2.23.so
7f4ef6180000-7f4ef6181000 rw-p 00000000 00:00 0 
7ffeb61d2000-7ffeb61f3000 rw-p 00000000 00:00 0                          [stack]
7ffeb61f9000-7ffeb61fb000 r--p 00000000 00:00 0                          [vvar]
7ffeb61fb000-7ffeb61fd000 r-xp 00000000 00:00 0                          [vdso]
ffffffffff600000-ffffffffff601000 r-xp 00000000 00:00 0                  [vsyscall]

VM Arguments:
jvm_args: -javaagent:/tmp/15023576334920114891237048089681893118897336117662.jar -Dmaven.home=EMBEDDED -Dclassworlds.conf=/home/vigna/progettoTAP/.metadata/.plugins/org.eclipse.m2e.launching/launches/m2conf4125971157112793491.tmp -Dmaven.multiModuleProjectDirectory=/home/vigna/repoLocaleProgetto/negozio -Dfile.encoding=UTF-8 
java_command: org.pitest.mutationtest.execute.MutationTestMinion 34235
java_class_path (initial): :/home/vigna/repoLocaleProgetto/negozio/negozio-orientDB/target/test-classes:/home/vigna/repoLocaleProgetto/negozio/negozio-orientDB/target/classes:/home/vigna/repoLocaleProgetto/negozio/negozio-concreto/target/negozio-concreto-0.0.1-SNAPSHOT.jar:/home/vigna/repoLocaleProgetto/negozio/negozio-concreto/target/negozio-concreto-0.0.1-SNAPSHOT-tests.jar:/home/vigna/repoLocaleProgetto/negozio/negozio-redis/target/negozio-redis-0.0.1-SNAPSHOT.jar:/home/vigna/.m2/repository/redis/clients/jedis/2.9.0/jedis-2.9.0.jar:/home/vigna/.m2/repository/org/apache/commons/commons-pool2/2.4.2/commons-pool2-2.4.2.jar:/home/vigna/repoLocaleProgetto/negozio/negozio-redis/target/negozio-redis-0.0.1-SNAPSHOT-tests.jar:/home/vigna/.m2/repository/com/orientechnologies/orientdb-core/2.2.23/orientdb-core-2.2.23.jar:/home/vigna/.m2/repository/org/xerial/snappy/snappy-java/1.1.0.1/snappy-java-1.1.0.1.jar:/home/vigna/.m2/repository/com/googlecode/concurrentlinkedhashmap/concurrentlinkedhashmap-lru/1.4.1/concurrentlinkedhashmap-lru-1.4.1.jar:/home/vigna/.m2/repository/log4j/log4j/1.2.17/log4j-1.2.17.jar:/home/vigna/.m2/repository/junit/junit/4.12/junit-4.12.jar:/home/vigna/.m2/repository/org/hamcrest/hamcrest-core/1.3/hamcrest-core-1.3.jar:/home/vigna/.m2/repository/org/pitest/pitest/1.1.10/pitest-1.1.10.jar:/tmp/15023576334920114891237048089681893118897336117662.jar
Launcher Type: SUN_STANDARD

Environment Variables:
JAVA_HOME=/usr/lib/jvm/java-8-oracle
CLASSPATH=:/home/vigna/repoLocaleProgetto/negozio/negozio-orientDB/target/test-classes:/home/vigna/repoLocaleProgetto/negozio/negozio-orientDB/target/classes:/home/vigna/repoLocaleProgetto/negozio/negozio-concreto/target/negozio-concreto-0.0.1-SNAPSHOT.jar:/home/vigna/repoLocaleProgetto/negozio/negozio-concreto/target/negozio-concreto-0.0.1-SNAPSHOT-tests.jar:/home/vigna/repoLocaleProgetto/negozio/negozio-redis/target/negozio-redis-0.0.1-SNAPSHOT.jar:/home/vigna/.m2/repository/redis/clients/jedis/2.9.0/jedis-2.9.0.jar:/home/vigna/.m2/repository/org/apache/commons/commons-pool2/2.4.2/commons-pool2-2.4.2.jar:/home/vigna/repoLocaleProgetto/negozio/negozio-redis/target/negozio-redis-0.0.1-SNAPSHOT-tests.jar:/home/vigna/.m2/repository/com/orientechnologies/orientdb-core/2.2.23/orientdb-core-2.2.23.jar:/home/vigna/.m2/repository/org/xerial/snappy/snappy-java/1.1.0.1/snappy-java-1.1.0.1.jar:/home/vigna/.m2/repository/com/googlecode/concurrentlinkedhashmap/concurrentlinkedhashmap-lru/1.4.1/concurrentlinkedhashmap-lru-1.4.1.jar:/home/vigna/.m2/repository/log4j/log4j/1.2.17/log4j-1.2.17.jar:/home/vigna/.m2/repository/junit/junit/4.12/junit-4.12.jar:/home/vigna/.m2/repository/org/hamcrest/hamcrest-core/1.3/hamcrest-core-1.3.jar:/home/vigna/.m2/repository/org/pitest/pitest/1.1.10/pitest-1.1.10.jar
PATH=/home/vigna/bin:/home/vigna/.local/bin:/usr/local/sbin:/usr/local/bin:/usr/sbin:/usr/bin:/sbin:/bin:/usr/games:/usr/local/games:/snap/bin:/usr/lib/jvm/java-8-oracle/bin:/usr/lib/jvm/java-8-oracle/db/bin:/usr/lib/jvm/java-8-oracle/jre/bin
SHELL=/bin/bash
DISPLAY=:0

Signal Handlers:
SIGSEGV: [libjvm.so+0xac8af0], sa_mask[0]=11111111011111111101111111111110, sa_flags=SA_RESTART|SA_SIGINFO
SIGBUS: [libjvm.so+0xac8af0], sa_mask[0]=11111111011111111101111111111110, sa_flags=SA_RESTART|SA_SIGINFO
SIGFPE: [libjvm.so+0x921dd0], sa_mask[0]=11111111011111111101111111111110, sa_flags=SA_RESTART|SA_SIGINFO
SIGPIPE: [libjvm.so+0x921dd0], sa_mask[0]=11111111011111111101111111111110, sa_flags=SA_RESTART|SA_SIGINFO
SIGXFSZ: [libjvm.so+0x921dd0], sa_mask[0]=11111111011111111101111111111110, sa_flags=SA_RESTART|SA_SIGINFO
SIGILL: [libjvm.so+0x921dd0], sa_mask[0]=11111111011111111101111111111110, sa_flags=SA_RESTART|SA_SIGINFO
SIGUSR1: SIG_DFL, sa_mask[0]=00000000000000000000000000000000, sa_flags=none
SIGUSR2: [libjvm.so+0x923610], sa_mask[0]=00100000000000000000000000000000, sa_flags=SA_RESTART|SA_SIGINFO
SIGHUP: [libjvm.so+0x924a10], sa_mask[0]=11111111011111111101111111111110, sa_flags=SA_RESTART|SA_SIGINFO
SIGINT: [libjvm.so+0x924a10], sa_mask[0]=11111111011111111101111111111110, sa_flags=SA_RESTART|SA_SIGINFO
SIGTERM: [libjvm.so+0x924a10], sa_mask[0]=11111111011111111101111111111110, sa_flags=SA_RESTART|SA_SIGINFO
SIGQUIT: [libjvm.so+0x924a10], sa_mask[0]=11111111011111111101111111111110, sa_flags=SA_RESTART|SA_SIGINFO


---------------  S Y S T E M  ---------------

OS:DISTRIB_ID=Ubuntu
DISTRIB_RELEASE=16.04
DISTRIB_CODENAME=xenial
DISTRIB_DESCRIPTION="Ubuntu 16.04.2 LTS"

uname:Linux 4.10.0-28-generic #32~16.04.2-Ubuntu SMP Thu Jul 20 10:19:48 UTC 2017 x86_64
libc:glibc 2.23 NPTL 2.23 
rlimit: STACK 8192k, CORE 0k, NPROC 15495, NOFILE 65536, AS infinity
load average:10,42 6,12 3,45

/proc/meminfo:
MemTotal:        4011316 kB
MemFree:          835812 kB
MemAvailable:    1050256 kB
Buffers:           28036 kB
Cached:           405968 kB
SwapCached:        48348 kB
Active:          2129924 kB
Inactive:         806308 kB
Active(anon):    1933672 kB
Inactive(anon):   609584 kB
Active(file):     196252 kB
Inactive(file):   196724 kB
Unevictable:          48 kB
Mlocked:              48 kB
SwapTotal:       4159484 kB
SwapFree:        3581528 kB
Dirty:              2392 kB
Writeback:             0 kB
AnonPages:       2498812 kB
Mapped:           275272 kB
Shmem:             40976 kB
Slab:             116216 kB
SReclaimable:      53092 kB
SUnreclaim:        63124 kB
KernelStack:       11748 kB
PageTables:        42208 kB
NFS_Unstable:          0 kB
Bounce:                0 kB
WritebackTmp:          0 kB
CommitLimit:     6165140 kB
Committed_AS:    8124932 kB
VmallocTotal:   34359738367 kB
VmallocUsed:           0 kB
VmallocChunk:          0 kB
HardwareCorrupted:     0 kB
AnonHugePages:    872448 kB
ShmemHugePages:        0 kB
ShmemPmdMapped:        0 kB
CmaTotal:              0 kB
CmaFree:               0 kB
HugePages_Total:       0
HugePages_Free:        0
HugePages_Rsvd:        0
HugePages_Surp:        0
Hugepagesize:       2048 kB
DirectMap4k:      255564 kB
DirectMap2M:     3905536 kB


CPU:total 2 (initial active 2) (2 cores per cpu, 1 threads per core) family 6 model 23 stepping 10, cmov, cx8, fxsr, mmx, sse, sse2, sse3, ssse3, sse4.1, tsc

/proc/cpuinfo:
processor	: 0
vendor_id	: GenuineIntel
cpu family	: 6
model		: 23
model name	: Intel(R) Core(TM)2 Duo CPU     T6600  @ 2.20GHz
stepping	: 10
microcode	: 0xa0b
cpu MHz		: 2200.000
cache size	: 2048 KB
physical id	: 0
siblings	: 2
core id		: 0
cpu cores	: 2
apicid		: 0
initial apicid	: 0
fpu		: yes
fpu_exception	: yes
cpuid level	: 13
wp		: yes
flags		: fpu vme de pse tsc msr pae mce cx8 apic sep mtrr pge mca cmov pat pse36 clflush dts acpi mmx fxsr sse sse2 ss ht tm pbe syscall nx lm constant_tsc arch_perfmon pebs bts rep_good nopl aperfmperf pni dtes64 monitor ds_cpl est tm2 ssse3 cx16 xtpr pdcm sse4_1 xsave lahf_lm dtherm
bugs		:
bogomips	: 4388.98
clflush size	: 64
cache_alignment	: 64
address sizes	: 36 bits physical, 48 bits virtual
power management:

processor	: 1
vendor_id	: GenuineIntel
cpu family	: 6
model		: 23
model name	: Intel(R) Core(TM)2 Duo CPU     T6600  @ 2.20GHz
stepping	: 10
microcode	: 0xa0b
cpu MHz		: 2200.000
cache size	: 2048 KB
physical id	: 0
siblings	: 2
core id		: 1
cpu cores	: 2
apicid		: 1
initial apicid	: 1
fpu		: yes
fpu_exception	: yes
cpuid level	: 13
wp		: yes
flags		: fpu vme de pse tsc msr pae mce cx8 apic sep mtrr pge mca cmov pat pse36 clflush dts acpi mmx fxsr sse sse2 ss ht tm pbe syscall nx lm constant_tsc arch_perfmon pebs bts rep_good nopl aperfmperf pni dtes64 monitor ds_cpl est tm2 ssse3 cx16 xtpr pdcm sse4_1 xsave lahf_lm dtherm
bugs		:
bogomips	: 4388.98
clflush size	: 64
cache_alignment	: 64
address sizes	: 36 bits physical, 48 bits virtual
power management:



Memory: 4k page, physical 4011316k(835812k free), swap 4159484k(3581528k free)

vm_info: Java HotSpot(TM) 64-Bit Server VM (25.131-b11) for linux-amd64 JRE (1.8.0_131-b11), built on Mar 15 2017 01:23:40 by "java_re" with gcc 4.3.0 20080428 (Red Hat 4.3.0-8)

time: Thu Aug 10 11:36:42 2017
elapsed time: 5 seconds (0d 0h 0m 5s)

